2026-04-04 19:30:05 | INFO     | Pokretanje custom hardcore porta | mode=train | algo=td3 | backbone=lstm | history=6 | frame_skip=2 | fall_penalty=-10.0 | lr=0.0004 | batch=64 | gamma=0.98 | alpha=0.01 | tau=0.01 | device=auto
2026-04-04 19:30:05 | INFO     | Custom hardcore trening | episodes=1500 | explore_ep=50 | eval_every=200 | eval_ep=20 | max_steps=750
2026-04-04 19:30:05 | INFO     | Episode 1 | raw=-125.79 | shaped=-35.79 | avg100_raw=-125.79 | steps=50
2026-04-04 19:30:05 | INFO     | Episode 2 | raw=-117.92 | shaped=-27.92 | avg100_raw=-121.86 | steps=47
2026-04-04 19:30:06 | INFO     | Episode 3 | raw=-135.68 | shaped=-45.68 | avg100_raw=-126.46 | steps=310
2026-04-04 19:30:06 | INFO     | Episode 4 | raw=-114.53 | shaped=-24.53 | avg100_raw=-123.48 | steps=51
2026-04-04 19:30:06 | INFO     | Episode 5 | raw=-102.63 | shaped=-12.63 | avg100_raw=-119.31 | steps=38
2026-04-04 19:30:06 | INFO     | Episode 6 | raw=-103.37 | shaped=-13.37 | avg100_raw=-116.65 | steps=31
2026-04-04 19:30:06 | INFO     | Episode 7 | raw=-95.21 | shaped=-5.21 | avg100_raw=-113.59 | steps=33
2026-04-04 19:30:06 | INFO     | Episode 8 | raw=-102.86 | shaped=-12.86 | avg100_raw=-112.25 | steps=36
2026-04-04 19:30:06 | INFO     | Episode 9 | raw=-98.58 | shaped=-8.58 | avg100_raw=-110.73 | steps=42
2026-04-04 19:30:06 | INFO     | Episode 10 | raw=-107.92 | shaped=-17.92 | avg100_raw=-110.45 | steps=101
2026-04-04 19:30:06 | INFO     | Episode 11 | raw=-95.64 | shaped=-5.64 | avg100_raw=-109.10 | steps=259
2026-04-04 19:30:06 | INFO     | Episode 12 | raw=-117.48 | shaped=-27.48 | avg100_raw=-109.80 | steps=27
2026-04-04 19:30:06 | INFO     | Episode 13 | raw=-101.07 | shaped=-11.07 | avg100_raw=-109.13 | steps=34
2026-04-04 19:30:07 | INFO     | Episode 14 | raw=-101.97 | shaped=-11.97 | avg100_raw=-108.62 | steps=36
2026-04-04 19:30:07 | INFO     | Episode 15 | raw=-126.17 | shaped=-36.17 | avg100_raw=-109.79 | steps=266
2026-04-04 19:30:07 | INFO     | Episode 16 | raw=-134.79 | shaped=-44.79 | avg100_raw=-111.35 | steps=149
2026-04-04 19:30:07 | INFO     | Episode 17 | raw=-122.11 | shaped=-32.11 | avg100_raw=-111.98 | steps=68
2026-04-04 19:30:07 | INFO     | Episode 18 | raw=-124.93 | shaped=-34.93 | avg100_raw=-112.70 | steps=75
2026-04-04 19:30:07 | INFO     | Episode 19 | raw=-114.15 | shaped=-24.15 | avg100_raw=-112.78 | steps=66
2026-04-04 19:30:07 | INFO     | Episode 20 | raw=-103.82 | shaped=-13.82 | avg100_raw=-112.33 | steps=49
2026-04-04 19:30:07 | INFO     | Episode 21 | raw=-126.92 | shaped=-36.92 | avg100_raw=-113.03 | steps=41
2026-04-04 19:30:08 | INFO     | Episode 22 | raw=-128.01 | shaped=-38.01 | avg100_raw=-113.71 | steps=267
2026-04-04 19:30:08 | INFO     | Episode 23 | raw=-109.87 | shaped=-19.87 | avg100_raw=-113.54 | steps=27
2026-04-04 19:30:08 | INFO     | Episode 24 | raw=-114.18 | shaped=-24.18 | avg100_raw=-113.57 | steps=26
2026-04-04 19:30:08 | INFO     | Episode 25 | raw=-133.03 | shaped=-43.03 | avg100_raw=-114.35 | steps=63
2026-04-04 19:30:08 | INFO     | Episode 26 | raw=-108.90 | shaped=-18.90 | avg100_raw=-114.14 | steps=25
2026-04-04 19:30:08 | INFO     | Episode 27 | raw=-121.21 | shaped=-31.21 | avg100_raw=-114.40 | steps=56
2026-04-04 19:30:08 | INFO     | Episode 28 | raw=-103.10 | shaped=-13.10 | avg100_raw=-113.99 | steps=38
2026-04-04 19:30:08 | INFO     | Episode 29 | raw=-98.84 | shaped=-8.84 | avg100_raw=-113.47 | steps=91
2026-04-04 19:30:08 | INFO     | Episode 30 | raw=-107.79 | shaped=-17.79 | avg100_raw=-113.28 | steps=248
2026-04-04 19:30:08 | INFO     | Episode 31 | raw=-125.56 | shaped=-35.56 | avg100_raw=-113.68 | steps=56
2026-04-04 19:30:08 | INFO     | Episode 32 | raw=-116.33 | shaped=-26.33 | avg100_raw=-113.76 | steps=43
2026-04-04 19:30:08 | INFO     | Episode 33 | raw=-105.15 | shaped=-15.15 | avg100_raw=-113.50 | steps=47
2026-04-04 19:30:08 | INFO     | Episode 34 | raw=-108.47 | shaped=-18.47 | avg100_raw=-113.35 | steps=24
2026-04-04 19:30:09 | INFO     | Episode 35 | raw=-110.64 | shaped=-20.64 | avg100_raw=-113.27 | steps=27
2026-04-04 19:30:09 | INFO     | Episode 36 | raw=-99.99 | shaped=-9.99 | avg100_raw=-112.91 | steps=34
2026-04-04 19:30:09 | INFO     | Episode 37 | raw=-107.40 | shaped=-17.40 | avg100_raw=-112.76 | steps=67
2026-04-04 19:30:09 | INFO     | Episode 38 | raw=-107.56 | shaped=-17.56 | avg100_raw=-112.62 | steps=32
2026-04-04 19:30:09 | INFO     | Episode 39 | raw=-116.89 | shaped=-26.89 | avg100_raw=-112.73 | steps=28
2026-04-04 19:30:09 | INFO     | Episode 40 | raw=-115.44 | shaped=-25.44 | avg100_raw=-112.80 | steps=40
2026-04-04 19:30:09 | INFO     | Episode 41 | raw=-92.05 | shaped=-2.05 | avg100_raw=-112.29 | steps=86
2026-04-04 19:30:09 | INFO     | Episode 42 | raw=-119.21 | shaped=-29.21 | avg100_raw=-112.46 | steps=33
2026-04-04 19:30:09 | INFO     | Episode 43 | raw=-130.17 | shaped=-40.17 | avg100_raw=-112.87 | steps=216
2026-04-04 19:30:09 | INFO     | Episode 44 | raw=-104.88 | shaped=-14.88 | avg100_raw=-112.69 | steps=32
2026-04-04 19:30:09 | INFO     | Episode 45 | raw=-121.16 | shaped=-31.16 | avg100_raw=-112.87 | steps=37
2026-04-04 19:30:09 | INFO     | Episode 46 | raw=-124.26 | shaped=-34.26 | avg100_raw=-113.12 | steps=52
2026-04-04 19:30:09 | INFO     | Episode 47 | raw=-117.83 | shaped=-27.83 | avg100_raw=-113.22 | steps=42
2026-04-04 19:30:09 | INFO     | Episode 48 | raw=-103.01 | shaped=-13.01 | avg100_raw=-113.01 | steps=58
2026-04-04 19:30:09 | INFO     | Episode 49 | raw=-101.09 | shaped=-11.09 | avg100_raw=-112.77 | steps=45
2026-04-04 19:30:10 | INFO     | Episode 50 | raw=-97.62 | shaped=-7.62 | avg100_raw=-112.46 | steps=242
2026-04-04 19:30:10 | INFO     | Episode 51 | raw=-119.76 | shaped=-29.76 | avg100_raw=-112.61 | steps=55
2026-04-04 19:30:11 | INFO     | Episode 52 | raw=-108.95 | shaped=-18.95 | avg100_raw=-112.54 | steps=23
2026-04-04 19:30:11 | INFO     | Episode 53 | raw=-120.46 | shaped=-30.46 | avg100_raw=-112.69 | steps=23
2026-04-04 19:30:11 | INFO     | Episode 54 | raw=-116.68 | shaped=-26.68 | avg100_raw=-112.76 | steps=22
2026-04-04 19:30:12 | INFO     | Episode 55 | raw=-111.30 | shaped=-21.30 | avg100_raw=-112.73 | steps=39
2026-04-04 19:30:12 | INFO     | Episode 56 | raw=-122.04 | shaped=-32.04 | avg100_raw=-112.90 | steps=23
2026-04-04 19:30:13 | INFO     | Episode 57 | raw=-115.54 | shaped=-25.54 | avg100_raw=-112.95 | steps=68
2026-04-04 19:30:14 | INFO     | Episode 58 | raw=-121.33 | shaped=-31.33 | avg100_raw=-113.09 | steps=22
2026-04-04 19:30:14 | INFO     | Episode 59 | raw=-112.56 | shaped=-22.56 | avg100_raw=-113.08 | steps=45
2026-04-04 19:30:15 | INFO     | Episode 60 | raw=-116.72 | shaped=-26.72 | avg100_raw=-113.14 | steps=36
2026-04-04 19:30:15 | INFO     | Episode 61 | raw=-116.94 | shaped=-26.94 | avg100_raw=-113.20 | steps=34
2026-04-04 19:30:16 | INFO     | Episode 62 | raw=-116.67 | shaped=-26.67 | avg100_raw=-113.26 | steps=35
2026-04-04 19:30:16 | INFO     | Episode 63 | raw=-117.39 | shaped=-27.39 | avg100_raw=-113.33 | steps=41
2026-04-04 19:30:17 | INFO     | Episode 64 | raw=-117.89 | shaped=-27.89 | avg100_raw=-113.40 | steps=35
2026-04-04 19:30:17 | INFO     | Episode 65 | raw=-117.96 | shaped=-27.96 | avg100_raw=-113.47 | steps=40
2026-04-04 19:30:18 | INFO     | Episode 66 | raw=-116.98 | shaped=-26.98 | avg100_raw=-113.52 | steps=35
2026-04-04 19:30:19 | INFO     | Episode 67 | raw=-118.05 | shaped=-28.05 | avg100_raw=-113.59 | steps=36
2026-04-04 19:30:19 | INFO     | Episode 68 | raw=-114.44 | shaped=-24.44 | avg100_raw=-113.60 | steps=28
2026-04-04 19:30:20 | INFO     | Episode 69 | raw=-117.45 | shaped=-27.45 | avg100_raw=-113.66 | steps=39
2026-04-04 19:30:21 | INFO     | Episode 70 | raw=-118.60 | shaped=-28.60 | avg100_raw=-113.73 | steps=40
2026-04-04 19:30:21 | INFO     | Episode 71 | raw=-116.78 | shaped=-26.78 | avg100_raw=-113.77 | steps=35
2026-04-04 19:30:22 | INFO     | Episode 72 | raw=-116.62 | shaped=-26.62 | avg100_raw=-113.81 | steps=35
2026-04-04 19:30:23 | INFO     | Episode 73 | raw=-116.73 | shaped=-26.73 | avg100_raw=-113.85 | steps=34
2026-04-04 19:30:23 | INFO     | Episode 74 | raw=-116.74 | shaped=-26.74 | avg100_raw=-113.89 | steps=36
2026-04-04 19:30:24 | INFO     | Episode 75 | raw=-117.05 | shaped=-27.05 | avg100_raw=-113.93 | steps=40
2026-04-04 19:30:24 | INFO     | Episode 76 | raw=-117.90 | shaped=-27.90 | avg100_raw=-113.98 | steps=40
2026-04-04 19:30:25 | INFO     | Episode 77 | raw=-118.14 | shaped=-28.14 | avg100_raw=-114.04 | steps=36
2026-04-04 19:30:26 | INFO     | Episode 78 | raw=-117.90 | shaped=-27.90 | avg100_raw=-114.09 | steps=40
2026-04-04 19:30:26 | INFO     | Episode 79 | raw=-116.65 | shaped=-26.65 | avg100_raw=-114.12 | steps=34
2026-04-04 19:30:27 | INFO     | Episode 80 | raw=-116.44 | shaped=-26.44 | avg100_raw=-114.15 | steps=34
2026-04-04 19:30:27 | INFO     | Episode 81 | raw=-117.19 | shaped=-27.19 | avg100_raw=-114.19 | steps=34
2026-04-04 19:30:28 | INFO     | Episode 82 | raw=-117.22 | shaped=-27.22 | avg100_raw=-114.22 | steps=36
2026-04-04 19:30:28 | INFO     | Episode 83 | raw=-118.06 | shaped=-28.06 | avg100_raw=-114.27 | steps=41
2026-04-04 19:30:29 | INFO     | Episode 84 | raw=-117.33 | shaped=-27.33 | avg100_raw=-114.31 | steps=37
2026-04-04 19:30:29 | INFO     | Episode 85 | raw=-117.57 | shaped=-27.57 | avg100_raw=-114.34 | steps=38
2026-04-04 19:30:30 | INFO     | Episode 86 | raw=-116.99 | shaped=-26.99 | avg100_raw=-114.37 | steps=34
2026-04-04 19:30:30 | INFO     | Episode 87 | raw=-117.76 | shaped=-27.76 | avg100_raw=-114.41 | steps=41
2026-04-04 19:30:31 | INFO     | Episode 88 | raw=-118.17 | shaped=-28.17 | avg100_raw=-114.46 | steps=40
2026-04-04 19:30:32 | INFO     | Episode 89 | raw=-118.24 | shaped=-28.24 | avg100_raw=-114.50 | steps=41
2026-04-04 19:30:32 | INFO     | Episode 90 | raw=-118.81 | shaped=-28.81 | avg100_raw=-114.55 | steps=40
2026-04-04 19:30:33 | INFO     | Episode 91 | raw=-115.39 | shaped=-25.39 | avg100_raw=-114.56 | steps=39
2026-04-04 19:30:33 | INFO     | Episode 92 | raw=-116.66 | shaped=-26.66 | avg100_raw=-114.58 | steps=36
2026-04-04 19:30:34 | INFO     | Episode 93 | raw=-117.00 | shaped=-27.00 | avg100_raw=-114.60 | steps=40
2026-04-04 19:30:34 | INFO     | Episode 94 | raw=-116.81 | shaped=-26.81 | avg100_raw=-114.63 | steps=34
2026-04-04 19:30:35 | INFO     | Episode 95 | raw=-119.39 | shaped=-29.39 | avg100_raw=-114.68 | steps=41
2026-04-04 19:30:36 | INFO     | Episode 96 | raw=-118.74 | shaped=-28.74 | avg100_raw=-114.72 | steps=41
2026-04-04 19:30:36 | INFO     | Episode 97 | raw=-118.43 | shaped=-28.43 | avg100_raw=-114.76 | steps=41
2026-04-04 19:30:37 | INFO     | Episode 98 | raw=-116.48 | shaped=-26.48 | avg100_raw=-114.78 | steps=34
2026-04-04 19:30:37 | INFO     | Episode 99 | raw=-118.62 | shaped=-28.62 | avg100_raw=-114.82 | steps=41
2026-04-04 19:30:38 | INFO     | Episode 100 | raw=-116.97 | shaped=-26.97 | avg100_raw=-114.84 | steps=36
2026-04-04 19:30:38 | INFO     | Episode 101 | raw=-115.25 | shaped=-25.25 | avg100_raw=-114.73 | steps=35
2026-04-04 19:30:39 | INFO     | Episode 102 | raw=-117.65 | shaped=-27.65 | avg100_raw=-114.73 | steps=41
2026-04-04 19:30:39 | INFO     | Episode 103 | raw=-116.56 | shaped=-26.56 | avg100_raw=-114.54 | steps=37
2026-04-04 19:30:40 | INFO     | Episode 104 | raw=-116.83 | shaped=-26.83 | avg100_raw=-114.56 | steps=36
2026-04-04 19:30:40 | INFO     | Episode 105 | raw=-117.99 | shaped=-27.99 | avg100_raw=-114.71 | steps=41
2026-04-04 19:30:41 | INFO     | Episode 106 | raw=-116.58 | shaped=-26.58 | avg100_raw=-114.85 | steps=36
2026-04-04 19:30:42 | INFO     | Episode 107 | raw=-117.09 | shaped=-27.09 | avg100_raw=-115.07 | steps=34
2026-04-04 19:30:42 | INFO     | Episode 108 | raw=-117.29 | shaped=-27.29 | avg100_raw=-115.21 | steps=34
2026-04-04 19:30:43 | INFO     | Episode 109 | raw=-117.19 | shaped=-27.19 | avg100_raw=-115.40 | steps=34
2026-04-04 19:30:43 | INFO     | Episode 110 | raw=-117.61 | shaped=-27.61 | avg100_raw=-115.49 | steps=36
2026-04-04 19:30:44 | INFO     | Episode 111 | raw=-117.50 | shaped=-27.50 | avg100_raw=-115.71 | steps=39
2026-04-04 19:30:44 | INFO     | Episode 112 | raw=-117.15 | shaped=-27.15 | avg100_raw=-115.71 | steps=34
2026-04-04 19:30:45 | INFO     | Episode 113 | raw=-118.02 | shaped=-28.02 | avg100_raw=-115.88 | steps=42
2026-04-04 19:30:45 | INFO     | Episode 114 | raw=-115.85 | shaped=-25.85 | avg100_raw=-116.02 | steps=34
2026-04-04 19:30:46 | INFO     | Episode 115 | raw=-116.43 | shaped=-26.43 | avg100_raw=-115.92 | steps=34
2026-04-04 19:30:46 | INFO     | Episode 116 | raw=-116.38 | shaped=-26.38 | avg100_raw=-115.73 | steps=34
2026-04-04 19:30:47 | INFO     | Episode 117 | raw=-116.33 | shaped=-26.33 | avg100_raw=-115.68 | steps=34
2026-04-04 19:30:47 | INFO     | Episode 118 | raw=-117.45 | shaped=-27.45 | avg100_raw=-115.60 | steps=34
2026-04-04 19:30:48 | INFO     | Episode 119 | raw=-117.12 | shaped=-27.12 | avg100_raw=-115.63 | steps=34
2026-04-04 19:30:48 | INFO     | Episode 120 | raw=-116.98 | shaped=-26.98 | avg100_raw=-115.76 | steps=34
2026-04-04 19:30:49 | INFO     | Episode 121 | raw=-117.07 | shaped=-27.07 | avg100_raw=-115.66 | steps=34
2026-04-04 19:30:49 | INFO     | Episode 122 | raw=-116.61 | shaped=-26.61 | avg100_raw=-115.55 | steps=34
2026-04-04 19:30:50 | INFO     | Episode 123 | raw=-116.93 | shaped=-26.93 | avg100_raw=-115.62 | steps=34
2026-04-04 19:30:51 | INFO     | Episode 124 | raw=-117.00 | shaped=-27.00 | avg100_raw=-115.65 | steps=35
2026-04-04 19:30:51 | INFO     | Episode 125 | raw=-118.34 | shaped=-28.34 | avg100_raw=-115.50 | steps=40
2026-04-04 19:30:52 | INFO     | Episode 126 | raw=-116.93 | shaped=-26.93 | avg100_raw=-115.58 | steps=34
2026-04-04 19:30:52 | INFO     | Episode 127 | raw=-117.46 | shaped=-27.46 | avg100_raw=-115.55 | steps=34
2026-04-04 19:30:53 | INFO     | Episode 128 | raw=-117.12 | shaped=-27.12 | avg100_raw=-115.69 | steps=34
2026-04-04 19:30:53 | INFO     | Episode 129 | raw=-117.61 | shaped=-27.61 | avg100_raw=-115.87 | steps=35
2026-04-04 19:30:54 | INFO     | Episode 130 | raw=-117.36 | shaped=-27.36 | avg100_raw=-115.97 | steps=36
2026-04-04 19:30:55 | INFO     | Episode 131 | raw=-116.98 | shaped=-26.98 | avg100_raw=-115.88 | steps=36
2026-04-04 19:30:55 | INFO     | Episode 132 | raw=-116.82 | shaped=-26.82 | avg100_raw=-115.89 | steps=34
2026-04-04 19:30:56 | INFO     | Episode 133 | raw=-117.39 | shaped=-27.39 | avg100_raw=-116.01 | steps=40
2026-04-04 19:30:56 | INFO     | Episode 134 | raw=-116.72 | shaped=-26.72 | avg100_raw=-116.09 | steps=34
2026-04-04 19:30:57 | INFO     | Episode 135 | raw=-116.52 | shaped=-26.52 | avg100_raw=-116.15 | steps=34
2026-04-04 19:30:58 | INFO     | Episode 136 | raw=-118.07 | shaped=-28.07 | avg100_raw=-116.33 | steps=39
2026-04-04 19:30:58 | INFO     | Episode 137 | raw=-117.35 | shaped=-27.35 | avg100_raw=-116.43 | steps=36
2026-04-04 19:30:59 | INFO     | Episode 138 | raw=-118.56 | shaped=-28.56 | avg100_raw=-116.54 | steps=40
2026-04-04 19:31:00 | INFO     | Episode 139 | raw=-117.71 | shaped=-27.71 | avg100_raw=-116.55 | steps=41
2026-04-04 19:31:00 | INFO     | Episode 140 | raw=-117.22 | shaped=-27.22 | avg100_raw=-116.57 | steps=36
2026-04-04 19:31:01 | INFO     | Episode 141 | raw=-118.64 | shaped=-28.64 | avg100_raw=-116.83 | steps=41
2026-04-04 19:31:01 | INFO     | Episode 142 | raw=-116.46 | shaped=-26.46 | avg100_raw=-116.81 | steps=34
2026-04-04 19:31:02 | INFO     | Episode 143 | raw=-117.82 | shaped=-27.82 | avg100_raw=-116.68 | steps=36
2026-04-04 19:31:03 | INFO     | Episode 144 | raw=-118.92 | shaped=-28.92 | avg100_raw=-116.82 | steps=40
2026-04-04 19:31:03 | INFO     | Episode 145 | raw=-116.53 | shaped=-26.53 | avg100_raw=-116.78 | steps=33
2026-04-04 19:31:04 | INFO     | Episode 146 | raw=-117.19 | shaped=-27.19 | avg100_raw=-116.71 | steps=34
2026-04-04 19:31:05 | INFO     | Episode 147 | raw=-117.50 | shaped=-27.50 | avg100_raw=-116.70 | steps=34
2026-04-04 19:31:05 | INFO     | Episode 148 | raw=-116.48 | shaped=-26.48 | avg100_raw=-116.84 | steps=34
2026-04-04 19:31:06 | INFO     | Episode 149 | raw=-118.16 | shaped=-28.16 | avg100_raw=-117.01 | steps=40
2026-04-04 19:31:07 | INFO     | Episode 150 | raw=-118.14 | shaped=-28.14 | avg100_raw=-117.21 | steps=40
2026-04-04 19:31:07 | INFO     | Episode 151 | raw=-118.15 | shaped=-28.15 | avg100_raw=-117.20 | steps=40
2026-04-04 19:31:08 | INFO     | Episode 152 | raw=-117.20 | shaped=-27.20 | avg100_raw=-117.28 | steps=34
2026-04-04 19:31:09 | INFO     | Episode 153 | raw=-117.37 | shaped=-27.37 | avg100_raw=-117.25 | steps=36
2026-04-04 19:31:09 | INFO     | Episode 154 | raw=-117.42 | shaped=-27.42 | avg100_raw=-117.26 | steps=40
2026-04-04 19:31:10 | INFO     | Episode 155 | raw=-118.31 | shaped=-28.31 | avg100_raw=-117.33 | steps=40
2026-04-04 19:31:11 | INFO     | Episode 156 | raw=-117.13 | shaped=-27.13 | avg100_raw=-117.28 | steps=36
2026-04-04 19:31:11 | INFO     | Episode 157 | raw=-117.96 | shaped=-27.96 | avg100_raw=-117.30 | steps=36
2026-04-04 19:31:12 | INFO     | Episode 158 | raw=-118.26 | shaped=-28.26 | avg100_raw=-117.27 | steps=40
2026-04-04 19:31:13 | INFO     | Episode 159 | raw=-118.26 | shaped=-28.26 | avg100_raw=-117.33 | steps=40
2026-04-04 19:31:13 | INFO     | Episode 160 | raw=-117.11 | shaped=-27.11 | avg100_raw=-117.33 | steps=34
2026-04-04 19:31:14 | INFO     | Episode 161 | raw=-117.35 | shaped=-27.35 | avg100_raw=-117.34 | steps=34
2026-04-04 19:31:14 | INFO     | Episode 162 | raw=-119.18 | shaped=-29.18 | avg100_raw=-117.36 | steps=48
2026-04-04 19:31:15 | INFO     | Episode 163 | raw=-117.12 | shaped=-27.12 | avg100_raw=-117.36 | steps=37
2026-04-04 19:31:16 | INFO     | Episode 164 | raw=-118.77 | shaped=-28.77 | avg100_raw=-117.37 | steps=41
2026-04-04 19:31:16 | INFO     | Episode 165 | raw=-116.47 | shaped=-26.47 | avg100_raw=-117.35 | steps=34
2026-04-04 19:31:17 | INFO     | Episode 166 | raw=-116.06 | shaped=-26.06 | avg100_raw=-117.34 | steps=33
2026-04-04 19:31:17 | INFO     | Episode 167 | raw=-116.67 | shaped=-26.67 | avg100_raw=-117.33 | steps=34
2026-04-04 19:31:18 | INFO     | Episode 168 | raw=-117.83 | shaped=-27.83 | avg100_raw=-117.36 | steps=41
2026-04-04 19:31:19 | INFO     | Episode 169 | raw=-118.07 | shaped=-28.07 | avg100_raw=-117.37 | steps=40
2026-04-04 19:31:20 | INFO     | Episode 170 | raw=-118.34 | shaped=-28.34 | avg100_raw=-117.37 | steps=41
2026-04-04 19:31:20 | INFO     | Episode 171 | raw=-116.84 | shaped=-26.84 | avg100_raw=-117.37 | steps=34
2026-04-04 19:31:21 | INFO     | Episode 172 | raw=-116.94 | shaped=-26.94 | avg100_raw=-117.37 | steps=38
2026-04-04 19:31:21 | INFO     | Episode 173 | raw=-117.11 | shaped=-27.11 | avg100_raw=-117.37 | steps=35
2026-04-04 19:31:22 | INFO     | Episode 174 | raw=-117.09 | shaped=-27.09 | avg100_raw=-117.38 | steps=41
2026-04-04 19:31:23 | INFO     | Episode 175 | raw=-117.91 | shaped=-27.91 | avg100_raw=-117.39 | steps=41
2026-04-04 19:31:24 | INFO     | Episode 176 | raw=-116.82 | shaped=-26.82 | avg100_raw=-117.38 | steps=41
2026-04-04 19:31:24 | INFO     | Episode 177 | raw=-118.05 | shaped=-28.05 | avg100_raw=-117.37 | steps=40
2026-04-04 19:31:25 | INFO     | Episode 178 | raw=-116.98 | shaped=-26.98 | avg100_raw=-117.37 | steps=34
2026-04-04 19:31:26 | INFO     | Episode 179 | raw=-117.72 | shaped=-27.72 | avg100_raw=-117.38 | steps=40
2026-04-04 19:31:26 | INFO     | Episode 180 | raw=-117.31 | shaped=-27.31 | avg100_raw=-117.38 | steps=34
2026-04-04 19:31:27 | INFO     | Episode 181 | raw=-118.19 | shaped=-28.19 | avg100_raw=-117.39 | steps=40
2026-04-04 19:31:28 | INFO     | Episode 182 | raw=-117.46 | shaped=-27.46 | avg100_raw=-117.40 | steps=40
2026-04-04 19:31:28 | INFO     | Episode 183 | raw=-116.56 | shaped=-26.56 | avg100_raw=-117.38 | steps=34
2026-04-04 19:31:29 | INFO     | Episode 184 | raw=-116.47 | shaped=-26.47 | avg100_raw=-117.37 | steps=36
2026-04-04 19:31:29 | INFO     | Episode 185 | raw=-117.42 | shaped=-27.42 | avg100_raw=-117.37 | steps=34
2026-04-04 19:31:30 | INFO     | Episode 186 | raw=-117.44 | shaped=-27.44 | avg100_raw=-117.38 | steps=36
2026-04-04 19:31:30 | INFO     | Episode 187 | raw=-117.25 | shaped=-27.25 | avg100_raw=-117.37 | steps=36
2026-04-04 19:31:31 | INFO     | Episode 188 | raw=-107.34 | shaped=-17.34 | avg100_raw=-117.26 | steps=54
2026-04-04 19:31:32 | INFO     | Episode 189 | raw=-118.40 | shaped=-28.40 | avg100_raw=-117.26 | steps=40
2026-04-04 19:31:32 | INFO     | Episode 190 | raw=-117.52 | shaped=-27.52 | avg100_raw=-117.25 | steps=37
2026-04-04 19:31:33 | INFO     | Episode 191 | raw=-117.34 | shaped=-27.34 | avg100_raw=-117.27 | steps=40
2026-04-04 19:31:34 | INFO     | Episode 192 | raw=-116.89 | shaped=-26.89 | avg100_raw=-117.27 | steps=37
2026-04-04 19:31:34 | INFO     | Episode 193 | raw=-117.63 | shaped=-27.63 | avg100_raw=-117.28 | steps=38
2026-04-04 19:31:35 | INFO     | Episode 194 | raw=-117.17 | shaped=-27.17 | avg100_raw=-117.28 | steps=36
2026-04-04 19:31:35 | INFO     | Episode 195 | raw=-118.58 | shaped=-28.58 | avg100_raw=-117.28 | steps=41
2026-04-04 19:31:36 | INFO     | Episode 196 | raw=-117.26 | shaped=-27.26 | avg100_raw=-117.26 | steps=37
2026-04-04 19:31:36 | INFO     | Episode 197 | raw=-117.01 | shaped=-27.01 | avg100_raw=-117.25 | steps=37
2026-04-04 19:31:37 | INFO     | Episode 198 | raw=-118.30 | shaped=-28.30 | avg100_raw=-117.26 | steps=40
2026-04-04 19:31:38 | INFO     | Episode 199 | raw=-117.47 | shaped=-27.47 | avg100_raw=-117.25 | steps=36
2026-04-04 19:31:38 | INFO     | Episode 200 | raw=-117.24 | shaped=-27.24 | avg100_raw=-117.26 | steps=35
2026-04-04 19:31:39 | INFO     | Eval @ episode 200 | raw_mean=-118.89 | shaped_mean=-28.89 | ckpt=artifacts\hardcore_port\td3_lstm_h6_seed42\checkpoints\ep200.pt
2026-04-04 19:31:39 | INFO     | Novi best_raw checkpoint | -118.89
2026-04-04 19:31:39 | INFO     | Novi best_shaped checkpoint | -28.89
2026-04-04 19:31:40 | INFO     | Episode 201 | raw=-116.81 | shaped=-26.81 | avg100_raw=-117.27 | steps=34
2026-04-04 19:31:40 | INFO     | Episode 202 | raw=-116.07 | shaped=-26.07 | avg100_raw=-117.26 | steps=35
2026-04-04 19:31:41 | INFO     | Episode 203 | raw=-117.90 | shaped=-27.90 | avg100_raw=-117.27 | steps=41
2026-04-04 19:31:42 | INFO     | Episode 204 | raw=-117.94 | shaped=-27.94 | avg100_raw=-117.28 | steps=40
2026-04-04 19:31:42 | INFO     | Episode 205 | raw=-117.20 | shaped=-27.20 | avg100_raw=-117.27 | steps=34
2026-04-04 19:31:43 | INFO     | Episode 206 | raw=-116.58 | shaped=-26.58 | avg100_raw=-117.27 | steps=34
2026-04-04 19:31:43 | INFO     | Episode 207 | raw=-118.10 | shaped=-28.10 | avg100_raw=-117.28 | steps=41
2026-04-04 19:31:44 | INFO     | Episode 208 | raw=-116.98 | shaped=-26.98 | avg100_raw=-117.28 | steps=34
2026-04-04 19:31:44 | INFO     | Episode 209 | raw=-117.06 | shaped=-27.06 | avg100_raw=-117.28 | steps=34
2026-04-04 19:31:45 | INFO     | Episode 210 | raw=-117.51 | shaped=-27.51 | avg100_raw=-117.28 | steps=35
2026-04-04 19:31:45 | INFO     | Episode 211 | raw=-118.23 | shaped=-28.23 | avg100_raw=-117.28 | steps=41
2026-04-04 19:31:46 | INFO     | Episode 212 | raw=-117.22 | shaped=-27.22 | avg100_raw=-117.28 | steps=40
2026-04-04 19:31:47 | INFO     | Episode 213 | raw=-117.58 | shaped=-27.58 | avg100_raw=-117.28 | steps=37
2026-04-04 19:31:47 | INFO     | Episode 214 | raw=-117.07 | shaped=-27.07 | avg100_raw=-117.29 | steps=34
2026-04-04 19:31:48 | INFO     | Episode 215 | raw=-116.86 | shaped=-26.86 | avg100_raw=-117.30 | steps=34
2026-04-04 19:31:48 | INFO     | Episode 216 | raw=-118.37 | shaped=-28.37 | avg100_raw=-117.32 | steps=41
2026-04-04 19:31:49 | INFO     | Episode 217 | raw=-116.81 | shaped=-26.81 | avg100_raw=-117.32 | steps=34
2026-04-04 19:31:49 | INFO     | Episode 218 | raw=-116.98 | shaped=-26.98 | avg100_raw=-117.32 | steps=34
2026-04-04 19:31:50 | INFO     | Episode 219 | raw=-117.71 | shaped=-27.71 | avg100_raw=-117.32 | steps=41
2026-04-04 19:31:51 | INFO     | Episode 220 | raw=-116.62 | shaped=-26.62 | avg100_raw=-117.32 | steps=36
2026-04-04 19:31:51 | INFO     | Episode 221 | raw=-118.97 | shaped=-28.97 | avg100_raw=-117.34 | steps=34
2026-04-04 19:31:52 | INFO     | Episode 222 | raw=-116.99 | shaped=-26.99 | avg100_raw=-117.34 | steps=36
2026-04-04 19:31:52 | INFO     | Episode 223 | raw=-117.81 | shaped=-27.81 | avg100_raw=-117.35 | steps=34
2026-04-04 19:31:53 | INFO     | Episode 224 | raw=-116.86 | shaped=-26.86 | avg100_raw=-117.35 | steps=34
2026-04-04 19:31:53 | INFO     | Episode 225 | raw=-116.78 | shaped=-26.78 | avg100_raw=-117.33 | steps=36
2026-04-04 19:31:54 | INFO     | Episode 226 | raw=-116.75 | shaped=-26.75 | avg100_raw=-117.33 | steps=34
2026-04-04 19:31:55 | INFO     | Episode 227 | raw=-115.54 | shaped=-25.54 | avg100_raw=-117.31 | steps=38
2026-04-04 19:31:55 | INFO     | Episode 228 | raw=-117.14 | shaped=-27.14 | avg100_raw=-117.31 | steps=36
2026-04-04 19:31:56 | INFO     | Episode 229 | raw=-117.79 | shaped=-27.79 | avg100_raw=-117.31 | steps=40
2026-04-04 19:31:56 | INFO     | Episode 230 | raw=-117.23 | shaped=-27.23 | avg100_raw=-117.31 | steps=34
2026-04-04 19:31:57 | INFO     | Episode 231 | raw=-117.09 | shaped=-27.09 | avg100_raw=-117.31 | steps=34
2026-04-04 19:31:57 | INFO     | Episode 232 | raw=-117.56 | shaped=-27.56 | avg100_raw=-117.32 | steps=34
2026-04-04 19:31:58 | INFO     | Episode 233 | raw=-116.69 | shaped=-26.69 | avg100_raw=-117.31 | steps=35
2026-04-04 19:31:58 | INFO     | Episode 234 | raw=-117.44 | shaped=-27.44 | avg100_raw=-117.32 | steps=35
2026-04-04 19:31:59 | INFO     | Episode 235 | raw=-118.29 | shaped=-28.29 | avg100_raw=-117.34 | steps=40
2026-04-04 19:32:00 | INFO     | Episode 236 | raw=-117.01 | shaped=-27.01 | avg100_raw=-117.33 | steps=36
2026-04-04 19:32:00 | INFO     | Episode 237 | raw=-118.66 | shaped=-28.66 | avg100_raw=-117.34 | steps=42
2026-04-04 19:32:01 | INFO     | Episode 238 | raw=-117.95 | shaped=-27.95 | avg100_raw=-117.34 | steps=37
2026-04-04 19:32:01 | INFO     | Episode 239 | raw=-117.28 | shaped=-27.28 | avg100_raw=-117.33 | steps=34
2026-04-04 19:32:02 | INFO     | Episode 240 | raw=-117.75 | shaped=-27.75 | avg100_raw=-117.34 | steps=36
2026-04-04 19:32:03 | INFO     | Episode 241 | raw=-117.73 | shaped=-27.73 | avg100_raw=-117.33 | steps=37
2026-04-04 19:32:03 | INFO     | Episode 242 | raw=-117.04 | shaped=-27.04 | avg100_raw=-117.33 | steps=35
2026-04-04 19:32:04 | INFO     | Episode 243 | raw=-117.14 | shaped=-27.14 | avg100_raw=-117.33 | steps=36
2026-04-04 19:32:04 | INFO     | Episode 244 | raw=-117.64 | shaped=-27.64 | avg100_raw=-117.31 | steps=34
2026-04-04 19:32:05 | INFO     | Episode 245 | raw=-117.25 | shaped=-27.25 | avg100_raw=-117.32 | steps=36
2026-04-04 19:32:05 | INFO     | Episode 246 | raw=-117.02 | shaped=-27.02 | avg100_raw=-117.32 | steps=34
2026-04-04 19:32:06 | INFO     | Episode 247 | raw=-117.99 | shaped=-27.99 | avg100_raw=-117.32 | steps=40
2026-04-04 19:32:18 | INFO     | Episode 248 | raw=-128.07 | shaped=-128.07 | avg100_raw=-117.44 | steps=750
2026-04-04 19:32:30 | INFO     | Episode 249 | raw=-143.28 | shaped=-143.28 | avg100_raw=-117.69 | steps=750
2026-04-04 19:32:43 | INFO     | Episode 250 | raw=-145.46 | shaped=-145.46 | avg100_raw=-117.97 | steps=750
2026-04-04 19:32:55 | INFO     | Episode 251 | raw=-142.11 | shaped=-142.11 | avg100_raw=-118.20 | steps=750
2026-04-04 19:33:06 | INFO     | Episode 252 | raw=-145.67 | shaped=-145.67 | avg100_raw=-118.49 | steps=750
2026-04-04 19:33:18 | INFO     | Episode 253 | raw=-142.85 | shaped=-142.85 | avg100_raw=-118.74 | steps=750
2026-04-04 19:33:29 | INFO     | Episode 254 | raw=-142.42 | shaped=-142.42 | avg100_raw=-118.99 | steps=750
2026-04-04 19:33:40 | INFO     | Episode 255 | raw=-144.19 | shaped=-144.19 | avg100_raw=-119.25 | steps=750
2026-04-04 19:33:51 | INFO     | Episode 256 | raw=-143.23 | shaped=-143.23 | avg100_raw=-119.51 | steps=750
2026-04-04 19:34:03 | INFO     | Episode 257 | raw=-143.32 | shaped=-143.32 | avg100_raw=-119.77 | steps=750
2026-04-04 19:34:14 | INFO     | Episode 258 | raw=-146.36 | shaped=-146.36 | avg100_raw=-120.05 | steps=750
2026-04-04 19:34:25 | INFO     | Episode 259 | raw=-143.60 | shaped=-143.60 | avg100_raw=-120.30 | steps=750
2026-04-04 19:34:26 | INFO     | Episode 260 | raw=-130.34 | shaped=-40.34 | avg100_raw=-120.43 | steps=24
2026-04-04 19:34:37 | INFO     | Episode 261 | raw=-154.36 | shaped=-154.36 | avg100_raw=-120.80 | steps=750
2026-04-04 19:34:38 | INFO     | Episode 262 | raw=-115.44 | shaped=-25.44 | avg100_raw=-120.77 | steps=61
2026-04-04 19:34:49 | INFO     | Episode 263 | raw=-145.85 | shaped=-145.85 | avg100_raw=-121.05 | steps=750
2026-04-04 19:35:00 | INFO     | Episode 264 | raw=-142.25 | shaped=-142.25 | avg100_raw=-121.29 | steps=750
2026-04-04 19:35:01 | INFO     | Episode 265 | raw=-113.35 | shaped=-23.35 | avg100_raw=-121.26 | steps=54
2026-04-04 19:35:02 | INFO     | Episode 266 | raw=-116.25 | shaped=-26.25 | avg100_raw=-121.26 | steps=70
2026-04-04 19:35:14 | INFO     | Episode 267 | raw=-144.58 | shaped=-144.58 | avg100_raw=-121.54 | steps=750
2026-04-04 19:35:25 | INFO     | Episode 268 | raw=-142.59 | shaped=-142.59 | avg100_raw=-121.79 | steps=750
2026-04-04 19:35:26 | INFO     | Episode 269 | raw=-115.20 | shaped=-25.20 | avg100_raw=-121.76 | steps=63
2026-04-04 19:35:37 | INFO     | Episode 270 | raw=-144.61 | shaped=-144.61 | avg100_raw=-122.02 | steps=750
2026-04-04 19:35:49 | INFO     | Episode 271 | raw=-146.40 | shaped=-146.40 | avg100_raw=-122.32 | steps=750
2026-04-04 19:35:49 | INFO     | Episode 272 | raw=-128.47 | shaped=-38.47 | avg100_raw=-122.43 | steps=24
2026-04-04 19:36:00 | INFO     | Episode 273 | raw=-144.89 | shaped=-144.89 | avg100_raw=-122.71 | steps=750
2026-04-04 19:36:13 | INFO     | Episode 274 | raw=-146.35 | shaped=-146.35 | avg100_raw=-123.00 | steps=750
2026-04-04 19:36:25 | INFO     | Episode 275 | raw=-144.69 | shaped=-144.69 | avg100_raw=-123.27 | steps=750
2026-04-04 19:36:39 | INFO     | Episode 276 | raw=-142.54 | shaped=-142.54 | avg100_raw=-123.53 | steps=750
2026-04-04 19:36:40 | INFO     | Episode 277 | raw=-122.99 | shaped=-32.99 | avg100_raw=-123.58 | steps=26
2026-04-04 19:36:56 | INFO     | Episode 278 | raw=-147.09 | shaped=-147.09 | avg100_raw=-123.88 | steps=750
2026-04-04 19:37:10 | INFO     | Episode 279 | raw=-143.23 | shaped=-143.23 | avg100_raw=-124.13 | steps=750
2026-04-04 19:37:22 | INFO     | Episode 280 | raw=-155.89 | shaped=-155.89 | avg100_raw=-124.52 | steps=750
2026-04-04 19:37:34 | INFO     | Episode 281 | raw=-134.35 | shaped=-134.35 | avg100_raw=-124.68 | steps=750
2026-04-04 19:37:35 | INFO     | Episode 282 | raw=-116.72 | shaped=-26.72 | avg100_raw=-124.67 | steps=31
2026-04-04 19:37:35 | INFO     | Episode 283 | raw=-111.19 | shaped=-21.19 | avg100_raw=-124.62 | steps=28
2026-04-04 19:37:36 | INFO     | Episode 284 | raw=-117.90 | shaped=-27.90 | avg100_raw=-124.63 | steps=37
2026-04-04 19:37:36 | INFO     | Episode 285 | raw=-112.13 | shaped=-22.13 | avg100_raw=-124.58 | steps=34
2026-04-04 19:37:37 | INFO     | Episode 286 | raw=-113.03 | shaped=-23.03 | avg100_raw=-124.54 | steps=32
2026-04-04 19:37:37 | INFO     | Episode 287 | raw=-109.50 | shaped=-19.50 | avg100_raw=-124.46 | steps=29
2026-04-04 19:37:38 | INFO     | Episode 288 | raw=-108.79 | shaped=-18.79 | avg100_raw=-124.47 | steps=26
2026-04-04 19:37:38 | INFO     | Episode 289 | raw=-109.16 | shaped=-19.16 | avg100_raw=-124.38 | steps=28
2026-04-04 19:37:39 | INFO     | Episode 290 | raw=-118.44 | shaped=-28.44 | avg100_raw=-124.39 | steps=35
2026-04-04 19:37:39 | INFO     | Episode 291 | raw=-109.50 | shaped=-19.50 | avg100_raw=-124.31 | steps=28
2026-04-04 19:37:40 | INFO     | Episode 292 | raw=-113.14 | shaped=-23.14 | avg100_raw=-124.27 | steps=30
2026-04-04 19:37:40 | INFO     | Episode 293 | raw=-108.79 | shaped=-18.79 | avg100_raw=-124.19 | steps=28
2026-04-04 19:37:41 | INFO     | Episode 294 | raw=-121.84 | shaped=-31.84 | avg100_raw=-124.23 | steps=35
2026-04-04 19:37:41 | INFO     | Episode 295 | raw=-108.97 | shaped=-18.97 | avg100_raw=-124.14 | steps=25
2026-04-04 19:37:42 | INFO     | Episode 296 | raw=-107.35 | shaped=-17.35 | avg100_raw=-124.04 | steps=25
2026-04-04 19:37:43 | INFO     | Episode 297 | raw=-111.36 | shaped=-21.36 | avg100_raw=-123.98 | steps=37
2026-04-04 19:37:44 | INFO     | Episode 298 | raw=-123.70 | shaped=-33.70 | avg100_raw=-124.03 | steps=32
2026-04-04 19:37:44 | INFO     | Episode 299 | raw=-118.49 | shaped=-28.49 | avg100_raw=-124.04 | steps=34
2026-04-04 19:37:45 | INFO     | Episode 300 | raw=-122.00 | shaped=-32.00 | avg100_raw=-124.09 | steps=35
2026-04-04 19:37:45 | INFO     | Episode 301 | raw=-110.83 | shaped=-20.83 | avg100_raw=-124.03 | steps=26
2026-04-04 19:37:45 | INFO     | Episode 302 | raw=-108.23 | shaped=-18.23 | avg100_raw=-123.95 | steps=25
2026-04-04 19:37:46 | INFO     | Episode 303 | raw=-109.77 | shaped=-19.77 | avg100_raw=-123.87 | steps=27
2026-04-04 19:37:46 | INFO     | Episode 304 | raw=-108.01 | shaped=-18.01 | avg100_raw=-123.77 | steps=28
2026-04-04 19:37:47 | INFO     | Episode 305 | raw=-107.95 | shaped=-17.95 | avg100_raw=-123.68 | steps=25
2026-04-04 19:37:47 | INFO     | Episode 306 | raw=-107.59 | shaped=-17.59 | avg100_raw=-123.59 | steps=25
2026-04-04 19:37:47 | INFO     | Episode 307 | raw=-108.10 | shaped=-18.10 | avg100_raw=-123.49 | steps=25
2026-04-04 19:37:48 | INFO     | Episode 308 | raw=-111.61 | shaped=-21.61 | avg100_raw=-123.44 | steps=29
2026-04-04 19:37:48 | INFO     | Episode 309 | raw=-106.21 | shaped=-16.21 | avg100_raw=-123.33 | steps=24
2026-04-04 19:37:49 | INFO     | Episode 310 | raw=-109.87 | shaped=-19.87 | avg100_raw=-123.25 | steps=26
2026-04-04 19:37:49 | INFO     | Episode 311 | raw=-123.63 | shaped=-33.63 | avg100_raw=-123.31 | steps=35
2026-04-04 19:37:50 | INFO     | Episode 312 | raw=-107.35 | shaped=-17.35 | avg100_raw=-123.21 | steps=25
2026-04-04 19:37:50 | INFO     | Episode 313 | raw=-108.49 | shaped=-18.49 | avg100_raw=-123.12 | steps=28
2026-04-04 19:37:50 | INFO     | Episode 314 | raw=-111.19 | shaped=-21.19 | avg100_raw=-123.06 | steps=30
2026-04-04 19:37:51 | INFO     | Episode 315 | raw=-109.16 | shaped=-19.16 | avg100_raw=-122.98 | steps=24
2026-04-04 19:37:51 | INFO     | Episode 316 | raw=-110.63 | shaped=-20.63 | avg100_raw=-122.90 | steps=24
2026-04-04 19:37:52 | INFO     | Episode 317 | raw=-110.51 | shaped=-20.51 | avg100_raw=-122.84 | steps=27
2026-04-04 19:37:52 | INFO     | Episode 318 | raw=-108.88 | shaped=-18.88 | avg100_raw=-122.76 | steps=23
2026-04-04 19:37:52 | INFO     | Episode 319 | raw=-109.05 | shaped=-19.05 | avg100_raw=-122.67 | steps=29
2026-04-04 19:37:53 | INFO     | Episode 320 | raw=-108.83 | shaped=-18.83 | avg100_raw=-122.60 | steps=26
2026-04-04 19:37:53 | INFO     | Episode 321 | raw=-113.94 | shaped=-23.94 | avg100_raw=-122.55 | steps=27
2026-04-04 19:37:58 | INFO     | Episode 322 | raw=-170.86 | shaped=-170.86 | avg100_raw=-123.08 | steps=272
2026-04-04 19:37:59 | INFO     | Episode 323 | raw=-104.62 | shaped=-14.62 | avg100_raw=-122.95 | steps=24
2026-04-04 19:37:59 | INFO     | Episode 324 | raw=-104.48 | shaped=-14.48 | avg100_raw=-122.83 | steps=21
2026-04-04 19:37:59 | INFO     | Episode 325 | raw=-107.28 | shaped=-17.28 | avg100_raw=-122.73 | steps=25
2026-04-04 19:38:00 | INFO     | Episode 326 | raw=-107.70 | shaped=-17.70 | avg100_raw=-122.64 | steps=22
2026-04-04 19:38:00 | INFO     | Episode 327 | raw=-100.96 | shaped=-10.96 | avg100_raw=-122.50 | steps=27
2026-04-04 19:38:00 | INFO     | Episode 328 | raw=-106.91 | shaped=-16.91 | avg100_raw=-122.39 | steps=23
2026-04-04 19:38:01 | INFO     | Episode 329 | raw=-105.75 | shaped=-15.75 | avg100_raw=-122.27 | steps=22
2026-04-04 19:38:01 | INFO     | Episode 330 | raw=-105.95 | shaped=-15.95 | avg100_raw=-122.16 | steps=24
2026-04-04 19:38:01 | INFO     | Episode 331 | raw=-106.91 | shaped=-16.91 | avg100_raw=-122.06 | steps=23
2026-04-04 19:38:02 | INFO     | Episode 332 | raw=-102.83 | shaped=-12.83 | avg100_raw=-121.91 | steps=26
2026-04-04 19:38:02 | INFO     | Episode 333 | raw=-103.17 | shaped=-13.17 | avg100_raw=-121.78 | steps=24
2026-04-04 19:38:03 | INFO     | Episode 334 | raw=-105.38 | shaped=-15.38 | avg100_raw=-121.66 | steps=23
2026-04-04 19:38:03 | INFO     | Episode 335 | raw=-103.25 | shaped=-13.25 | avg100_raw=-121.51 | steps=24
2026-04-04 19:38:03 | INFO     | Episode 336 | raw=-102.50 | shaped=-12.50 | avg100_raw=-121.36 | steps=26
2026-04-04 19:38:04 | INFO     | Episode 337 | raw=-102.67 | shaped=-12.67 | avg100_raw=-121.20 | steps=25
2026-04-04 19:38:04 | INFO     | Episode 338 | raw=-102.58 | shaped=-12.58 | avg100_raw=-121.05 | steps=24
2026-04-04 19:38:05 | INFO     | Episode 339 | raw=-101.64 | shaped=-11.64 | avg100_raw=-120.89 | steps=26
2026-04-04 19:38:05 | INFO     | Episode 340 | raw=-101.34 | shaped=-11.34 | avg100_raw=-120.73 | steps=27
2026-04-04 19:38:05 | INFO     | Episode 341 | raw=-102.30 | shaped=-12.30 | avg100_raw=-120.57 | steps=25
2026-04-04 19:38:06 | INFO     | Episode 342 | raw=-103.08 | shaped=-13.08 | avg100_raw=-120.43 | steps=24
2026-04-04 19:38:06 | INFO     | Episode 343 | raw=-103.76 | shaped=-13.76 | avg100_raw=-120.30 | steps=24
2026-04-04 19:38:06 | INFO     | Episode 344 | raw=-101.21 | shaped=-11.21 | avg100_raw=-120.14 | steps=25
2026-04-04 19:38:07 | INFO     | Episode 345 | raw=-103.85 | shaped=-13.85 | avg100_raw=-120.00 | steps=24
2026-04-04 19:38:07 | INFO     | Episode 346 | raw=-103.19 | shaped=-13.19 | avg100_raw=-119.86 | steps=24
2026-04-04 19:38:08 | INFO     | Episode 347 | raw=-102.66 | shaped=-12.66 | avg100_raw=-119.71 | steps=25
2026-04-04 19:38:08 | INFO     | Episode 348 | raw=-102.96 | shaped=-12.96 | avg100_raw=-119.46 | steps=25
2026-04-04 19:38:08 | INFO     | Episode 349 | raw=-103.33 | shaped=-13.33 | avg100_raw=-119.06 | steps=23
2026-04-04 19:38:09 | INFO     | Episode 350 | raw=-101.17 | shaped=-11.17 | avg100_raw=-118.62 | steps=26
2026-04-04 19:38:09 | INFO     | Episode 351 | raw=-101.41 | shaped=-11.41 | avg100_raw=-118.21 | steps=27
2026-04-04 19:38:09 | INFO     | Episode 352 | raw=-101.74 | shaped=-11.74 | avg100_raw=-117.77 | steps=25
2026-04-04 19:38:10 | INFO     | Episode 353 | raw=-100.39 | shaped=-10.39 | avg100_raw=-117.34 | steps=27
2026-04-04 19:38:10 | INFO     | Episode 354 | raw=-102.88 | shaped=-12.88 | avg100_raw=-116.95 | steps=24
2026-04-04 19:38:11 | INFO     | Episode 355 | raw=-102.19 | shaped=-12.19 | avg100_raw=-116.53 | steps=25
2026-04-04 19:38:11 | INFO     | Episode 356 | raw=-102.28 | shaped=-12.28 | avg100_raw=-116.12 | steps=25
2026-04-04 19:38:11 | INFO     | Episode 357 | raw=-102.48 | shaped=-12.48 | avg100_raw=-115.71 | steps=24
2026-04-04 19:38:12 | INFO     | Episode 358 | raw=-103.23 | shaped=-13.23 | avg100_raw=-115.28 | steps=21
2026-04-04 19:38:12 | INFO     | Episode 359 | raw=-104.07 | shaped=-14.07 | avg100_raw=-114.89 | steps=20
2026-04-04 19:38:12 | INFO     | Episode 360 | raw=-104.85 | shaped=-14.85 | avg100_raw=-114.63 | steps=20
2026-04-04 19:38:13 | INFO     | Episode 361 | raw=-102.46 | shaped=-12.46 | avg100_raw=-114.11 | steps=22
2026-04-04 19:38:13 | INFO     | Episode 362 | raw=-103.25 | shaped=-13.25 | avg100_raw=-113.99 | steps=22
2026-04-04 19:38:13 | INFO     | Episode 363 | raw=-103.74 | shaped=-13.74 | avg100_raw=-113.57 | steps=24
2026-04-04 19:38:14 | INFO     | Episode 364 | raw=-102.49 | shaped=-12.49 | avg100_raw=-113.17 | steps=25
2026-04-04 19:38:14 | INFO     | Episode 365 | raw=-102.65 | shaped=-12.65 | avg100_raw=-113.06 | steps=24
2026-04-04 19:38:15 | INFO     | Episode 366 | raw=-102.74 | shaped=-12.74 | avg100_raw=-112.93 | steps=24
2026-04-04 19:38:15 | INFO     | Episode 367 | raw=-100.12 | shaped=-10.12 | avg100_raw=-112.48 | steps=28
2026-04-04 19:38:15 | INFO     | Episode 368 | raw=-103.77 | shaped=-13.77 | avg100_raw=-112.10 | steps=25
2026-04-04 19:38:16 | INFO     | Episode 369 | raw=-102.96 | shaped=-12.96 | avg100_raw=-111.97 | steps=21
2026-04-04 19:38:16 | INFO     | Episode 370 | raw=-103.89 | shaped=-13.89 | avg100_raw=-111.57 | steps=22
2026-04-04 19:38:16 | INFO     | Episode 371 | raw=-102.51 | shaped=-12.51 | avg100_raw=-111.13 | steps=22
2026-04-04 19:38:17 | INFO     | Episode 372 | raw=-103.98 | shaped=-13.98 | avg100_raw=-110.88 | steps=21
2026-04-04 19:38:17 | INFO     | Episode 373 | raw=-105.19 | shaped=-15.19 | avg100_raw=-110.49 | steps=21
2026-04-04 19:38:17 | INFO     | Episode 374 | raw=-103.89 | shaped=-13.89 | avg100_raw=-110.06 | steps=21
2026-04-04 19:38:18 | INFO     | Episode 375 | raw=-105.96 | shaped=-15.96 | avg100_raw=-109.67 | steps=25
2026-04-04 19:38:18 | INFO     | Episode 376 | raw=-103.49 | shaped=-13.49 | avg100_raw=-109.28 | steps=21
2026-04-04 19:38:29 | INFO     | Episode 377 | raw=-114.51 | shaped=-114.51 | avg100_raw=-109.20 | steps=750
2026-04-04 19:38:30 | INFO     | Episode 378 | raw=-112.92 | shaped=-22.92 | avg100_raw=-108.86 | steps=55
2026-04-04 19:38:31 | INFO     | Episode 379 | raw=-102.18 | shaped=-12.18 | avg100_raw=-108.45 | steps=44
2026-04-04 19:38:32 | INFO     | Episode 380 | raw=-107.45 | shaped=-17.45 | avg100_raw=-107.96 | steps=75
2026-04-04 19:38:33 | INFO     | Episode 381 | raw=-108.96 | shaped=-18.96 | avg100_raw=-107.71 | steps=60
2026-04-04 19:38:34 | INFO     | Episode 382 | raw=-112.66 | shaped=-22.66 | avg100_raw=-107.67 | steps=76
2026-04-04 19:38:35 | INFO     | Episode 383 | raw=-108.81 | shaped=-18.81 | avg100_raw=-107.64 | steps=71
2026-04-04 19:38:36 | INFO     | Episode 384 | raw=-109.62 | shaped=-19.62 | avg100_raw=-107.56 | steps=51
2026-04-04 19:38:37 | INFO     | Episode 385 | raw=-107.93 | shaped=-17.93 | avg100_raw=-107.52 | steps=31
2026-04-04 19:38:38 | INFO     | Episode 386 | raw=-109.85 | shaped=-19.85 | avg100_raw=-107.49 | steps=101
2026-04-04 19:38:39 | INFO     | Episode 387 | raw=-115.26 | shaped=-25.26 | avg100_raw=-107.54 | steps=83
2026-04-04 19:38:41 | INFO     | Episode 388 | raw=-119.64 | shaped=-29.64 | avg100_raw=-107.65 | steps=87
2026-04-04 19:38:42 | INFO     | Episode 389 | raw=-104.58 | shaped=-14.58 | avg100_raw=-107.61 | steps=60
2026-04-04 19:38:43 | INFO     | Episode 390 | raw=-109.34 | shaped=-19.34 | avg100_raw=-107.52 | steps=60
2026-04-04 19:38:44 | INFO     | Episode 391 | raw=-111.77 | shaped=-21.77 | avg100_raw=-107.54 | steps=54
2026-04-04 19:38:45 | INFO     | Episode 392 | raw=-106.72 | shaped=-16.72 | avg100_raw=-107.47 | steps=54
2026-04-04 19:38:45 | INFO     | Episode 393 | raw=-95.04 | shaped=-5.04 | avg100_raw=-107.34 | steps=55
2026-04-04 19:38:47 | INFO     | Episode 394 | raw=-96.99 | shaped=-6.99 | avg100_raw=-107.09 | steps=116
2026-04-04 19:38:48 | INFO     | Episode 395 | raw=-97.31 | shaped=-7.31 | avg100_raw=-106.97 | steps=46
2026-04-04 19:38:48 | INFO     | Episode 396 | raw=-102.30 | shaped=-12.30 | avg100_raw=-106.92 | steps=32
2026-04-04 19:38:49 | INFO     | Episode 397 | raw=-97.19 | shaped=-7.19 | avg100_raw=-106.78 | steps=47
2026-04-04 19:38:50 | INFO     | Episode 398 | raw=-96.35 | shaped=-6.35 | avg100_raw=-106.51 | steps=60
2026-04-04 19:38:51 | INFO     | Episode 399 | raw=-105.47 | shaped=-15.47 | avg100_raw=-106.38 | steps=35
2026-04-04 19:38:52 | INFO     | Episode 400 | raw=-93.32 | shaped=-3.32 | avg100_raw=-106.09 | steps=63
2026-04-04 19:38:53 | INFO     | Eval @ episode 400 | raw_mean=-100.68 | shaped_mean=-10.68 | ckpt=artifacts\hardcore_port\td3_lstm_h6_seed42\checkpoints\ep400.pt
2026-04-04 19:38:53 | INFO     | Novi best_raw checkpoint | -100.68
2026-04-04 19:38:53 | INFO     | Novi best_shaped checkpoint | -10.68
2026-04-04 19:38:54 | INFO     | Episode 401 | raw=-106.77 | shaped=-16.77 | avg100_raw=-106.05 | steps=69
2026-04-04 19:38:55 | INFO     | Episode 402 | raw=-97.39 | shaped=-7.39 | avg100_raw=-105.94 | steps=45
2026-04-04 19:38:55 | INFO     | Episode 403 | raw=-96.68 | shaped=-6.68 | avg100_raw=-105.81 | steps=46
2026-04-04 19:38:56 | INFO     | Episode 404 | raw=-123.98 | shaped=-33.98 | avg100_raw=-105.97 | steps=56
2026-04-04 19:38:58 | INFO     | Episode 405 | raw=-98.80 | shaped=-8.80 | avg100_raw=-105.88 | steps=130
2026-04-04 19:39:00 | INFO     | Episode 406 | raw=-109.59 | shaped=-19.59 | avg100_raw=-105.90 | steps=94
2026-04-04 19:39:01 | INFO     | Episode 407 | raw=-93.00 | shaped=-3.00 | avg100_raw=-105.75 | steps=70
2026-04-04 19:39:01 | INFO     | Episode 408 | raw=-115.63 | shaped=-25.63 | avg100_raw=-105.79 | steps=24
2026-04-04 19:39:02 | INFO     | Episode 409 | raw=-119.61 | shaped=-29.61 | avg100_raw=-105.92 | steps=34
2026-04-04 19:39:02 | INFO     | Episode 410 | raw=-123.45 | shaped=-33.45 | avg100_raw=-106.06 | steps=41
2026-04-04 19:39:03 | INFO     | Episode 411 | raw=-122.47 | shaped=-32.47 | avg100_raw=-106.04 | steps=31
2026-04-04 19:39:04 | INFO     | Episode 412 | raw=-102.72 | shaped=-12.72 | avg100_raw=-106.00 | steps=52
2026-04-04 19:39:04 | INFO     | Episode 413 | raw=-124.39 | shaped=-34.39 | avg100_raw=-106.16 | steps=30
2026-04-04 19:39:05 | INFO     | Episode 414 | raw=-110.47 | shaped=-20.47 | avg100_raw=-106.15 | steps=29
2026-04-04 19:39:06 | INFO     | Episode 415 | raw=-112.34 | shaped=-22.34 | avg100_raw=-106.18 | steps=93
2026-04-04 19:39:08 | INFO     | Episode 416 | raw=-142.49 | shaped=-142.49 | avg100_raw=-106.50 | steps=95
2026-04-04 19:39:08 | INFO     | Episode 417 | raw=-112.20 | shaped=-22.20 | avg100_raw=-106.52 | steps=35
2026-04-04 19:39:09 | INFO     | Episode 418 | raw=-124.44 | shaped=-34.44 | avg100_raw=-106.67 | steps=42
2026-04-04 19:39:10 | INFO     | Episode 419 | raw=-115.64 | shaped=-25.64 | avg100_raw=-106.74 | steps=30
2026-04-04 19:39:10 | INFO     | Episode 420 | raw=-117.37 | shaped=-27.37 | avg100_raw=-106.82 | steps=24
2026-04-04 19:39:10 | INFO     | Episode 421 | raw=-119.61 | shaped=-29.61 | avg100_raw=-106.88 | steps=32
2026-04-04 19:39:11 | INFO     | Episode 422 | raw=-122.95 | shaped=-32.95 | avg100_raw=-106.40 | steps=29
2026-04-04 19:39:22 | INFO     | Episode 423 | raw=-136.71 | shaped=-136.71 | avg100_raw=-106.72 | steps=750
2026-04-04 19:39:23 | INFO     | Episode 424 | raw=-101.39 | shaped=-11.39 | avg100_raw=-106.69 | steps=57
2026-04-04 19:39:24 | INFO     | Episode 425 | raw=-120.01 | shaped=-30.01 | avg100_raw=-106.82 | steps=40
2026-04-04 19:39:24 | INFO     | Episode 426 | raw=-101.12 | shaped=-11.12 | avg100_raw=-106.75 | steps=49
2026-04-04 19:39:26 | INFO     | Episode 427 | raw=-99.21 | shaped=-9.21 | avg100_raw=-106.74 | steps=66
2026-04-04 19:39:26 | INFO     | Episode 428 | raw=-101.80 | shaped=-11.80 | avg100_raw=-106.69 | steps=54
2026-04-04 19:39:27 | INFO     | Episode 429 | raw=-100.00 | shaped=-10.00 | avg100_raw=-106.63 | steps=58
2026-04-04 19:39:28 | INFO     | Episode 430 | raw=-102.09 | shaped=-12.09 | avg100_raw=-106.59 | steps=62
2026-04-04 19:39:29 | INFO     | Episode 431 | raw=-99.69 | shaped=-9.69 | avg100_raw=-106.52 | steps=58
2026-04-04 19:39:30 | INFO     | Episode 432 | raw=-101.68 | shaped=-11.68 | avg100_raw=-106.51 | steps=55
2026-04-04 19:39:31 | INFO     | Episode 433 | raw=-104.96 | shaped=-14.96 | avg100_raw=-106.52 | steps=57
2026-04-04 19:39:32 | INFO     | Episode 434 | raw=-101.11 | shaped=-11.11 | avg100_raw=-106.48 | steps=54
2026-04-04 19:39:33 | INFO     | Episode 435 | raw=-101.97 | shaped=-11.97 | avg100_raw=-106.47 | steps=54
2026-04-04 19:39:33 | INFO     | Episode 436 | raw=-100.00 | shaped=-10.00 | avg100_raw=-106.44 | steps=51
2026-04-04 19:39:35 | INFO     | Episode 437 | raw=-108.97 | shaped=-18.97 | avg100_raw=-106.51 | steps=85
2026-04-04 19:39:36 | INFO     | Episode 438 | raw=-103.92 | shaped=-13.92 | avg100_raw=-106.52 | steps=77
2026-04-04 19:39:37 | INFO     | Episode 439 | raw=-101.75 | shaped=-11.75 | avg100_raw=-106.52 | steps=55
2026-04-04 19:39:38 | INFO     | Episode 440 | raw=-104.27 | shaped=-14.27 | avg100_raw=-106.55 | steps=57
2026-04-04 19:39:39 | INFO     | Episode 441 | raw=-103.09 | shaped=-13.09 | avg100_raw=-106.56 | steps=66
2026-04-04 19:39:40 | INFO     | Episode 442 | raw=-108.23 | shaped=-18.23 | avg100_raw=-106.61 | steps=82
2026-04-04 19:39:41 | INFO     | Episode 443 | raw=-103.06 | shaped=-13.06 | avg100_raw=-106.60 | steps=57
2026-04-04 19:39:42 | INFO     | Episode 444 | raw=-102.60 | shaped=-12.60 | avg100_raw=-106.62 | steps=54
2026-04-04 19:39:43 | INFO     | Episode 445 | raw=-100.25 | shaped=-10.25 | avg100_raw=-106.58 | steps=53
2026-04-04 19:39:44 | INFO     | Episode 446 | raw=-103.58 | shaped=-13.58 | avg100_raw=-106.58 | steps=60
2026-04-04 19:39:44 | INFO     | Episode 447 | raw=-100.16 | shaped=-10.16 | avg100_raw=-106.56 | steps=53
2026-04-04 19:39:46 | INFO     | Episode 448 | raw=-113.57 | shaped=-23.57 | avg100_raw=-106.66 | steps=79
2026-04-04 19:39:47 | INFO     | Episode 449 | raw=-96.92 | shaped=-6.92 | avg100_raw=-106.60 | steps=108
2026-04-04 19:39:49 | INFO     | Episode 450 | raw=-120.89 | shaped=-30.89 | avg100_raw=-106.80 | steps=66
2026-04-04 19:39:50 | INFO     | Episode 451 | raw=-114.06 | shaped=-24.06 | avg100_raw=-106.92 | steps=110
2026-04-04 19:39:52 | INFO     | Episode 452 | raw=-106.67 | shaped=-16.67 | avg100_raw=-106.97 | steps=76
2026-04-04 19:39:52 | INFO     | Episode 453 | raw=-104.64 | shaped=-14.64 | avg100_raw=-107.02 | steps=57
2026-04-04 19:39:55 | INFO     | Episode 454 | raw=-129.39 | shaped=-39.39 | avg100_raw=-107.28 | steps=154
2026-04-04 19:39:56 | INFO     | Episode 455 | raw=-127.36 | shaped=-37.36 | avg100_raw=-107.53 | steps=97
2026-04-04 19:39:57 | INFO     | Episode 456 | raw=-128.65 | shaped=-38.65 | avg100_raw=-107.80 | steps=57
2026-04-04 19:39:59 | INFO     | Episode 457 | raw=-122.97 | shaped=-32.97 | avg100_raw=-108.00 | steps=129
2026-04-04 19:40:00 | INFO     | Episode 458 | raw=-120.54 | shaped=-30.54 | avg100_raw=-108.17 | steps=41
2026-04-04 19:40:06 | INFO     | Episode 459 | raw=-139.98 | shaped=-49.98 | avg100_raw=-108.53 | steps=397
2026-04-04 19:40:07 | INFO     | Episode 460 | raw=-111.87 | shaped=-21.87 | avg100_raw=-108.60 | steps=48
2026-04-04 19:40:08 | INFO     | Episode 461 | raw=-109.01 | shaped=-19.01 | avg100_raw=-108.67 | steps=61
2026-04-04 19:40:09 | INFO     | Episode 462 | raw=-107.47 | shaped=-17.47 | avg100_raw=-108.71 | steps=45
2026-04-04 19:40:20 | INFO     | Episode 463 | raw=-132.83 | shaped=-132.83 | avg100_raw=-109.00 | steps=750
2026-04-04 19:40:21 | INFO     | Episode 464 | raw=-99.32 | shaped=-9.32 | avg100_raw=-108.97 | steps=28
2026-04-04 19:40:21 | INFO     | Episode 465 | raw=-99.62 | shaped=-9.62 | avg100_raw=-108.94 | steps=32
2026-04-04 19:40:21 | INFO     | Episode 466 | raw=-102.89 | shaped=-12.89 | avg100_raw=-108.94 | steps=25
2026-04-04 19:40:22 | INFO     | Episode 467 | raw=-104.45 | shaped=-14.45 | avg100_raw=-108.99 | steps=26
2026-04-04 19:40:22 | INFO     | Episode 468 | raw=-103.99 | shaped=-13.99 | avg100_raw=-108.99 | steps=24
2026-04-04 19:40:23 | INFO     | Episode 469 | raw=-103.97 | shaped=-13.97 | avg100_raw=-109.00 | steps=24
2026-04-04 19:40:23 | INFO     | Episode 470 | raw=-104.94 | shaped=-14.94 | avg100_raw=-109.01 | steps=23
2026-04-04 19:40:23 | INFO     | Episode 471 | raw=-104.99 | shaped=-14.99 | avg100_raw=-109.03 | steps=23
2026-04-04 19:40:24 | INFO     | Episode 472 | raw=-104.74 | shaped=-14.74 | avg100_raw=-109.04 | steps=23
2026-04-04 19:40:24 | INFO     | Episode 473 | raw=-104.41 | shaped=-14.41 | avg100_raw=-109.03 | steps=24
2026-04-04 19:40:24 | INFO     | Episode 474 | raw=-104.14 | shaped=-14.14 | avg100_raw=-109.04 | steps=23
2026-04-04 19:40:25 | INFO     | Episode 475 | raw=-103.65 | shaped=-13.65 | avg100_raw=-109.01 | steps=25
2026-04-04 19:40:36 | INFO     | Episode 476 | raw=-104.14 | shaped=-104.14 | avg100_raw=-109.02 | steps=750
2026-04-04 19:40:37 | INFO     | Episode 477 | raw=-106.04 | shaped=-16.04 | avg100_raw=-108.93 | steps=30
2026-04-04 19:40:37 | INFO     | Episode 478 | raw=-101.80 | shaped=-11.80 | avg100_raw=-108.82 | steps=42
2026-04-04 19:40:38 | INFO     | Episode 479 | raw=-99.46 | shaped=-9.46 | avg100_raw=-108.80 | steps=29
2026-04-04 19:40:38 | INFO     | Episode 480 | raw=-99.82 | shaped=-9.82 | avg100_raw=-108.72 | steps=30
2026-04-04 19:40:39 | INFO     | Episode 481 | raw=-99.19 | shaped=-9.19 | avg100_raw=-108.62 | steps=28
2026-04-04 19:40:50 | INFO     | Episode 482 | raw=-123.31 | shaped=-123.31 | avg100_raw=-108.73 | steps=750
2026-04-04 19:41:01 | INFO     | Episode 483 | raw=-81.37 | shaped=-81.37 | avg100_raw=-108.45 | steps=750
2026-04-04 19:41:13 | INFO     | Episode 484 | raw=-76.19 | shaped=-76.19 | avg100_raw=-108.12 | steps=750
2026-04-04 19:41:14 | INFO     | Episode 485 | raw=-96.23 | shaped=-6.23 | avg100_raw=-108.00 | steps=47
2026-04-04 19:41:17 | INFO     | Episode 486 | raw=-126.01 | shaped=-36.01 | avg100_raw=-108.16 | steps=193
2026-04-04 19:41:28 | INFO     | Episode 487 | raw=-148.95 | shaped=-148.95 | avg100_raw=-108.50 | steps=750
2026-04-04 19:41:40 | INFO     | Episode 488 | raw=-141.48 | shaped=-141.48 | avg100_raw=-108.72 | steps=750
2026-04-04 19:41:40 | INFO     | Episode 489 | raw=-98.55 | shaped=-8.55 | avg100_raw=-108.66 | steps=33
2026-04-04 19:41:52 | INFO     | Episode 490 | raw=-110.79 | shaped=-110.79 | avg100_raw=-108.67 | steps=750
2026-04-04 19:41:52 | INFO     | Episode 491 | raw=-104.31 | shaped=-14.31 | avg100_raw=-108.60 | steps=31
2026-04-04 19:42:04 | INFO     | Episode 492 | raw=-142.29 | shaped=-142.29 | avg100_raw=-108.95 | steps=750
2026-04-04 19:42:05 | INFO     | Episode 493 | raw=-104.04 | shaped=-14.04 | avg100_raw=-109.04 | steps=87
2026-04-04 19:42:06 | INFO     | Episode 494 | raw=-103.82 | shaped=-13.82 | avg100_raw=-109.11 | steps=49
2026-04-04 19:42:19 | INFO     | Episode 495 | raw=-121.36 | shaped=-121.36 | avg100_raw=-109.35 | steps=750
2026-04-04 19:42:33 | INFO     | Episode 496 | raw=-60.32 | shaped=-60.32 | avg100_raw=-108.93 | steps=750
2026-04-04 19:42:34 | INFO     | Episode 497 | raw=-107.64 | shaped=-17.64 | avg100_raw=-109.04 | steps=52
2026-04-04 19:42:35 | INFO     | Episode 498 | raw=-99.08 | shaped=-9.08 | avg100_raw=-109.07 | steps=56
2026-04-04 19:42:37 | INFO     | Episode 499 | raw=-104.24 | shaped=-14.24 | avg100_raw=-109.05 | steps=93
2026-04-04 19:42:48 | INFO     | Episode 500 | raw=-70.24 | shaped=-70.24 | avg100_raw=-108.82 | steps=750
2026-04-04 19:42:49 | INFO     | Episode 501 | raw=-106.44 | shaped=-16.44 | avg100_raw=-108.82 | steps=47
2026-04-04 19:42:50 | INFO     | Episode 502 | raw=-101.61 | shaped=-11.61 | avg100_raw=-108.86 | steps=32
2026-04-04 19:43:01 | INFO     | Episode 503 | raw=-71.22 | shaped=-71.22 | avg100_raw=-108.61 | steps=750
2026-04-04 19:43:06 | INFO     | Episode 504 | raw=-125.74 | shaped=-35.74 | avg100_raw=-108.62 | steps=341
2026-04-04 19:43:18 | INFO     | Episode 505 | raw=-65.64 | shaped=-65.64 | avg100_raw=-108.29 | steps=750
2026-04-04 19:43:18 | INFO     | Episode 506 | raw=-98.98 | shaped=-8.98 | avg100_raw=-108.19 | steps=35
2026-04-04 19:43:20 | INFO     | Episode 507 | raw=-103.33 | shaped=-13.33 | avg100_raw=-108.29 | steps=116
2026-04-04 19:43:21 | INFO     | Episode 508 | raw=-97.05 | shaped=-7.05 | avg100_raw=-108.10 | steps=33
2026-04-04 19:43:22 | INFO     | Episode 509 | raw=-103.07 | shaped=-13.07 | avg100_raw=-107.94 | steps=48
2026-04-04 19:43:23 | INFO     | Episode 510 | raw=-92.18 | shaped=-2.18 | avg100_raw=-107.63 | steps=63
2026-04-04 19:43:34 | INFO     | Episode 511 | raw=-67.30 | shaped=-67.30 | avg100_raw=-107.07 | steps=750
2026-04-04 19:43:35 | INFO     | Episode 512 | raw=-117.23 | shaped=-27.23 | avg100_raw=-107.22 | steps=35
2026-04-04 19:43:35 | INFO     | Episode 513 | raw=-102.11 | shaped=-12.11 | avg100_raw=-107.00 | steps=42
2026-04-04 19:43:39 | INFO     | Episode 514 | raw=-123.83 | shaped=-33.83 | avg100_raw=-107.13 | steps=277
2026-04-04 19:43:43 | INFO     | Episode 515 | raw=-119.35 | shaped=-29.35 | avg100_raw=-107.20 | steps=235
2026-04-04 19:43:44 | INFO     | Episode 516 | raw=-92.39 | shaped=-2.39 | avg100_raw=-106.70 | steps=58
2026-04-04 19:43:45 | INFO     | Episode 517 | raw=-107.82 | shaped=-17.82 | avg100_raw=-106.66 | steps=34
2026-04-04 19:43:45 | INFO     | Episode 518 | raw=-98.58 | shaped=-8.58 | avg100_raw=-106.40 | steps=35
2026-04-04 19:43:47 | INFO     | Episode 519 | raw=-112.67 | shaped=-22.67 | avg100_raw=-106.37 | steps=101
2026-04-04 19:43:59 | INFO     | Episode 520 | raw=-98.66 | shaped=-98.66 | avg100_raw=-106.18 | steps=750
2026-04-04 19:44:00 | INFO     | Episode 521 | raw=-99.84 | shaped=-9.84 | avg100_raw=-105.98 | steps=35
2026-04-04 19:44:00 | INFO     | Episode 522 | raw=-96.20 | shaped=-6.20 | avg100_raw=-105.71 | steps=41
2026-04-04 19:44:02 | INFO     | Episode 523 | raw=-106.65 | shaped=-16.65 | avg100_raw=-105.41 | steps=113
2026-04-04 19:44:04 | INFO     | Episode 524 | raw=-96.31 | shaped=-6.31 | avg100_raw=-105.36 | steps=59
2026-04-04 19:44:08 | INFO     | Episode 525 | raw=-126.37 | shaped=-36.37 | avg100_raw=-105.43 | steps=263
2026-04-04 19:44:09 | INFO     | Episode 526 | raw=-100.48 | shaped=-10.48 | avg100_raw=-105.42 | steps=56
2026-04-04 19:44:10 | INFO     | Episode 527 | raw=-104.32 | shaped=-14.32 | avg100_raw=-105.47 | steps=46
2026-04-04 19:44:13 | INFO     | Episode 528 | raw=-106.40 | shaped=-16.40 | avg100_raw=-105.52 | steps=176
2026-04-04 19:44:25 | INFO     | Episode 529 | raw=-119.13 | shaped=-119.13 | avg100_raw=-105.71 | steps=750
2026-04-04 19:44:28 | INFO     | Episode 530 | raw=-103.75 | shaped=-13.75 | avg100_raw=-105.73 | steps=185
2026-04-04 19:44:30 | INFO     | Episode 531 | raw=-95.10 | shaped=-5.10 | avg100_raw=-105.68 | steps=75
2026-04-04 19:44:39 | INFO     | Episode 532 | raw=-143.64 | shaped=-53.64 | avg100_raw=-106.10 | steps=578
2026-04-04 19:44:45 | INFO     | Episode 533 | raw=-120.52 | shaped=-30.52 | avg100_raw=-106.26 | steps=308
2026-04-04 19:44:50 | INFO     | Episode 534 | raw=-120.73 | shaped=-30.73 | avg100_raw=-106.45 | steps=270
2026-04-04 19:44:52 | INFO     | Episode 535 | raw=-98.90 | shaped=-8.90 | avg100_raw=-106.42 | steps=116
2026-04-04 19:44:53 | INFO     | Episode 536 | raw=-96.78 | shaped=-6.78 | avg100_raw=-106.39 | steps=69
2026-04-04 19:44:54 | INFO     | Episode 537 | raw=-97.59 | shaped=-7.59 | avg100_raw=-106.27 | steps=38
2026-04-04 19:44:56 | INFO     | Episode 538 | raw=-94.75 | shaped=-4.75 | avg100_raw=-106.18 | steps=99
2026-04-04 19:45:08 | INFO     | Episode 539 | raw=-76.66 | shaped=-76.66 | avg100_raw=-105.93 | steps=750
2026-04-04 19:45:10 | INFO     | Episode 540 | raw=-98.69 | shaped=-8.69 | avg100_raw=-105.88 | steps=111
2026-04-04 19:45:18 | INFO     | Episode 541 | raw=-140.45 | shaped=-50.45 | avg100_raw=-106.25 | steps=458
2026-04-04 19:45:19 | INFO     | Episode 542 | raw=-98.86 | shaped=-8.86 | avg100_raw=-106.16 | steps=88
2026-04-04 19:45:31 | INFO     | Episode 543 | raw=-72.45 | shaped=-72.45 | avg100_raw=-105.85 | steps=750
2026-04-04 19:45:32 | INFO     | Episode 544 | raw=-87.62 | shaped=2.38 | avg100_raw=-105.70 | steps=64
2026-04-04 19:45:44 | INFO     | Episode 545 | raw=-64.50 | shaped=-64.50 | avg100_raw=-105.34 | steps=750
2026-04-04 19:45:45 | INFO     | Episode 546 | raw=-90.70 | shaped=-0.70 | avg100_raw=-105.21 | steps=56
2026-04-04 19:45:47 | INFO     | Episode 547 | raw=-104.18 | shaped=-14.18 | avg100_raw=-105.25 | steps=131
2026-04-04 19:45:53 | INFO     | Episode 548 | raw=-113.75 | shaped=-23.75 | avg100_raw=-105.26 | steps=314
2026-04-04 19:45:59 | INFO     | Episode 549 | raw=-125.22 | shaped=-35.22 | avg100_raw=-105.54 | steps=355
