2026-04-04 16:00:19 | INFO     | Pokretanje custom hardcore porta | mode=train | algo=sac | backbone=lstm | history=12 | frame_skip=2 | fall_penalty=-10.0 | lr=0.0004 | batch=64 | gamma=0.98 | alpha=0.05 | tau=0.01 | device=auto
2026-04-04 16:00:19 | INFO     | Custom hardcore trening | episodes=1500 | explore_ep=50 | eval_every=200 | eval_ep=20 | max_steps=750
2026-04-04 16:00:19 | INFO     | Episode 1 | raw=-104.59 | shaped=-14.59 | avg100_raw=-104.59 | steps=47
2026-04-04 16:00:19 | INFO     | Episode 2 | raw=-110.35 | shaped=-20.35 | avg100_raw=-107.47 | steps=22
2026-04-04 16:00:20 | INFO     | Episode 3 | raw=-197.35 | shaped=-107.35 | avg100_raw=-137.43 | steps=517
2026-04-04 16:00:21 | INFO     | Episode 4 | raw=-215.27 | shaped=-215.27 | avg100_raw=-156.89 | steps=725
2026-04-04 16:00:22 | INFO     | Episode 5 | raw=-95.75 | shaped=-95.75 | avg100_raw=-144.66 | steps=750
2026-04-04 16:00:22 | INFO     | Episode 6 | raw=-118.77 | shaped=-28.77 | avg100_raw=-140.34 | steps=321
2026-04-04 16:00:22 | INFO     | Episode 7 | raw=-108.91 | shaped=-18.91 | avg100_raw=-135.85 | steps=61
2026-04-04 16:00:22 | INFO     | Episode 8 | raw=-106.42 | shaped=-16.42 | avg100_raw=-132.17 | steps=38
2026-04-04 16:00:22 | INFO     | Episode 9 | raw=-103.37 | shaped=-13.37 | avg100_raw=-128.97 | steps=32
2026-04-04 16:00:22 | INFO     | Episode 10 | raw=-108.86 | shaped=-18.86 | avg100_raw=-126.96 | steps=28
2026-04-04 16:00:22 | INFO     | Episode 11 | raw=-125.52 | shaped=-35.52 | avg100_raw=-126.83 | steps=59
2026-04-04 16:00:22 | INFO     | Episode 12 | raw=-119.27 | shaped=-29.27 | avg100_raw=-126.20 | steps=37
2026-04-04 16:00:23 | INFO     | Episode 13 | raw=-100.49 | shaped=-10.49 | avg100_raw=-124.22 | steps=38
2026-04-04 16:00:23 | INFO     | Episode 14 | raw=-169.30 | shaped=-79.30 | avg100_raw=-127.44 | steps=455
2026-04-04 16:00:23 | INFO     | Episode 15 | raw=-116.01 | shaped=-26.01 | avg100_raw=-126.68 | steps=27
2026-04-04 16:00:23 | INFO     | Episode 16 | raw=-115.63 | shaped=-25.63 | avg100_raw=-125.99 | steps=117
2026-04-04 16:00:24 | INFO     | Episode 17 | raw=-91.76 | shaped=-91.76 | avg100_raw=-123.98 | steps=750
2026-04-04 16:00:25 | INFO     | Episode 18 | raw=-89.20 | shaped=-89.20 | avg100_raw=-122.04 | steps=750
2026-04-04 16:00:25 | INFO     | Episode 19 | raw=-114.97 | shaped=-24.97 | avg100_raw=-121.67 | steps=50
2026-04-04 16:00:25 | INFO     | Episode 20 | raw=-100.89 | shaped=-10.89 | avg100_raw=-120.63 | steps=36
2026-04-04 16:00:25 | INFO     | Episode 21 | raw=-109.13 | shaped=-19.13 | avg100_raw=-120.09 | steps=19
2026-04-04 16:00:25 | INFO     | Episode 22 | raw=-128.00 | shaped=-38.00 | avg100_raw=-120.44 | steps=71
2026-04-04 16:00:25 | INFO     | Episode 23 | raw=-102.92 | shaped=-12.92 | avg100_raw=-119.68 | steps=41
2026-04-04 16:00:25 | INFO     | Episode 24 | raw=-101.08 | shaped=-11.08 | avg100_raw=-118.91 | steps=51
2026-04-04 16:00:25 | INFO     | Episode 25 | raw=-104.54 | shaped=-14.54 | avg100_raw=-118.33 | steps=35
2026-04-04 16:00:26 | INFO     | Episode 26 | raw=-143.40 | shaped=-53.40 | avg100_raw=-119.30 | steps=234
2026-04-04 16:00:26 | INFO     | Episode 27 | raw=-101.65 | shaped=-11.65 | avg100_raw=-118.64 | steps=29
2026-04-04 16:00:26 | INFO     | Episode 28 | raw=-104.90 | shaped=-14.90 | avg100_raw=-118.15 | steps=22
2026-04-04 16:00:26 | INFO     | Episode 29 | raw=-115.93 | shaped=-25.93 | avg100_raw=-118.08 | steps=40
2026-04-04 16:00:26 | INFO     | Episode 30 | raw=-111.40 | shaped=-21.40 | avg100_raw=-117.85 | steps=31
2026-04-04 16:00:26 | INFO     | Episode 31 | raw=-115.17 | shaped=-25.17 | avg100_raw=-117.77 | steps=32
2026-04-04 16:00:26 | INFO     | Episode 32 | raw=-99.25 | shaped=-9.25 | avg100_raw=-117.19 | steps=28
2026-04-04 16:00:27 | INFO     | Episode 33 | raw=-84.56 | shaped=-84.56 | avg100_raw=-116.20 | steps=750
2026-04-04 16:00:27 | INFO     | Episode 34 | raw=-102.74 | shaped=-12.74 | avg100_raw=-115.80 | steps=30
2026-04-04 16:00:28 | INFO     | Episode 35 | raw=-91.53 | shaped=-91.53 | avg100_raw=-115.11 | steps=750
2026-04-04 16:00:28 | INFO     | Episode 36 | raw=-117.87 | shaped=-27.87 | avg100_raw=-115.19 | steps=36
2026-04-04 16:00:28 | INFO     | Episode 37 | raw=-109.13 | shaped=-19.13 | avg100_raw=-115.02 | steps=23
2026-04-04 16:00:28 | INFO     | Episode 38 | raw=-111.06 | shaped=-21.06 | avg100_raw=-114.92 | steps=63
2026-04-04 16:00:28 | INFO     | Episode 39 | raw=-107.90 | shaped=-17.90 | avg100_raw=-114.74 | steps=24
2026-04-04 16:00:28 | INFO     | Episode 40 | raw=-107.01 | shaped=-17.01 | avg100_raw=-114.55 | steps=23
2026-04-04 16:00:28 | INFO     | Episode 41 | raw=-108.83 | shaped=-18.83 | avg100_raw=-114.41 | steps=37
2026-04-04 16:00:28 | INFO     | Episode 42 | raw=-118.07 | shaped=-28.07 | avg100_raw=-114.49 | steps=33
2026-04-04 16:00:29 | INFO     | Episode 43 | raw=-95.89 | shaped=-95.89 | avg100_raw=-114.06 | steps=750
2026-04-04 16:00:29 | INFO     | Episode 44 | raw=-104.68 | shaped=-14.68 | avg100_raw=-113.85 | steps=29
2026-04-04 16:00:29 | INFO     | Episode 45 | raw=-122.26 | shaped=-32.26 | avg100_raw=-114.04 | steps=54
2026-04-04 16:00:29 | INFO     | Episode 46 | raw=-103.31 | shaped=-13.31 | avg100_raw=-113.80 | steps=45
2026-04-04 16:00:30 | INFO     | Episode 47 | raw=-94.14 | shaped=-94.14 | avg100_raw=-113.38 | steps=750
2026-04-04 16:00:30 | INFO     | Episode 48 | raw=-102.40 | shaped=-12.40 | avg100_raw=-113.15 | steps=35
2026-04-04 16:00:30 | INFO     | Episode 49 | raw=-116.67 | shaped=-26.67 | avg100_raw=-113.23 | steps=41
2026-04-04 16:00:30 | INFO     | Episode 50 | raw=-103.84 | shaped=-13.84 | avg100_raw=-113.04 | steps=29
2026-04-04 16:00:33 | INFO     | Episode 51 | raw=-125.86 | shaped=-35.86 | avg100_raw=-113.29 | steps=120
2026-04-04 16:00:45 | INFO     | Episode 52 | raw=-140.18 | shaped=-50.18 | avg100_raw=-113.81 | steps=477
2026-04-04 16:00:45 | INFO     | Episode 53 | raw=-120.40 | shaped=-30.40 | avg100_raw=-113.93 | steps=22
2026-04-04 16:00:47 | INFO     | Episode 54 | raw=-112.72 | shaped=-22.72 | avg100_raw=-113.91 | steps=48
2026-04-04 16:00:48 | INFO     | Episode 55 | raw=-114.46 | shaped=-24.46 | avg100_raw=-113.92 | steps=44
2026-04-04 16:00:50 | INFO     | Episode 56 | raw=-113.48 | shaped=-23.48 | avg100_raw=-113.91 | steps=86
2026-04-04 16:00:52 | INFO     | Episode 57 | raw=-112.44 | shaped=-22.44 | avg100_raw=-113.89 | steps=74
2026-04-04 16:00:53 | INFO     | Episode 58 | raw=-110.89 | shaped=-20.89 | avg100_raw=-113.83 | steps=36
2026-04-04 16:00:53 | INFO     | Episode 59 | raw=-114.62 | shaped=-24.62 | avg100_raw=-113.85 | steps=35
2026-04-04 16:00:54 | INFO     | Episode 60 | raw=-114.73 | shaped=-24.73 | avg100_raw=-113.86 | steps=30
2026-04-04 16:00:55 | INFO     | Episode 61 | raw=-114.93 | shaped=-24.93 | avg100_raw=-113.88 | steps=43
2026-04-04 16:00:56 | INFO     | Episode 62 | raw=-117.22 | shaped=-27.22 | avg100_raw=-113.93 | steps=20
2026-04-04 16:00:57 | INFO     | Episode 63 | raw=-121.16 | shaped=-31.16 | avg100_raw=-114.05 | steps=48
2026-04-04 16:00:58 | INFO     | Episode 64 | raw=-110.49 | shaped=-20.49 | avg100_raw=-113.99 | steps=24
2026-04-04 16:00:59 | INFO     | Episode 65 | raw=-114.74 | shaped=-24.74 | avg100_raw=-114.00 | steps=53
2026-04-04 16:01:00 | INFO     | Episode 66 | raw=-113.20 | shaped=-23.20 | avg100_raw=-113.99 | steps=32
2026-04-04 16:01:02 | INFO     | Episode 67 | raw=-122.65 | shaped=-32.65 | avg100_raw=-114.12 | steps=89
2026-04-04 16:01:03 | INFO     | Episode 68 | raw=-109.80 | shaped=-19.80 | avg100_raw=-114.06 | steps=53
2026-04-04 16:01:04 | INFO     | Episode 69 | raw=-112.27 | shaped=-22.27 | avg100_raw=-114.03 | steps=27
2026-04-04 16:01:05 | INFO     | Episode 70 | raw=-108.49 | shaped=-18.49 | avg100_raw=-113.95 | steps=25
2026-04-04 16:01:05 | INFO     | Episode 71 | raw=-107.16 | shaped=-17.16 | avg100_raw=-113.86 | steps=21
2026-04-04 16:01:06 | INFO     | Episode 72 | raw=-116.99 | shaped=-26.99 | avg100_raw=-113.90 | steps=42
2026-04-04 16:01:07 | INFO     | Episode 73 | raw=-117.28 | shaped=-27.28 | avg100_raw=-113.95 | steps=40
2026-04-04 16:01:08 | INFO     | Episode 74 | raw=-116.20 | shaped=-26.20 | avg100_raw=-113.98 | steps=27
2026-04-04 16:01:09 | INFO     | Episode 75 | raw=-112.17 | shaped=-22.17 | avg100_raw=-113.95 | steps=42
2026-04-04 16:01:11 | INFO     | Episode 76 | raw=-127.99 | shaped=-37.99 | avg100_raw=-114.14 | steps=84
2026-04-04 16:01:12 | INFO     | Episode 77 | raw=-117.74 | shaped=-27.74 | avg100_raw=-114.18 | steps=40
2026-04-04 16:01:14 | INFO     | Episode 78 | raw=-126.23 | shaped=-36.23 | avg100_raw=-114.34 | steps=71
2026-04-04 16:01:14 | INFO     | Episode 79 | raw=-107.05 | shaped=-17.05 | avg100_raw=-114.25 | steps=17
2026-04-04 16:01:15 | INFO     | Episode 80 | raw=-110.39 | shaped=-20.39 | avg100_raw=-114.20 | steps=49
2026-04-04 16:01:16 | INFO     | Episode 81 | raw=-111.73 | shaped=-21.73 | avg100_raw=-114.17 | steps=18
2026-04-04 16:01:17 | INFO     | Episode 82 | raw=-106.71 | shaped=-16.71 | avg100_raw=-114.08 | steps=33
2026-04-04 16:01:19 | INFO     | Episode 83 | raw=-110.83 | shaped=-20.83 | avg100_raw=-114.04 | steps=105
2026-04-04 16:01:20 | INFO     | Episode 84 | raw=-118.02 | shaped=-28.02 | avg100_raw=-114.09 | steps=44
2026-04-04 16:01:39 | INFO     | Episode 85 | raw=-78.09 | shaped=-78.09 | avg100_raw=-113.66 | steps=750
2026-04-04 16:01:57 | INFO     | Episode 86 | raw=-93.77 | shaped=-93.77 | avg100_raw=-113.43 | steps=750
2026-04-04 16:01:58 | INFO     | Episode 87 | raw=-100.92 | shaped=-10.92 | avg100_raw=-113.29 | steps=28
2026-04-04 16:01:59 | INFO     | Episode 88 | raw=-100.48 | shaped=-10.48 | avg100_raw=-113.14 | steps=30
2026-04-04 16:02:00 | INFO     | Episode 89 | raw=-102.72 | shaped=-12.72 | avg100_raw=-113.02 | steps=38
2026-04-04 16:02:01 | INFO     | Episode 90 | raw=-108.55 | shaped=-18.55 | avg100_raw=-112.97 | steps=27
2026-04-04 16:02:02 | INFO     | Episode 91 | raw=-101.00 | shaped=-11.00 | avg100_raw=-112.84 | steps=24
2026-04-04 16:02:02 | INFO     | Episode 92 | raw=-101.11 | shaped=-11.11 | avg100_raw=-112.72 | steps=26
2026-04-04 16:02:03 | INFO     | Episode 93 | raw=-103.26 | shaped=-13.26 | avg100_raw=-112.61 | steps=22
2026-04-04 16:02:04 | INFO     | Episode 94 | raw=-101.08 | shaped=-11.08 | avg100_raw=-112.49 | steps=35
2026-04-04 16:02:05 | INFO     | Episode 95 | raw=-116.56 | shaped=-26.56 | avg100_raw=-112.53 | steps=43
2026-04-04 16:02:06 | INFO     | Episode 96 | raw=-104.68 | shaped=-14.68 | avg100_raw=-112.45 | steps=23
2026-04-04 16:02:27 | INFO     | Episode 97 | raw=-95.25 | shaped=-95.25 | avg100_raw=-112.27 | steps=750
2026-04-04 16:02:46 | INFO     | Episode 98 | raw=-116.32 | shaped=-116.32 | avg100_raw=-112.32 | steps=750
2026-04-04 16:03:05 | INFO     | Episode 99 | raw=-75.00 | shaped=-75.00 | avg100_raw=-111.94 | steps=750
2026-04-04 16:03:21 | INFO     | Episode 100 | raw=-136.85 | shaped=-46.85 | avg100_raw=-112.19 | steps=621
2026-04-04 16:03:40 | INFO     | Episode 101 | raw=-65.84 | shaped=-65.84 | avg100_raw=-111.80 | steps=750
2026-04-04 16:03:59 | INFO     | Episode 102 | raw=-53.47 | shaped=-53.47 | avg100_raw=-111.23 | steps=750
2026-04-04 16:04:19 | INFO     | Episode 103 | raw=-70.33 | shaped=-70.33 | avg100_raw=-109.96 | steps=750
2026-04-04 16:04:38 | INFO     | Episode 104 | raw=-60.84 | shaped=-60.84 | avg100_raw=-108.42 | steps=750
2026-04-04 16:04:39 | INFO     | Episode 105 | raw=-108.87 | shaped=-18.87 | avg100_raw=-108.55 | steps=33
2026-04-04 16:04:58 | INFO     | Episode 106 | raw=-62.90 | shaped=-62.90 | avg100_raw=-107.99 | steps=750
2026-04-04 16:05:17 | INFO     | Episode 107 | raw=-59.69 | shaped=-59.69 | avg100_raw=-107.50 | steps=750
2026-04-04 16:05:37 | INFO     | Episode 108 | raw=-60.63 | shaped=-60.63 | avg100_raw=-107.04 | steps=750
2026-04-04 16:05:56 | INFO     | Episode 109 | raw=-73.39 | shaped=-73.39 | avg100_raw=-106.74 | steps=750
2026-04-04 16:06:16 | INFO     | Episode 110 | raw=-59.88 | shaped=-59.88 | avg100_raw=-106.25 | steps=750
2026-04-04 16:06:37 | INFO     | Episode 111 | raw=-65.17 | shaped=-65.17 | avg100_raw=-105.65 | steps=750
2026-04-04 16:06:52 | INFO     | Episode 112 | raw=-129.49 | shaped=-39.49 | avg100_raw=-105.75 | steps=510
2026-04-04 16:07:14 | INFO     | Episode 113 | raw=-54.75 | shaped=-54.75 | avg100_raw=-105.29 | steps=750
2026-04-04 16:07:34 | INFO     | Episode 114 | raw=-71.60 | shaped=-71.60 | avg100_raw=-104.31 | steps=750
2026-04-04 16:07:53 | INFO     | Episode 115 | raw=-65.01 | shaped=-65.01 | avg100_raw=-103.80 | steps=750
2026-04-04 16:08:13 | INFO     | Episode 116 | raw=-65.33 | shaped=-65.33 | avg100_raw=-103.30 | steps=750
2026-04-04 16:08:22 | INFO     | Episode 117 | raw=-110.81 | shaped=-20.81 | avg100_raw=-103.49 | steps=297
2026-04-04 16:08:37 | INFO     | Episode 118 | raw=-135.36 | shaped=-45.36 | avg100_raw=-103.95 | steps=559
2026-04-04 16:08:57 | INFO     | Episode 119 | raw=-60.48 | shaped=-60.48 | avg100_raw=-103.41 | steps=750
2026-04-04 16:09:17 | INFO     | Episode 120 | raw=-68.51 | shaped=-68.51 | avg100_raw=-103.09 | steps=750
2026-04-04 16:09:37 | INFO     | Episode 121 | raw=-73.55 | shaped=-73.55 | avg100_raw=-102.73 | steps=750
2026-04-04 16:09:55 | INFO     | Episode 122 | raw=-159.36 | shaped=-69.36 | avg100_raw=-103.04 | steps=692
2026-04-04 16:10:15 | INFO     | Episode 123 | raw=-81.60 | shaped=-81.60 | avg100_raw=-102.83 | steps=750
2026-04-04 16:10:35 | INFO     | Episode 124 | raw=-67.84 | shaped=-67.84 | avg100_raw=-102.50 | steps=750
2026-04-04 16:10:55 | INFO     | Episode 125 | raw=-69.72 | shaped=-69.72 | avg100_raw=-102.15 | steps=750
2026-04-04 16:11:15 | INFO     | Episode 126 | raw=-63.18 | shaped=-63.18 | avg100_raw=-101.35 | steps=750
2026-04-04 16:11:35 | INFO     | Episode 127 | raw=-55.35 | shaped=-55.35 | avg100_raw=-100.88 | steps=750
2026-04-04 16:11:56 | INFO     | Episode 128 | raw=-59.41 | shaped=-59.41 | avg100_raw=-100.43 | steps=750
2026-04-04 16:12:15 | INFO     | Episode 129 | raw=-141.81 | shaped=-51.81 | avg100_raw=-100.69 | steps=718
2026-04-04 16:12:35 | INFO     | Episode 130 | raw=-59.43 | shaped=-59.43 | avg100_raw=-100.17 | steps=750
2026-04-04 16:12:55 | INFO     | Episode 131 | raw=-58.28 | shaped=-58.28 | avg100_raw=-99.60 | steps=750
2026-04-04 16:13:15 | INFO     | Episode 132 | raw=-58.56 | shaped=-58.56 | avg100_raw=-99.19 | steps=750
2026-04-04 16:13:35 | INFO     | Episode 133 | raw=-57.40 | shaped=-57.40 | avg100_raw=-98.92 | steps=750
2026-04-04 16:13:56 | INFO     | Episode 134 | raw=-53.87 | shaped=-53.87 | avg100_raw=-98.43 | steps=750
2026-04-04 16:14:16 | INFO     | Episode 135 | raw=-59.69 | shaped=-59.69 | avg100_raw=-98.11 | steps=750
2026-04-04 16:14:36 | INFO     | Episode 136 | raw=-56.30 | shaped=-56.30 | avg100_raw=-97.50 | steps=750
2026-04-04 16:14:52 | INFO     | Episode 137 | raw=-133.83 | shaped=-43.83 | avg100_raw=-97.74 | steps=604
2026-04-04 16:15:13 | INFO     | Episode 138 | raw=-64.03 | shaped=-64.03 | avg100_raw=-97.27 | steps=750
2026-04-04 16:15:33 | INFO     | Episode 139 | raw=-58.50 | shaped=-58.50 | avg100_raw=-96.78 | steps=750
2026-04-04 16:15:34 | INFO     | Episode 140 | raw=-108.39 | shaped=-18.39 | avg100_raw=-96.79 | steps=25
2026-04-04 16:15:54 | INFO     | Episode 141 | raw=-63.43 | shaped=-63.43 | avg100_raw=-96.34 | steps=750
2026-04-04 16:16:10 | INFO     | Episode 142 | raw=-136.81 | shaped=-46.81 | avg100_raw=-96.53 | steps=623
2026-04-04 16:16:31 | INFO     | Episode 143 | raw=-58.66 | shaped=-58.66 | avg100_raw=-96.16 | steps=750
2026-04-04 16:16:51 | INFO     | Episode 144 | raw=-64.64 | shaped=-64.64 | avg100_raw=-95.76 | steps=750
2026-04-04 16:16:52 | INFO     | Episode 145 | raw=-119.07 | shaped=-29.07 | avg100_raw=-95.72 | steps=40
2026-04-04 16:16:53 | INFO     | Episode 146 | raw=-112.85 | shaped=-22.85 | avg100_raw=-95.82 | steps=26
2026-04-04 16:16:53 | INFO     | Episode 147 | raw=-107.68 | shaped=-17.68 | avg100_raw=-95.95 | steps=24
2026-04-04 16:17:14 | INFO     | Episode 148 | raw=-55.00 | shaped=-55.00 | avg100_raw=-95.48 | steps=750
2026-04-04 16:17:34 | INFO     | Episode 149 | raw=-47.66 | shaped=-47.66 | avg100_raw=-94.79 | steps=750
2026-04-04 16:17:54 | INFO     | Episode 150 | raw=-50.71 | shaped=-50.71 | avg100_raw=-94.26 | steps=750
2026-04-04 16:17:55 | INFO     | Episode 151 | raw=-110.07 | shaped=-20.07 | avg100_raw=-94.10 | steps=25
2026-04-04 16:17:56 | INFO     | Episode 152 | raw=-116.07 | shaped=-26.07 | avg100_raw=-93.86 | steps=32
2026-04-04 16:18:16 | INFO     | Episode 153 | raw=-63.24 | shaped=-63.24 | avg100_raw=-93.29 | steps=750
2026-04-04 16:18:17 | INFO     | Episode 154 | raw=-113.42 | shaped=-23.42 | avg100_raw=-93.29 | steps=36
2026-04-04 16:18:18 | INFO     | Episode 155 | raw=-105.90 | shaped=-15.90 | avg100_raw=-93.21 | steps=28
2026-04-04 16:18:29 | INFO     | Episode 156 | raw=-116.13 | shaped=-26.13 | avg100_raw=-93.24 | steps=395
2026-04-04 16:18:30 | INFO     | Episode 157 | raw=-112.22 | shaped=-22.22 | avg100_raw=-93.23 | steps=34
2026-04-04 16:18:44 | INFO     | Episode 158 | raw=-126.55 | shaped=-36.55 | avg100_raw=-93.39 | steps=529
2026-04-04 16:19:04 | INFO     | Episode 159 | raw=-60.96 | shaped=-60.96 | avg100_raw=-92.85 | steps=750
2026-04-04 16:19:22 | INFO     | Episode 160 | raw=-146.48 | shaped=-56.48 | avg100_raw=-93.17 | steps=671
2026-04-04 16:19:43 | INFO     | Episode 161 | raw=-51.40 | shaped=-51.40 | avg100_raw=-92.54 | steps=750
2026-04-04 16:19:44 | INFO     | Episode 162 | raw=-112.64 | shaped=-22.64 | avg100_raw=-92.49 | steps=29
2026-04-04 16:20:05 | INFO     | Episode 163 | raw=-63.35 | shaped=-63.35 | avg100_raw=-91.91 | steps=750
2026-04-04 16:20:26 | INFO     | Episode 164 | raw=-56.90 | shaped=-56.90 | avg100_raw=-91.38 | steps=750
2026-04-04 16:20:46 | INFO     | Episode 165 | raw=-59.57 | shaped=-59.57 | avg100_raw=-90.82 | steps=750
2026-04-04 16:21:07 | INFO     | Episode 166 | raw=-86.23 | shaped=-86.23 | avg100_raw=-90.55 | steps=750
2026-04-04 16:21:28 | INFO     | Episode 167 | raw=-69.78 | shaped=-69.78 | avg100_raw=-90.03 | steps=750
2026-04-04 16:21:48 | INFO     | Episode 168 | raw=-72.35 | shaped=-72.35 | avg100_raw=-89.65 | steps=750
2026-04-04 16:21:49 | INFO     | Episode 169 | raw=-104.72 | shaped=-14.72 | avg100_raw=-89.58 | steps=37
2026-04-04 16:22:09 | INFO     | Episode 170 | raw=-52.29 | shaped=-52.29 | avg100_raw=-89.01 | steps=750
2026-04-04 16:22:30 | INFO     | Episode 171 | raw=-62.87 | shaped=-62.87 | avg100_raw=-88.57 | steps=750
2026-04-04 16:22:50 | INFO     | Episode 172 | raw=-68.46 | shaped=-68.46 | avg100_raw=-88.09 | steps=750
2026-04-04 16:23:11 | INFO     | Episode 173 | raw=-69.54 | shaped=-69.54 | avg100_raw=-87.61 | steps=750
2026-04-04 16:23:33 | INFO     | Episode 174 | raw=-82.36 | shaped=-82.36 | avg100_raw=-87.27 | steps=750
2026-04-04 16:23:34 | INFO     | Episode 175 | raw=-121.13 | shaped=-31.13 | avg100_raw=-87.36 | steps=42
2026-04-04 16:23:55 | INFO     | Episode 176 | raw=-59.41 | shaped=-59.41 | avg100_raw=-86.67 | steps=750
2026-04-04 16:24:15 | INFO     | Episode 177 | raw=-147.29 | shaped=-57.29 | avg100_raw=-86.97 | steps=693
2026-04-04 16:24:35 | INFO     | Episode 178 | raw=-50.81 | shaped=-50.81 | avg100_raw=-86.22 | steps=750
2026-04-04 16:24:56 | INFO     | Episode 179 | raw=-60.49 | shaped=-60.49 | avg100_raw=-85.75 | steps=750
2026-04-04 16:25:17 | INFO     | Episode 180 | raw=-61.92 | shaped=-61.92 | avg100_raw=-85.26 | steps=750
2026-04-04 16:25:37 | INFO     | Episode 181 | raw=-56.58 | shaped=-56.58 | avg100_raw=-84.71 | steps=750
2026-04-04 16:25:50 | INFO     | Episode 182 | raw=-125.37 | shaped=-35.37 | avg100_raw=-84.90 | steps=481
2026-04-04 16:26:11 | INFO     | Episode 183 | raw=-57.49 | shaped=-57.49 | avg100_raw=-84.37 | steps=750
2026-04-04 16:26:31 | INFO     | Episode 184 | raw=-61.95 | shaped=-61.95 | avg100_raw=-83.81 | steps=750
2026-04-04 16:26:52 | INFO     | Episode 185 | raw=-64.16 | shaped=-64.16 | avg100_raw=-83.67 | steps=750
2026-04-04 16:27:12 | INFO     | Episode 186 | raw=-63.01 | shaped=-63.01 | avg100_raw=-83.36 | steps=750
2026-04-04 16:27:33 | INFO     | Episode 187 | raw=-55.78 | shaped=-55.78 | avg100_raw=-82.91 | steps=750
2026-04-04 16:27:53 | INFO     | Episode 188 | raw=-60.11 | shaped=-60.11 | avg100_raw=-82.50 | steps=750
2026-04-04 16:28:14 | INFO     | Episode 189 | raw=-62.55 | shaped=-62.55 | avg100_raw=-82.10 | steps=750
2026-04-04 16:28:34 | INFO     | Episode 190 | raw=-58.23 | shaped=-58.23 | avg100_raw=-81.60 | steps=750
2026-04-04 16:28:55 | INFO     | Episode 191 | raw=-54.90 | shaped=-54.90 | avg100_raw=-81.14 | steps=750
2026-04-04 16:29:16 | INFO     | Episode 192 | raw=-60.26 | shaped=-60.26 | avg100_raw=-80.73 | steps=750
2026-04-04 16:29:36 | INFO     | Episode 193 | raw=-60.66 | shaped=-60.66 | avg100_raw=-80.30 | steps=750
2026-04-04 16:29:57 | INFO     | Episode 194 | raw=-55.92 | shaped=-55.92 | avg100_raw=-79.85 | steps=750
2026-04-04 16:30:15 | INFO     | Episode 195 | raw=-145.24 | shaped=-55.24 | avg100_raw=-80.14 | steps=671
2026-04-04 16:30:36 | INFO     | Episode 196 | raw=-54.22 | shaped=-54.22 | avg100_raw=-79.63 | steps=750
2026-04-04 16:30:57 | INFO     | Episode 197 | raw=-55.90 | shaped=-55.90 | avg100_raw=-79.24 | steps=750
2026-04-04 16:31:17 | INFO     | Episode 198 | raw=-59.32 | shaped=-59.32 | avg100_raw=-78.67 | steps=750
2026-04-04 16:31:38 | INFO     | Episode 199 | raw=-56.33 | shaped=-56.33 | avg100_raw=-78.48 | steps=750
2026-04-04 16:31:58 | INFO     | Episode 200 | raw=-57.95 | shaped=-57.95 | avg100_raw=-77.69 | steps=750
2026-04-04 16:32:19 | INFO     | Eval @ episode 200 | raw_mean=-47.68 | shaped_mean=-47.68 | ckpt=artifacts\hardcore_port\sac_lstm_h12_seed42\checkpoints\ep200.pt
2026-04-04 16:32:19 | INFO     | Novi best_raw checkpoint | -47.68
2026-04-04 16:32:19 | INFO     | Novi best_shaped checkpoint | -47.68
2026-04-04 16:32:39 | INFO     | Episode 201 | raw=-60.39 | shaped=-60.39 | avg100_raw=-77.64 | steps=750
2026-04-04 16:33:00 | INFO     | Episode 202 | raw=-56.21 | shaped=-56.21 | avg100_raw=-77.67 | steps=750
2026-04-04 16:33:20 | INFO     | Episode 203 | raw=-59.04 | shaped=-59.04 | avg100_raw=-77.55 | steps=750
2026-04-04 16:33:41 | INFO     | Episode 204 | raw=-51.14 | shaped=-51.14 | avg100_raw=-77.46 | steps=750
2026-04-04 16:34:01 | INFO     | Episode 205 | raw=-60.15 | shaped=-60.15 | avg100_raw=-76.97 | steps=750
2026-04-04 16:34:21 | INFO     | Episode 206 | raw=-146.92 | shaped=-56.92 | avg100_raw=-77.81 | steps=726
2026-04-04 16:34:22 | INFO     | Episode 207 | raw=-107.05 | shaped=-17.05 | avg100_raw=-78.28 | steps=34
2026-04-04 16:34:43 | INFO     | Episode 208 | raw=-51.10 | shaped=-51.10 | avg100_raw=-78.19 | steps=750
2026-04-04 16:35:04 | INFO     | Episode 209 | raw=-59.58 | shaped=-59.58 | avg100_raw=-78.05 | steps=750
2026-04-04 16:35:25 | INFO     | Episode 210 | raw=-57.16 | shaped=-57.16 | avg100_raw=-78.02 | steps=750
2026-04-04 16:35:45 | INFO     | Episode 211 | raw=-57.92 | shaped=-57.92 | avg100_raw=-77.95 | steps=750
2026-04-04 16:36:06 | INFO     | Episode 212 | raw=-57.25 | shaped=-57.25 | avg100_raw=-77.23 | steps=750
2026-04-04 16:36:26 | INFO     | Episode 213 | raw=-51.08 | shaped=-51.08 | avg100_raw=-77.19 | steps=750
2026-04-04 16:36:47 | INFO     | Episode 214 | raw=-52.75 | shaped=-52.75 | avg100_raw=-77.00 | steps=750
2026-04-04 16:37:02 | INFO     | Episode 215 | raw=-130.93 | shaped=-40.93 | avg100_raw=-77.66 | steps=568
2026-04-04 16:37:22 | INFO     | Episode 216 | raw=-145.23 | shaped=-55.23 | avg100_raw=-78.46 | steps=717
2026-04-04 16:37:43 | INFO     | Episode 217 | raw=-56.81 | shaped=-56.81 | avg100_raw=-77.92 | steps=750
2026-04-04 16:38:03 | INFO     | Episode 218 | raw=-53.33 | shaped=-53.33 | avg100_raw=-77.10 | steps=750
2026-04-04 16:38:22 | INFO     | Episode 219 | raw=-141.99 | shaped=-51.99 | avg100_raw=-77.92 | steps=658
2026-04-04 16:38:42 | INFO     | Episode 220 | raw=-53.55 | shaped=-53.55 | avg100_raw=-77.77 | steps=750
2026-04-04 16:39:03 | INFO     | Episode 221 | raw=-56.52 | shaped=-56.52 | avg100_raw=-77.60 | steps=750
2026-04-04 16:39:23 | INFO     | Episode 222 | raw=-53.75 | shaped=-53.75 | avg100_raw=-76.54 | steps=750
2026-04-04 16:39:44 | INFO     | Episode 223 | raw=-56.40 | shaped=-56.40 | avg100_raw=-76.29 | steps=750
2026-04-04 16:40:05 | INFO     | Episode 224 | raw=-59.71 | shaped=-59.71 | avg100_raw=-76.21 | steps=750
2026-04-04 16:40:25 | INFO     | Episode 225 | raw=-60.64 | shaped=-60.64 | avg100_raw=-76.12 | steps=750
2026-04-04 16:40:46 | INFO     | Episode 226 | raw=-53.71 | shaped=-53.71 | avg100_raw=-76.02 | steps=750
2026-04-04 16:41:07 | INFO     | Episode 227 | raw=-58.13 | shaped=-58.13 | avg100_raw=-76.05 | steps=750
2026-04-04 16:41:27 | INFO     | Episode 228 | raw=-60.29 | shaped=-60.29 | avg100_raw=-76.06 | steps=750
2026-04-04 16:41:48 | INFO     | Episode 229 | raw=-54.71 | shaped=-54.71 | avg100_raw=-75.19 | steps=750
2026-04-04 16:42:08 | INFO     | Episode 230 | raw=-148.65 | shaped=-58.65 | avg100_raw=-76.08 | steps=733
2026-04-04 16:42:29 | INFO     | Episode 231 | raw=-48.08 | shaped=-48.08 | avg100_raw=-75.98 | steps=750
2026-04-04 16:42:49 | INFO     | Episode 232 | raw=-57.91 | shaped=-57.91 | avg100_raw=-75.97 | steps=750
2026-04-04 16:43:02 | INFO     | Episode 233 | raw=-125.24 | shaped=-35.24 | avg100_raw=-76.65 | steps=462
2026-04-04 16:43:20 | INFO     | Episode 234 | raw=-140.12 | shaped=-50.12 | avg100_raw=-77.51 | steps=653
2026-04-04 16:43:38 | INFO     | Episode 235 | raw=-138.25 | shaped=-48.25 | avg100_raw=-78.30 | steps=632
2026-04-04 16:43:59 | INFO     | Episode 236 | raw=-53.77 | shaped=-53.77 | avg100_raw=-78.27 | steps=750
2026-04-04 16:44:19 | INFO     | Episode 237 | raw=-152.04 | shaped=-62.04 | avg100_raw=-78.45 | steps=741
2026-04-04 16:44:40 | INFO     | Episode 238 | raw=-58.56 | shaped=-58.56 | avg100_raw=-78.40 | steps=750
2026-04-04 16:44:50 | INFO     | Episode 239 | raw=-115.96 | shaped=-25.96 | avg100_raw=-78.97 | steps=375
2026-04-04 16:45:11 | INFO     | Episode 240 | raw=-57.47 | shaped=-57.47 | avg100_raw=-78.47 | steps=750
2026-04-04 16:45:32 | INFO     | Episode 241 | raw=-52.43 | shaped=-52.43 | avg100_raw=-78.36 | steps=750
2026-04-04 16:45:52 | INFO     | Episode 242 | raw=-51.86 | shaped=-51.86 | avg100_raw=-77.51 | steps=750
2026-04-04 16:46:13 | INFO     | Episode 243 | raw=-54.80 | shaped=-54.80 | avg100_raw=-77.47 | steps=750
2026-04-04 16:46:34 | INFO     | Episode 244 | raw=-60.60 | shaped=-60.60 | avg100_raw=-77.43 | steps=750
2026-04-04 16:46:55 | INFO     | Episode 245 | raw=-56.75 | shaped=-56.75 | avg100_raw=-76.80 | steps=750
2026-04-04 16:47:09 | INFO     | Episode 246 | raw=-128.07 | shaped=-38.07 | avg100_raw=-76.96 | steps=534
2026-04-04 16:47:28 | INFO     | Episode 247 | raw=-141.34 | shaped=-51.34 | avg100_raw=-77.29 | steps=672
2026-04-04 16:47:44 | INFO     | Episode 248 | raw=-131.05 | shaped=-41.05 | avg100_raw=-78.05 | steps=569
2026-04-04 16:48:04 | INFO     | Episode 249 | raw=-47.80 | shaped=-47.80 | avg100_raw=-78.05 | steps=750
2026-04-04 16:48:25 | INFO     | Episode 250 | raw=-59.03 | shaped=-59.03 | avg100_raw=-78.14 | steps=750
2026-04-04 16:48:37 | INFO     | Episode 251 | raw=-124.94 | shaped=-34.94 | avg100_raw=-78.29 | steps=459
2026-04-04 16:48:57 | INFO     | Episode 252 | raw=-144.42 | shaped=-54.42 | avg100_raw=-78.57 | steps=690
2026-04-04 16:49:18 | INFO     | Episode 253 | raw=-54.81 | shaped=-54.81 | avg100_raw=-78.49 | steps=750
2026-04-04 16:49:38 | INFO     | Episode 254 | raw=-61.30 | shaped=-61.30 | avg100_raw=-77.96 | steps=750
2026-04-04 16:49:59 | INFO     | Episode 255 | raw=-56.09 | shaped=-56.09 | avg100_raw=-77.47 | steps=750
2026-04-04 16:50:20 | INFO     | Episode 256 | raw=-58.56 | shaped=-58.56 | avg100_raw=-76.89 | steps=750
2026-04-04 16:50:40 | INFO     | Episode 257 | raw=-56.29 | shaped=-56.29 | avg100_raw=-76.33 | steps=750
2026-04-04 16:50:58 | INFO     | Episode 258 | raw=-140.15 | shaped=-50.15 | avg100_raw=-76.47 | steps=641
2026-04-04 16:51:19 | INFO     | Episode 259 | raw=-146.44 | shaped=-56.44 | avg100_raw=-77.32 | steps=717
2026-04-04 16:51:41 | INFO     | Episode 260 | raw=-51.72 | shaped=-51.72 | avg100_raw=-76.37 | steps=750
2026-04-04 16:52:02 | INFO     | Episode 261 | raw=-140.87 | shaped=-50.87 | avg100_raw=-77.27 | steps=667
2026-04-04 16:52:24 | INFO     | Episode 262 | raw=-59.62 | shaped=-59.62 | avg100_raw=-76.74 | steps=750
2026-04-04 16:52:45 | INFO     | Episode 263 | raw=-54.17 | shaped=-54.17 | avg100_raw=-76.65 | steps=750
2026-04-04 16:53:04 | INFO     | Episode 264 | raw=-140.81 | shaped=-50.81 | avg100_raw=-77.49 | steps=677
2026-04-04 16:53:25 | INFO     | Episode 265 | raw=-57.36 | shaped=-57.36 | avg100_raw=-77.46 | steps=750
2026-04-04 16:53:45 | INFO     | Episode 266 | raw=-55.42 | shaped=-55.42 | avg100_raw=-77.16 | steps=750
2026-04-04 16:54:01 | INFO     | Episode 267 | raw=-129.22 | shaped=-39.22 | avg100_raw=-77.75 | steps=547
2026-04-04 16:54:22 | INFO     | Episode 268 | raw=-61.67 | shaped=-61.67 | avg100_raw=-77.64 | steps=750
2026-04-04 16:54:43 | INFO     | Episode 269 | raw=-54.00 | shaped=-54.00 | avg100_raw=-77.14 | steps=750
2026-04-04 16:55:04 | INFO     | Episode 270 | raw=-61.91 | shaped=-61.91 | avg100_raw=-77.23 | steps=750
2026-04-04 16:55:25 | INFO     | Episode 271 | raw=-52.15 | shaped=-52.15 | avg100_raw=-77.12 | steps=750
2026-04-04 16:55:46 | INFO     | Episode 272 | raw=-50.31 | shaped=-50.31 | avg100_raw=-76.94 | steps=750
2026-04-04 16:56:01 | INFO     | Episode 273 | raw=-128.39 | shaped=-38.39 | avg100_raw=-77.53 | steps=538
2026-04-04 16:56:22 | INFO     | Episode 274 | raw=-51.04 | shaped=-51.04 | avg100_raw=-77.22 | steps=750
2026-04-04 16:56:41 | INFO     | Episode 275 | raw=-143.64 | shaped=-53.64 | avg100_raw=-77.44 | steps=704
2026-04-04 16:57:02 | INFO     | Episode 276 | raw=-49.57 | shaped=-49.57 | avg100_raw=-77.35 | steps=750
2026-04-04 16:57:21 | INFO     | Episode 277 | raw=-142.21 | shaped=-52.21 | avg100_raw=-77.29 | steps=689
2026-04-04 16:57:42 | INFO     | Episode 278 | raw=-59.78 | shaped=-59.78 | avg100_raw=-77.38 | steps=750
2026-04-04 16:57:58 | INFO     | Episode 279 | raw=-134.14 | shaped=-44.14 | avg100_raw=-78.12 | steps=575
2026-04-04 16:58:19 | INFO     | Episode 280 | raw=-55.10 | shaped=-55.10 | avg100_raw=-78.05 | steps=750
2026-04-04 16:58:40 | INFO     | Episode 281 | raw=-58.00 | shaped=-58.00 | avg100_raw=-78.07 | steps=750
2026-04-04 16:59:01 | INFO     | Episode 282 | raw=-59.91 | shaped=-59.91 | avg100_raw=-77.41 | steps=750
2026-04-04 16:59:22 | INFO     | Episode 283 | raw=-59.00 | shaped=-59.00 | avg100_raw=-77.43 | steps=750
2026-04-04 16:59:43 | INFO     | Episode 284 | raw=-54.17 | shaped=-54.17 | avg100_raw=-77.35 | steps=750
2026-04-04 17:00:03 | INFO     | Episode 285 | raw=-58.56 | shaped=-58.56 | avg100_raw=-77.29 | steps=750
2026-04-04 17:00:24 | INFO     | Episode 286 | raw=-51.86 | shaped=-51.86 | avg100_raw=-77.18 | steps=750
2026-04-04 17:00:43 | INFO     | Episode 287 | raw=-141.67 | shaped=-51.67 | avg100_raw=-78.04 | steps=683
2026-04-04 17:01:04 | INFO     | Episode 288 | raw=-57.32 | shaped=-57.32 | avg100_raw=-78.01 | steps=750
2026-04-04 17:01:25 | INFO     | Episode 289 | raw=-49.36 | shaped=-49.36 | avg100_raw=-77.88 | steps=750
2026-04-04 17:01:45 | INFO     | Episode 290 | raw=-45.63 | shaped=-45.63 | avg100_raw=-77.76 | steps=750
2026-04-04 17:02:06 | INFO     | Episode 291 | raw=-58.03 | shaped=-58.03 | avg100_raw=-77.79 | steps=750
2026-04-04 17:02:26 | INFO     | Episode 292 | raw=-146.19 | shaped=-56.19 | avg100_raw=-78.65 | steps=713
2026-04-04 17:02:47 | INFO     | Episode 293 | raw=-51.98 | shaped=-51.98 | avg100_raw=-78.56 | steps=750
2026-04-04 17:03:08 | INFO     | Episode 294 | raw=-59.16 | shaped=-59.16 | avg100_raw=-78.59 | steps=750
2026-04-04 17:03:28 | INFO     | Episode 295 | raw=-49.33 | shaped=-49.33 | avg100_raw=-77.63 | steps=750
2026-04-04 17:03:49 | INFO     | Episode 296 | raw=-59.81 | shaped=-59.81 | avg100_raw=-77.69 | steps=750
2026-04-04 17:04:10 | INFO     | Episode 297 | raw=-55.69 | shaped=-55.69 | avg100_raw=-77.69 | steps=750
2026-04-04 17:04:31 | INFO     | Episode 298 | raw=-60.53 | shaped=-60.53 | avg100_raw=-77.70 | steps=750
2026-04-04 17:04:50 | INFO     | Episode 299 | raw=-146.41 | shaped=-56.41 | avg100_raw=-78.60 | steps=706
2026-04-04 17:05:11 | INFO     | Episode 300 | raw=-50.09 | shaped=-50.09 | avg100_raw=-78.52 | steps=750
2026-04-04 17:05:32 | INFO     | Episode 301 | raw=-52.51 | shaped=-52.51 | avg100_raw=-78.44 | steps=750
2026-04-04 17:05:47 | INFO     | Episode 302 | raw=-128.03 | shaped=-38.03 | avg100_raw=-79.16 | steps=524
2026-04-04 17:06:08 | INFO     | Episode 303 | raw=-51.10 | shaped=-51.10 | avg100_raw=-79.08 | steps=750
2026-04-04 17:06:29 | INFO     | Episode 304 | raw=-52.64 | shaped=-52.64 | avg100_raw=-79.10 | steps=750
2026-04-04 17:06:50 | INFO     | Episode 305 | raw=-56.42 | shaped=-56.42 | avg100_raw=-79.06 | steps=750
2026-04-04 17:07:11 | INFO     | Episode 306 | raw=-60.14 | shaped=-60.14 | avg100_raw=-78.19 | steps=750
2026-04-04 17:07:32 | INFO     | Episode 307 | raw=-59.57 | shaped=-59.57 | avg100_raw=-77.72 | steps=750
2026-04-04 17:07:52 | INFO     | Episode 308 | raw=-53.87 | shaped=-53.87 | avg100_raw=-77.74 | steps=750
2026-04-04 17:08:13 | INFO     | Episode 309 | raw=-51.10 | shaped=-51.10 | avg100_raw=-77.66 | steps=750
2026-04-04 17:08:34 | INFO     | Episode 310 | raw=-58.48 | shaped=-58.48 | avg100_raw=-77.67 | steps=750
2026-04-04 17:08:55 | INFO     | Episode 311 | raw=-65.25 | shaped=-65.25 | avg100_raw=-77.75 | steps=750
2026-04-04 17:09:16 | INFO     | Episode 312 | raw=-54.63 | shaped=-54.63 | avg100_raw=-77.72 | steps=750
2026-04-04 17:09:37 | INFO     | Episode 313 | raw=-63.47 | shaped=-63.47 | avg100_raw=-77.84 | steps=750
2026-04-04 17:09:58 | INFO     | Episode 314 | raw=-60.40 | shaped=-60.40 | avg100_raw=-77.92 | steps=750
2026-04-04 17:10:19 | INFO     | Episode 315 | raw=-57.89 | shaped=-57.89 | avg100_raw=-77.19 | steps=750
2026-04-04 17:10:40 | INFO     | Episode 316 | raw=-64.73 | shaped=-64.73 | avg100_raw=-76.38 | steps=750
2026-04-04 17:11:01 | INFO     | Episode 317 | raw=-51.94 | shaped=-51.94 | avg100_raw=-76.34 | steps=750
2026-04-04 17:11:22 | INFO     | Episode 318 | raw=-58.28 | shaped=-58.28 | avg100_raw=-76.38 | steps=750
2026-04-04 17:11:43 | INFO     | Episode 319 | raw=-58.09 | shaped=-58.09 | avg100_raw=-75.55 | steps=750
2026-04-04 17:12:03 | INFO     | Episode 320 | raw=-53.90 | shaped=-53.90 | avg100_raw=-75.55 | steps=750
2026-04-04 17:12:24 | INFO     | Episode 321 | raw=-63.12 | shaped=-63.12 | avg100_raw=-75.62 | steps=750
2026-04-04 17:12:30 | INFO     | Episode 322 | raw=-126.27 | shaped=-36.27 | avg100_raw=-76.34 | steps=204
2026-04-04 17:12:51 | INFO     | Episode 323 | raw=-69.91 | shaped=-69.91 | avg100_raw=-76.48 | steps=750
2026-04-04 17:13:12 | INFO     | Episode 324 | raw=-54.60 | shaped=-54.60 | avg100_raw=-76.42 | steps=750
2026-04-04 17:13:33 | INFO     | Episode 325 | raw=-58.37 | shaped=-58.37 | avg100_raw=-76.40 | steps=750
2026-04-04 17:13:53 | INFO     | Episode 326 | raw=-64.43 | shaped=-64.43 | avg100_raw=-76.51 | steps=750
2026-04-04 17:14:14 | INFO     | Episode 327 | raw=-130.72 | shaped=-130.72 | avg100_raw=-77.23 | steps=750
2026-04-04 17:14:35 | INFO     | Episode 328 | raw=-58.81 | shaped=-58.81 | avg100_raw=-77.22 | steps=750
2026-04-04 17:14:56 | INFO     | Episode 329 | raw=-66.16 | shaped=-66.16 | avg100_raw=-77.33 | steps=750
2026-04-04 17:15:17 | INFO     | Episode 330 | raw=-70.52 | shaped=-70.52 | avg100_raw=-76.55 | steps=750
2026-04-04 17:15:38 | INFO     | Episode 331 | raw=-76.31 | shaped=-76.31 | avg100_raw=-76.84 | steps=750
2026-04-04 17:15:59 | INFO     | Episode 332 | raw=-109.33 | shaped=-109.33 | avg100_raw=-77.35 | steps=750
2026-04-04 17:16:20 | INFO     | Episode 333 | raw=-83.26 | shaped=-83.26 | avg100_raw=-76.93 | steps=750
2026-04-04 17:16:41 | INFO     | Episode 334 | raw=-78.62 | shaped=-78.62 | avg100_raw=-76.32 | steps=750
2026-04-04 17:17:02 | INFO     | Episode 335 | raw=-90.32 | shaped=-90.32 | avg100_raw=-75.84 | steps=750
2026-04-04 17:17:23 | INFO     | Episode 336 | raw=-71.03 | shaped=-71.03 | avg100_raw=-76.01 | steps=750
2026-04-04 17:17:44 | INFO     | Episode 337 | raw=-105.82 | shaped=-105.82 | avg100_raw=-75.55 | steps=750
2026-04-04 17:18:05 | INFO     | Episode 338 | raw=-84.70 | shaped=-84.70 | avg100_raw=-75.81 | steps=750
2026-04-04 17:18:08 | INFO     | Episode 339 | raw=-105.86 | shaped=-15.86 | avg100_raw=-75.71 | steps=122
2026-04-04 17:18:12 | INFO     | Episode 340 | raw=-112.19 | shaped=-22.19 | avg100_raw=-76.25 | steps=115
2026-04-04 17:18:33 | INFO     | Episode 341 | raw=-70.00 | shaped=-70.00 | avg100_raw=-76.43 | steps=750
2026-04-04 17:18:54 | INFO     | Episode 342 | raw=-59.64 | shaped=-59.64 | avg100_raw=-76.51 | steps=750
2026-04-04 17:19:15 | INFO     | Episode 343 | raw=-55.95 | shaped=-55.95 | avg100_raw=-76.52 | steps=750
2026-04-04 17:19:16 | INFO     | Episode 344 | raw=-101.05 | shaped=-11.05 | avg100_raw=-76.92 | steps=61
2026-04-04 17:19:19 | INFO     | Episode 345 | raw=-108.71 | shaped=-18.71 | avg100_raw=-77.44 | steps=81
2026-04-04 17:19:20 | INFO     | Episode 346 | raw=-107.20 | shaped=-17.20 | avg100_raw=-77.23 | steps=45
2026-04-04 17:19:22 | INFO     | Episode 347 | raw=-106.76 | shaped=-16.76 | avg100_raw=-76.89 | steps=71
2026-04-04 17:19:33 | INFO     | Episode 348 | raw=-123.36 | shaped=-33.36 | avg100_raw=-76.81 | steps=375
2026-04-04 17:19:55 | INFO     | Episode 349 | raw=-50.64 | shaped=-50.64 | avg100_raw=-76.84 | steps=750
2026-04-04 17:20:16 | INFO     | Episode 350 | raw=-58.74 | shaped=-58.74 | avg100_raw=-76.84 | steps=750
2026-04-04 17:20:40 | INFO     | Episode 351 | raw=-58.21 | shaped=-58.21 | avg100_raw=-76.17 | steps=750
2026-04-04 17:21:02 | INFO     | Episode 352 | raw=-56.22 | shaped=-56.22 | avg100_raw=-75.29 | steps=750
2026-04-04 17:21:24 | INFO     | Episode 353 | raw=-143.10 | shaped=-53.10 | avg100_raw=-76.17 | steps=700
2026-04-04 17:21:47 | INFO     | Episode 354 | raw=-59.69 | shaped=-59.69 | avg100_raw=-76.15 | steps=750
2026-04-04 17:22:08 | INFO     | Episode 355 | raw=-54.05 | shaped=-54.05 | avg100_raw=-76.13 | steps=750
2026-04-04 17:22:31 | INFO     | Episode 356 | raw=-54.21 | shaped=-54.21 | avg100_raw=-76.09 | steps=750
2026-04-04 17:22:45 | INFO     | Episode 357 | raw=-117.64 | shaped=-27.64 | avg100_raw=-76.70 | steps=418
2026-04-04 17:23:11 | INFO     | Episode 358 | raw=-48.35 | shaped=-48.35 | avg100_raw=-75.79 | steps=750
2026-04-04 17:23:37 | INFO     | Episode 359 | raw=-58.08 | shaped=-58.08 | avg100_raw=-74.90 | steps=750
2026-04-04 17:24:04 | INFO     | Episode 360 | raw=-51.29 | shaped=-51.29 | avg100_raw=-74.90 | steps=750
2026-04-04 17:24:29 | INFO     | Episode 361 | raw=-58.24 | shaped=-58.24 | avg100_raw=-74.07 | steps=750
2026-04-04 17:24:53 | INFO     | Episode 362 | raw=-60.13 | shaped=-60.13 | avg100_raw=-74.08 | steps=750
2026-04-04 17:25:18 | INFO     | Episode 363 | raw=-60.64 | shaped=-60.64 | avg100_raw=-74.14 | steps=750
2026-04-04 17:25:44 | INFO     | Episode 364 | raw=-51.66 | shaped=-51.66 | avg100_raw=-73.25 | steps=750
2026-04-04 17:26:12 | INFO     | Episode 365 | raw=-58.05 | shaped=-58.05 | avg100_raw=-73.26 | steps=750
2026-04-04 17:26:38 | INFO     | Episode 366 | raw=-55.78 | shaped=-55.78 | avg100_raw=-73.26 | steps=750
2026-04-04 17:27:03 | INFO     | Episode 367 | raw=-50.34 | shaped=-50.34 | avg100_raw=-72.47 | steps=750
2026-04-04 17:27:27 | INFO     | Episode 368 | raw=-57.87 | shaped=-57.87 | avg100_raw=-72.43 | steps=750
2026-04-04 17:27:51 | INFO     | Episode 369 | raw=-52.81 | shaped=-52.81 | avg100_raw=-72.42 | steps=750
2026-04-04 17:28:14 | INFO     | Episode 370 | raw=-59.45 | shaped=-59.45 | avg100_raw=-72.40 | steps=750
2026-04-04 17:28:38 | INFO     | Episode 371 | raw=-50.15 | shaped=-50.15 | avg100_raw=-72.38 | steps=750
2026-04-04 17:29:02 | INFO     | Episode 372 | raw=-58.24 | shaped=-58.24 | avg100_raw=-72.46 | steps=750
2026-04-04 17:29:26 | INFO     | Episode 373 | raw=-53.71 | shaped=-53.71 | avg100_raw=-71.71 | steps=750
2026-04-04 17:29:47 | INFO     | Episode 374 | raw=-137.63 | shaped=-47.63 | avg100_raw=-72.58 | steps=666
2026-04-04 17:30:11 | INFO     | Episode 375 | raw=-57.92 | shaped=-57.92 | avg100_raw=-71.72 | steps=750
2026-04-04 17:30:32 | INFO     | Episode 376 | raw=-137.98 | shaped=-47.98 | avg100_raw=-72.60 | steps=639
2026-04-04 17:30:56 | INFO     | Episode 377 | raw=-57.56 | shaped=-57.56 | avg100_raw=-71.76 | steps=750
2026-04-04 17:31:17 | INFO     | Episode 378 | raw=-136.57 | shaped=-46.57 | avg100_raw=-72.52 | steps=664
2026-04-04 17:31:41 | INFO     | Episode 379 | raw=-51.94 | shaped=-51.94 | avg100_raw=-71.70 | steps=750
2026-04-04 17:32:05 | INFO     | Episode 380 | raw=-60.29 | shaped=-60.29 | avg100_raw=-71.75 | steps=750
2026-04-04 17:32:29 | INFO     | Episode 381 | raw=-52.98 | shaped=-52.98 | avg100_raw=-71.70 | steps=750
2026-04-04 17:32:53 | INFO     | Episode 382 | raw=-54.57 | shaped=-54.57 | avg100_raw=-71.65 | steps=750
2026-04-04 17:33:16 | INFO     | Episode 383 | raw=-48.51 | shaped=-48.51 | avg100_raw=-71.55 | steps=750
2026-04-04 17:33:40 | INFO     | Episode 384 | raw=-57.72 | shaped=-57.72 | avg100_raw=-71.58 | steps=750
2026-04-04 17:34:04 | INFO     | Episode 385 | raw=-47.55 | shaped=-47.55 | avg100_raw=-71.47 | steps=750
2026-04-04 17:34:28 | INFO     | Episode 386 | raw=-53.23 | shaped=-53.23 | avg100_raw=-71.48 | steps=750
2026-04-04 17:34:52 | INFO     | Episode 387 | raw=-52.04 | shaped=-52.04 | avg100_raw=-70.59 | steps=750
2026-04-04 17:35:15 | INFO     | Episode 388 | raw=-51.31 | shaped=-51.31 | avg100_raw=-70.53 | steps=750
2026-04-04 17:35:36 | INFO     | Episode 389 | raw=-137.69 | shaped=-47.69 | avg100_raw=-71.41 | steps=653
2026-04-04 17:36:00 | INFO     | Episode 390 | raw=-60.97 | shaped=-60.97 | avg100_raw=-71.56 | steps=750
2026-04-04 17:36:23 | INFO     | Episode 391 | raw=-52.66 | shaped=-52.66 | avg100_raw=-71.51 | steps=750
2026-04-04 17:36:47 | INFO     | Episode 392 | raw=-55.33 | shaped=-55.33 | avg100_raw=-70.60 | steps=750
2026-04-04 17:37:11 | INFO     | Episode 393 | raw=-60.47 | shaped=-60.47 | avg100_raw=-70.69 | steps=750
2026-04-04 17:37:35 | INFO     | Episode 394 | raw=-54.20 | shaped=-54.20 | avg100_raw=-70.64 | steps=750
2026-04-04 17:37:59 | INFO     | Episode 395 | raw=-59.64 | shaped=-59.64 | avg100_raw=-70.74 | steps=750
2026-04-04 17:38:23 | INFO     | Episode 396 | raw=-60.83 | shaped=-60.83 | avg100_raw=-70.75 | steps=750
2026-04-04 17:38:45 | INFO     | Episode 397 | raw=-143.23 | shaped=-53.23 | avg100_raw=-71.63 | steps=701
2026-04-04 17:39:02 | INFO     | Episode 398 | raw=-127.70 | shaped=-37.70 | avg100_raw=-72.30 | steps=519
2026-04-04 17:39:26 | INFO     | Episode 399 | raw=-47.51 | shaped=-47.51 | avg100_raw=-71.31 | steps=750
2026-04-04 17:39:50 | INFO     | Episode 400 | raw=-59.80 | shaped=-59.80 | avg100_raw=-71.41 | steps=750
2026-04-04 17:40:17 | INFO     | Eval @ episode 400 | raw_mean=-33.63 | shaped_mean=-33.63 | ckpt=artifacts\hardcore_port\sac_lstm_h12_seed42\checkpoints\ep400.pt
2026-04-04 17:40:17 | INFO     | Novi best_raw checkpoint | -33.63
2026-04-04 17:40:17 | INFO     | Novi best_shaped checkpoint | -33.63
2026-04-04 17:40:41 | INFO     | Episode 401 | raw=-50.43 | shaped=-50.43 | avg100_raw=-71.39 | steps=750
2026-04-04 17:41:05 | INFO     | Episode 402 | raw=-58.61 | shaped=-58.61 | avg100_raw=-70.69 | steps=750
2026-04-04 17:41:25 | INFO     | Episode 403 | raw=-135.72 | shaped=-45.72 | avg100_raw=-71.54 | steps=636
2026-04-04 17:41:49 | INFO     | Episode 404 | raw=-54.59 | shaped=-54.59 | avg100_raw=-71.56 | steps=750
2026-04-04 17:42:13 | INFO     | Episode 405 | raw=-148.95 | shaped=-58.95 | avg100_raw=-72.48 | steps=746
2026-04-04 17:42:37 | INFO     | Episode 406 | raw=-52.47 | shaped=-52.47 | avg100_raw=-72.41 | steps=750
2026-04-04 17:43:01 | INFO     | Episode 407 | raw=-59.83 | shaped=-59.83 | avg100_raw=-72.41 | steps=750
2026-04-04 17:43:25 | INFO     | Episode 408 | raw=-51.62 | shaped=-51.62 | avg100_raw=-72.39 | steps=750
2026-04-04 17:43:49 | INFO     | Episode 409 | raw=-55.07 | shaped=-55.07 | avg100_raw=-72.42 | steps=750
2026-04-04 17:44:13 | INFO     | Episode 410 | raw=-54.07 | shaped=-54.07 | avg100_raw=-72.38 | steps=750
2026-04-04 17:44:37 | INFO     | Episode 411 | raw=-44.80 | shaped=-44.80 | avg100_raw=-72.18 | steps=750
2026-04-04 17:45:01 | INFO     | Episode 412 | raw=-58.10 | shaped=-58.10 | avg100_raw=-72.21 | steps=750
2026-04-04 17:45:25 | INFO     | Episode 413 | raw=-58.85 | shaped=-58.85 | avg100_raw=-72.16 | steps=750
2026-04-04 17:45:49 | INFO     | Episode 414 | raw=-52.32 | shaped=-52.32 | avg100_raw=-72.08 | steps=750
2026-04-04 17:46:13 | INFO     | Episode 415 | raw=-51.98 | shaped=-51.98 | avg100_raw=-72.02 | steps=750
2026-04-04 17:46:37 | INFO     | Episode 416 | raw=-53.91 | shaped=-53.91 | avg100_raw=-71.92 | steps=750
2026-04-04 17:47:01 | INFO     | Episode 417 | raw=-53.94 | shaped=-53.94 | avg100_raw=-71.94 | steps=750
2026-04-04 17:47:20 | INFO     | Episode 418 | raw=-133.55 | shaped=-43.55 | avg100_raw=-72.69 | steps=587
2026-04-04 17:47:44 | INFO     | Episode 419 | raw=-59.98 | shaped=-59.98 | avg100_raw=-72.71 | steps=750
2026-04-04 17:48:06 | INFO     | Episode 420 | raw=-143.04 | shaped=-53.04 | avg100_raw=-73.60 | steps=699
2026-04-04 17:48:30 | INFO     | Episode 421 | raw=-52.83 | shaped=-52.83 | avg100_raw=-73.50 | steps=750
2026-04-04 17:48:54 | INFO     | Episode 422 | raw=-51.81 | shaped=-51.81 | avg100_raw=-72.75 | steps=750
2026-04-04 17:49:18 | INFO     | Episode 423 | raw=-54.51 | shaped=-54.51 | avg100_raw=-72.60 | steps=750
2026-04-04 17:49:42 | INFO     | Episode 424 | raw=-52.42 | shaped=-52.42 | avg100_raw=-72.58 | steps=750
2026-04-04 17:50:06 | INFO     | Episode 425 | raw=-57.05 | shaped=-57.05 | avg100_raw=-72.56 | steps=750
2026-04-04 17:50:29 | INFO     | Episode 426 | raw=-52.22 | shaped=-52.22 | avg100_raw=-72.44 | steps=750
2026-04-04 17:50:53 | INFO     | Episode 427 | raw=-48.39 | shaped=-48.39 | avg100_raw=-71.62 | steps=750
2026-04-04 17:51:17 | INFO     | Episode 428 | raw=-51.98 | shaped=-51.98 | avg100_raw=-71.55 | steps=750
2026-04-04 17:51:41 | INFO     | Episode 429 | raw=-53.39 | shaped=-53.39 | avg100_raw=-71.42 | steps=750
2026-04-04 17:52:05 | INFO     | Episode 430 | raw=-53.51 | shaped=-53.51 | avg100_raw=-71.25 | steps=750
2026-04-04 17:52:29 | INFO     | Episode 431 | raw=-50.01 | shaped=-50.01 | avg100_raw=-70.99 | steps=750
2026-04-04 17:52:53 | INFO     | Episode 432 | raw=-56.86 | shaped=-56.86 | avg100_raw=-70.46 | steps=750
2026-04-04 17:53:17 | INFO     | Episode 433 | raw=-51.99 | shaped=-51.99 | avg100_raw=-70.15 | steps=750
2026-04-04 17:53:42 | INFO     | Episode 434 | raw=-60.19 | shaped=-60.19 | avg100_raw=-69.97 | steps=750
2026-04-04 17:54:06 | INFO     | Episode 435 | raw=-59.36 | shaped=-59.36 | avg100_raw=-69.66 | steps=750
2026-04-04 17:54:30 | INFO     | Episode 436 | raw=-51.51 | shaped=-51.51 | avg100_raw=-69.46 | steps=750
2026-04-04 17:54:54 | INFO     | Episode 437 | raw=-49.53 | shaped=-49.53 | avg100_raw=-68.90 | steps=750
2026-04-04 17:55:18 | INFO     | Episode 438 | raw=-60.03 | shaped=-60.03 | avg100_raw=-68.65 | steps=750
2026-04-04 17:55:42 | INFO     | Episode 439 | raw=-52.46 | shaped=-52.46 | avg100_raw=-68.12 | steps=750
2026-04-04 17:56:06 | INFO     | Episode 440 | raw=-52.60 | shaped=-52.60 | avg100_raw=-67.52 | steps=750
2026-04-04 17:56:30 | INFO     | Episode 441 | raw=-53.30 | shaped=-53.30 | avg100_raw=-67.36 | steps=750
2026-04-04 17:56:54 | INFO     | Episode 442 | raw=-59.16 | shaped=-59.16 | avg100_raw=-67.35 | steps=750
2026-04-04 17:57:18 | INFO     | Episode 443 | raw=-58.61 | shaped=-58.61 | avg100_raw=-67.38 | steps=750
2026-04-04 17:57:42 | INFO     | Episode 444 | raw=-53.55 | shaped=-53.55 | avg100_raw=-66.90 | steps=750
2026-04-04 17:58:06 | INFO     | Episode 445 | raw=-51.40 | shaped=-51.40 | avg100_raw=-66.33 | steps=750
2026-04-04 17:58:30 | INFO     | Episode 446 | raw=-55.25 | shaped=-55.25 | avg100_raw=-65.81 | steps=750
2026-04-04 17:58:54 | INFO     | Episode 447 | raw=-57.27 | shaped=-57.27 | avg100_raw=-65.31 | steps=750
2026-04-04 17:59:18 | INFO     | Episode 448 | raw=-57.03 | shaped=-57.03 | avg100_raw=-64.65 | steps=750
2026-04-04 17:59:42 | INFO     | Episode 449 | raw=-57.00 | shaped=-57.00 | avg100_raw=-64.71 | steps=750
2026-04-04 18:00:05 | INFO     | Episode 450 | raw=-140.37 | shaped=-50.37 | avg100_raw=-65.53 | steps=692
2026-04-04 18:00:29 | INFO     | Episode 451 | raw=-53.56 | shaped=-53.56 | avg100_raw=-65.48 | steps=750
2026-04-04 18:00:45 | INFO     | Episode 452 | raw=-125.01 | shaped=-35.01 | avg100_raw=-66.17 | steps=496
2026-04-04 18:01:08 | INFO     | Episode 453 | raw=-142.89 | shaped=-52.89 | avg100_raw=-66.17 | steps=714
2026-04-04 18:01:32 | INFO     | Episode 454 | raw=-55.55 | shaped=-55.55 | avg100_raw=-66.13 | steps=750
2026-04-04 18:01:55 | INFO     | Episode 455 | raw=-144.42 | shaped=-54.42 | avg100_raw=-67.03 | steps=709
2026-04-04 18:02:20 | INFO     | Episode 456 | raw=-56.51 | shaped=-56.51 | avg100_raw=-67.06 | steps=750
2026-04-04 18:02:44 | INFO     | Episode 457 | raw=-146.22 | shaped=-56.22 | avg100_raw=-67.34 | steps=730
2026-04-04 18:03:06 | INFO     | Episode 458 | raw=-142.37 | shaped=-52.37 | avg100_raw=-68.28 | steps=687
2026-04-04 18:03:30 | INFO     | Episode 459 | raw=-55.49 | shaped=-55.49 | avg100_raw=-68.26 | steps=750
2026-04-04 18:03:50 | INFO     | Episode 460 | raw=-134.76 | shaped=-44.76 | avg100_raw=-69.09 | steps=619
2026-04-04 18:04:14 | INFO     | Episode 461 | raw=-58.10 | shaped=-58.10 | avg100_raw=-69.09 | steps=750
2026-04-04 18:04:38 | INFO     | Episode 462 | raw=-50.57 | shaped=-50.57 | avg100_raw=-68.99 | steps=750
2026-04-04 18:05:02 | INFO     | Episode 463 | raw=-58.73 | shaped=-58.73 | avg100_raw=-68.97 | steps=750
2026-04-04 18:05:26 | INFO     | Episode 464 | raw=-46.00 | shaped=-46.00 | avg100_raw=-68.92 | steps=750
2026-04-04 18:05:51 | INFO     | Episode 465 | raw=-57.43 | shaped=-57.43 | avg100_raw=-68.91 | steps=750
2026-04-04 18:06:15 | INFO     | Episode 466 | raw=-59.37 | shaped=-59.37 | avg100_raw=-68.95 | steps=750
2026-04-04 18:06:36 | INFO     | Episode 467 | raw=-138.48 | shaped=-48.48 | avg100_raw=-69.83 | steps=639
2026-04-04 18:07:00 | INFO     | Episode 468 | raw=-53.97 | shaped=-53.97 | avg100_raw=-69.79 | steps=750
2026-04-04 18:07:24 | INFO     | Episode 469 | raw=-51.02 | shaped=-51.02 | avg100_raw=-69.77 | steps=750
2026-04-04 18:07:47 | INFO     | Episode 470 | raw=-147.24 | shaped=-57.24 | avg100_raw=-70.65 | steps=736
2026-04-04 18:08:11 | INFO     | Episode 471 | raw=-57.86 | shaped=-57.86 | avg100_raw=-70.73 | steps=750
2026-04-04 18:08:35 | INFO     | Episode 472 | raw=-48.86 | shaped=-48.86 | avg100_raw=-70.63 | steps=750
2026-04-04 18:08:56 | INFO     | Episode 473 | raw=-138.51 | shaped=-48.51 | avg100_raw=-71.48 | steps=644
2026-04-04 18:09:20 | INFO     | Episode 474 | raw=-54.85 | shaped=-54.85 | avg100_raw=-70.65 | steps=750
2026-04-04 18:09:44 | INFO     | Episode 475 | raw=-59.57 | shaped=-59.57 | avg100_raw=-70.67 | steps=750
2026-04-04 18:10:08 | INFO     | Episode 476 | raw=-49.69 | shaped=-49.69 | avg100_raw=-69.79 | steps=750
2026-04-04 18:10:33 | INFO     | Episode 477 | raw=-58.40 | shaped=-58.40 | avg100_raw=-69.80 | steps=750
2026-04-04 18:10:57 | INFO     | Episode 478 | raw=-59.73 | shaped=-59.73 | avg100_raw=-69.03 | steps=750
2026-04-04 18:11:22 | INFO     | Episode 479 | raw=-59.84 | shaped=-59.84 | avg100_raw=-69.11 | steps=750
2026-04-04 18:11:46 | INFO     | Episode 480 | raw=-148.97 | shaped=-58.97 | avg100_raw=-69.99 | steps=746
2026-04-04 18:12:10 | INFO     | Episode 481 | raw=-60.77 | shaped=-60.77 | avg100_raw=-70.07 | steps=750
2026-04-04 18:12:34 | INFO     | Episode 482 | raw=-58.22 | shaped=-58.22 | avg100_raw=-70.11 | steps=750
2026-04-04 18:12:58 | INFO     | Episode 483 | raw=-57.65 | shaped=-57.65 | avg100_raw=-70.20 | steps=750
2026-04-04 18:13:20 | INFO     | Episode 484 | raw=-140.60 | shaped=-50.60 | avg100_raw=-71.03 | steps=667
2026-04-04 18:13:52 | INFO     | Episode 485 | raw=-45.23 | shaped=-45.23 | avg100_raw=-71.00 | steps=750
2026-04-04 18:14:19 | INFO     | Episode 486 | raw=-53.16 | shaped=-53.16 | avg100_raw=-71.00 | steps=750
2026-04-04 18:14:49 | INFO     | Episode 487 | raw=-50.63 | shaped=-50.63 | avg100_raw=-70.99 | steps=750
2026-04-04 18:15:25 | INFO     | Episode 488 | raw=-57.45 | shaped=-57.45 | avg100_raw=-71.05 | steps=750
2026-04-04 18:15:57 | INFO     | Episode 489 | raw=-46.86 | shaped=-46.86 | avg100_raw=-70.14 | steps=750
2026-04-04 18:16:29 | INFO     | Episode 490 | raw=-139.60 | shaped=-49.60 | avg100_raw=-70.93 | steps=686
2026-04-04 18:16:59 | INFO     | Episode 491 | raw=-58.30 | shaped=-58.30 | avg100_raw=-70.99 | steps=750
2026-04-04 18:17:27 | INFO     | Episode 492 | raw=-54.58 | shaped=-54.58 | avg100_raw=-70.98 | steps=750
2026-04-04 18:17:56 | INFO     | Episode 493 | raw=-53.87 | shaped=-53.87 | avg100_raw=-70.91 | steps=750
2026-04-04 18:18:19 | INFO     | Episode 494 | raw=-138.72 | shaped=-48.72 | avg100_raw=-71.76 | steps=645
2026-04-04 18:18:47 | INFO     | Episode 495 | raw=-59.23 | shaped=-59.23 | avg100_raw=-71.75 | steps=750
2026-04-04 18:19:18 | INFO     | Episode 496 | raw=-55.12 | shaped=-55.12 | avg100_raw=-71.70 | steps=750
2026-04-04 18:19:49 | INFO     | Episode 497 | raw=-55.74 | shaped=-55.74 | avg100_raw=-70.82 | steps=750
2026-04-04 18:20:20 | INFO     | Episode 498 | raw=-59.58 | shaped=-59.58 | avg100_raw=-70.14 | steps=750
2026-04-04 18:20:51 | INFO     | Episode 499 | raw=-56.96 | shaped=-56.96 | avg100_raw=-70.23 | steps=750
2026-04-04 18:21:18 | INFO     | Episode 500 | raw=-142.71 | shaped=-52.71 | avg100_raw=-71.06 | steps=736
2026-04-04 18:21:38 | INFO     | Episode 501 | raw=-135.73 | shaped=-45.73 | avg100_raw=-71.92 | steps=624
2026-04-04 18:22:03 | INFO     | Episode 502 | raw=-54.38 | shaped=-54.38 | avg100_raw=-71.87 | steps=750
2026-04-04 18:22:29 | INFO     | Episode 503 | raw=-59.00 | shaped=-59.00 | avg100_raw=-71.11 | steps=750
2026-04-04 18:22:54 | INFO     | Episode 504 | raw=-58.44 | shaped=-58.44 | avg100_raw=-71.15 | steps=750
2026-04-04 18:23:22 | INFO     | Episode 505 | raw=-148.75 | shaped=-58.75 | avg100_raw=-71.14 | steps=744
2026-04-04 18:23:51 | INFO     | Episode 506 | raw=-58.14 | shaped=-58.14 | avg100_raw=-71.20 | steps=750
2026-04-04 18:24:21 | INFO     | Episode 507 | raw=-58.57 | shaped=-58.57 | avg100_raw=-71.19 | steps=750
2026-04-04 18:24:47 | INFO     | Episode 508 | raw=-58.46 | shaped=-58.46 | avg100_raw=-71.26 | steps=750
2026-04-04 18:25:12 | INFO     | Episode 509 | raw=-61.03 | shaped=-61.03 | avg100_raw=-71.32 | steps=750
2026-04-04 18:25:37 | INFO     | Episode 510 | raw=-51.15 | shaped=-51.15 | avg100_raw=-71.29 | steps=750
2026-04-04 18:26:03 | INFO     | Episode 511 | raw=-59.55 | shaped=-59.55 | avg100_raw=-71.43 | steps=750
2026-04-04 18:26:29 | INFO     | Episode 512 | raw=-51.73 | shaped=-51.73 | avg100_raw=-71.37 | steps=750
2026-04-04 18:26:53 | INFO     | Episode 513 | raw=-144.49 | shaped=-54.49 | avg100_raw=-72.23 | steps=724
2026-04-04 18:27:22 | INFO     | Episode 514 | raw=-61.30 | shaped=-61.30 | avg100_raw=-72.32 | steps=750
2026-04-04 18:27:48 | INFO     | Episode 515 | raw=-134.03 | shaped=-44.03 | avg100_raw=-73.14 | steps=625
2026-04-04 18:28:17 | INFO     | Episode 516 | raw=-48.32 | shaped=-48.32 | avg100_raw=-73.08 | steps=750
2026-04-04 18:28:47 | INFO     | Episode 517 | raw=-46.61 | shaped=-46.61 | avg100_raw=-73.01 | steps=750
2026-04-04 18:29:18 | INFO     | Episode 518 | raw=-148.04 | shaped=-58.04 | avg100_raw=-73.15 | steps=748
2026-04-04 18:29:48 | INFO     | Episode 519 | raw=-52.91 | shaped=-52.91 | avg100_raw=-73.08 | steps=750
2026-04-04 18:30:16 | INFO     | Episode 520 | raw=-145.58 | shaped=-55.58 | avg100_raw=-73.11 | steps=738
2026-04-04 18:30:42 | INFO     | Episode 521 | raw=-52.04 | shaped=-52.04 | avg100_raw=-73.10 | steps=750
2026-04-04 18:31:08 | INFO     | Episode 522 | raw=-57.65 | shaped=-57.65 | avg100_raw=-73.16 | steps=750
2026-04-04 18:31:37 | INFO     | Episode 523 | raw=-50.70 | shaped=-50.70 | avg100_raw=-73.12 | steps=750
2026-04-04 18:32:06 | INFO     | Episode 524 | raw=-54.46 | shaped=-54.46 | avg100_raw=-73.14 | steps=750
2026-04-04 18:32:31 | INFO     | Episode 525 | raw=-140.04 | shaped=-50.04 | avg100_raw=-73.97 | steps=672
2026-04-04 18:32:58 | INFO     | Episode 526 | raw=-52.70 | shaped=-52.70 | avg100_raw=-73.98 | steps=750
2026-04-04 18:33:19 | INFO     | Episode 527 | raw=-132.40 | shaped=-42.40 | avg100_raw=-74.82 | steps=583
2026-04-04 18:33:45 | INFO     | Episode 528 | raw=-139.62 | shaped=-49.62 | avg100_raw=-75.69 | steps=680
2026-04-04 18:34:15 | INFO     | Episode 529 | raw=-51.90 | shaped=-51.90 | avg100_raw=-75.68 | steps=750
2026-04-04 18:34:42 | INFO     | Episode 530 | raw=-50.49 | shaped=-50.49 | avg100_raw=-75.65 | steps=750
2026-04-04 18:35:11 | INFO     | Episode 531 | raw=-53.61 | shaped=-53.61 | avg100_raw=-75.68 | steps=750
2026-04-04 18:35:39 | INFO     | Episode 532 | raw=-57.68 | shaped=-57.68 | avg100_raw=-75.69 | steps=750
2026-04-04 18:36:11 | INFO     | Episode 533 | raw=-51.23 | shaped=-51.23 | avg100_raw=-75.68 | steps=750
2026-04-04 18:36:45 | INFO     | Episode 534 | raw=-60.10 | shaped=-60.10 | avg100_raw=-75.68 | steps=750
2026-04-04 18:37:13 | INFO     | Episode 535 | raw=-133.01 | shaped=-43.01 | avg100_raw=-76.42 | steps=595
2026-04-04 18:37:47 | INFO     | Episode 536 | raw=-49.28 | shaped=-49.28 | avg100_raw=-76.40 | steps=750
2026-04-04 18:38:20 | INFO     | Episode 537 | raw=-47.01 | shaped=-47.01 | avg100_raw=-76.37 | steps=750
2026-04-04 18:38:52 | INFO     | Episode 538 | raw=-59.93 | shaped=-59.93 | avg100_raw=-76.37 | steps=750
2026-04-04 18:39:24 | INFO     | Episode 539 | raw=-58.59 | shaped=-58.59 | avg100_raw=-76.43 | steps=750
2026-04-04 18:39:55 | INFO     | Episode 540 | raw=-51.54 | shaped=-51.54 | avg100_raw=-76.42 | steps=750
2026-04-04 18:40:24 | INFO     | Episode 541 | raw=-57.41 | shaped=-57.41 | avg100_raw=-76.46 | steps=750
2026-04-04 18:40:54 | INFO     | Episode 542 | raw=-59.05 | shaped=-59.05 | avg100_raw=-76.46 | steps=750
2026-04-04 18:41:21 | INFO     | Episode 543 | raw=-53.60 | shaped=-53.60 | avg100_raw=-76.41 | steps=750
2026-04-04 18:41:48 | INFO     | Episode 544 | raw=-55.97 | shaped=-55.97 | avg100_raw=-76.44 | steps=750
2026-04-04 18:42:14 | INFO     | Episode 545 | raw=-59.17 | shaped=-59.17 | avg100_raw=-76.51 | steps=750
2026-04-04 18:42:41 | INFO     | Episode 546 | raw=-58.38 | shaped=-58.38 | avg100_raw=-76.54 | steps=750
2026-04-04 18:43:08 | INFO     | Episode 547 | raw=-143.54 | shaped=-53.54 | avg100_raw=-77.41 | steps=704
2026-04-04 18:43:37 | INFO     | Episode 548 | raw=-45.45 | shaped=-45.45 | avg100_raw=-77.29 | steps=750
2026-04-04 18:44:05 | INFO     | Episode 549 | raw=-140.43 | shaped=-50.43 | avg100_raw=-78.13 | steps=686
2026-04-04 18:44:32 | INFO     | Episode 550 | raw=-58.35 | shaped=-58.35 | avg100_raw=-77.31 | steps=750
2026-04-04 18:45:00 | INFO     | Episode 551 | raw=-58.26 | shaped=-58.26 | avg100_raw=-77.35 | steps=750
2026-04-04 18:45:26 | INFO     | Episode 552 | raw=-140.92 | shaped=-50.92 | avg100_raw=-77.51 | steps=681
2026-04-04 18:45:52 | INFO     | Episode 553 | raw=-59.17 | shaped=-59.17 | avg100_raw=-76.67 | steps=750
2026-04-04 18:46:20 | INFO     | Episode 554 | raw=-53.24 | shaped=-53.24 | avg100_raw=-76.65 | steps=750
2026-04-04 18:46:50 | INFO     | Episode 555 | raw=-51.28 | shaped=-51.28 | avg100_raw=-75.72 | steps=750
2026-04-04 18:47:13 | INFO     | Episode 556 | raw=-136.26 | shaped=-46.26 | avg100_raw=-76.52 | steps=621
2026-04-04 18:47:43 | INFO     | Episode 557 | raw=-55.19 | shaped=-55.19 | avg100_raw=-75.61 | steps=750
2026-04-04 18:48:16 | INFO     | Episode 558 | raw=-49.81 | shaped=-49.81 | avg100_raw=-74.68 | steps=750
2026-04-04 18:48:45 | INFO     | Episode 559 | raw=-58.02 | shaped=-58.02 | avg100_raw=-74.71 | steps=750
2026-04-04 18:49:10 | INFO     | Episode 560 | raw=-58.58 | shaped=-58.58 | avg100_raw=-73.94 | steps=750
2026-04-04 18:49:33 | INFO     | Episode 561 | raw=-58.00 | shaped=-58.00 | avg100_raw=-73.94 | steps=750
2026-04-04 18:49:58 | INFO     | Episode 562 | raw=-58.75 | shaped=-58.75 | avg100_raw=-74.03 | steps=750
2026-04-04 18:50:20 | INFO     | Episode 563 | raw=-57.14 | shaped=-57.14 | avg100_raw=-74.01 | steps=750
2026-04-04 18:50:42 | INFO     | Episode 564 | raw=-58.46 | shaped=-58.46 | avg100_raw=-74.13 | steps=750
2026-04-04 18:51:00 | INFO     | Episode 565 | raw=-132.23 | shaped=-42.23 | avg100_raw=-74.88 | steps=605
2026-04-04 18:51:21 | INFO     | Episode 566 | raw=-51.25 | shaped=-51.25 | avg100_raw=-74.80 | steps=750
2026-04-04 18:51:43 | INFO     | Episode 567 | raw=-52.03 | shaped=-52.03 | avg100_raw=-73.94 | steps=750
2026-04-04 18:52:04 | INFO     | Episode 568 | raw=-144.36 | shaped=-54.36 | avg100_raw=-74.84 | steps=730
2026-04-04 18:52:25 | INFO     | Episode 569 | raw=-51.31 | shaped=-51.31 | avg100_raw=-74.84 | steps=750
2026-04-04 18:52:44 | INFO     | Episode 570 | raw=-135.38 | shaped=-45.38 | avg100_raw=-74.72 | steps=644
2026-04-04 18:53:06 | INFO     | Episode 571 | raw=-59.34 | shaped=-59.34 | avg100_raw=-74.74 | steps=750
2026-04-04 18:53:25 | INFO     | Episode 572 | raw=-140.17 | shaped=-50.17 | avg100_raw=-75.65 | steps=670
2026-04-04 18:53:47 | INFO     | Episode 573 | raw=-59.61 | shaped=-59.61 | avg100_raw=-74.86 | steps=750
2026-04-04 18:54:09 | INFO     | Episode 574 | raw=-145.45 | shaped=-55.45 | avg100_raw=-75.77 | steps=735
2026-04-04 18:54:30 | INFO     | Episode 575 | raw=-56.96 | shaped=-56.96 | avg100_raw=-75.74 | steps=750
2026-04-04 18:54:52 | INFO     | Episode 576 | raw=-59.14 | shaped=-59.14 | avg100_raw=-75.84 | steps=750
2026-04-04 18:55:14 | INFO     | Episode 577 | raw=-55.19 | shaped=-55.19 | avg100_raw=-75.81 | steps=750
2026-04-04 18:55:35 | INFO     | Episode 578 | raw=-57.26 | shaped=-57.26 | avg100_raw=-75.78 | steps=750
2026-04-04 18:55:57 | INFO     | Episode 579 | raw=-51.22 | shaped=-51.22 | avg100_raw=-75.70 | steps=750
2026-04-04 18:56:18 | INFO     | Episode 580 | raw=-49.31 | shaped=-49.31 | avg100_raw=-74.70 | steps=750
2026-04-04 18:56:40 | INFO     | Episode 581 | raw=-59.35 | shaped=-59.35 | avg100_raw=-74.68 | steps=750
2026-04-04 18:57:01 | INFO     | Episode 582 | raw=-57.93 | shaped=-57.93 | avg100_raw=-74.68 | steps=750
2026-04-04 18:57:23 | INFO     | Episode 583 | raw=-57.60 | shaped=-57.60 | avg100_raw=-74.68 | steps=750
2026-04-04 18:57:44 | INFO     | Episode 584 | raw=-55.42 | shaped=-55.42 | avg100_raw=-73.83 | steps=750
2026-04-04 18:58:06 | INFO     | Episode 585 | raw=-56.78 | shaped=-56.78 | avg100_raw=-73.94 | steps=750
2026-04-04 18:58:28 | INFO     | Episode 586 | raw=-58.38 | shaped=-58.38 | avg100_raw=-74.00 | steps=750
2026-04-04 18:58:46 | INFO     | Episode 587 | raw=-137.31 | shaped=-47.31 | avg100_raw=-74.86 | steps=632
2026-04-04 18:59:04 | INFO     | Episode 588 | raw=-137.15 | shaped=-47.15 | avg100_raw=-75.66 | steps=627
2026-04-04 18:59:26 | INFO     | Episode 589 | raw=-46.44 | shaped=-46.44 | avg100_raw=-75.66 | steps=750
2026-04-04 18:59:44 | INFO     | Episode 590 | raw=-134.98 | shaped=-44.98 | avg100_raw=-75.61 | steps=628
2026-04-04 19:00:06 | INFO     | Episode 591 | raw=-58.10 | shaped=-58.10 | avg100_raw=-75.61 | steps=750
2026-04-04 19:00:27 | INFO     | Episode 592 | raw=-60.99 | shaped=-60.99 | avg100_raw=-75.67 | steps=750
2026-04-04 19:00:49 | INFO     | Episode 593 | raw=-47.19 | shaped=-47.19 | avg100_raw=-75.61 | steps=750
2026-04-04 19:01:09 | INFO     | Episode 594 | raw=-143.17 | shaped=-53.17 | avg100_raw=-75.65 | steps=698
2026-04-04 19:01:31 | INFO     | Episode 595 | raw=-52.09 | shaped=-52.09 | avg100_raw=-75.58 | steps=750
2026-04-04 19:01:52 | INFO     | Episode 596 | raw=-50.78 | shaped=-50.78 | avg100_raw=-75.54 | steps=750
2026-04-04 19:02:14 | INFO     | Episode 597 | raw=-58.76 | shaped=-58.76 | avg100_raw=-75.57 | steps=750
2026-04-04 19:02:34 | INFO     | Episode 598 | raw=-143.84 | shaped=-53.84 | avg100_raw=-76.41 | steps=703
2026-04-04 19:02:57 | INFO     | Episode 599 | raw=-54.53 | shaped=-54.53 | avg100_raw=-76.38 | steps=750
2026-04-04 19:03:18 | INFO     | Episode 600 | raw=-58.98 | shaped=-58.98 | avg100_raw=-75.55 | steps=750
2026-04-04 19:03:39 | INFO     | Eval @ episode 600 | raw_mean=-21.58 | shaped_mean=-21.58 | ckpt=artifacts\hardcore_port\sac_lstm_h12_seed42\checkpoints\ep600.pt
2026-04-04 19:03:39 | INFO     | Novi best_raw checkpoint | -21.58
2026-04-04 19:03:39 | INFO     | Novi best_shaped checkpoint | -21.58
2026-04-04 19:04:01 | INFO     | Episode 601 | raw=-56.48 | shaped=-56.48 | avg100_raw=-74.75 | steps=750
2026-04-04 19:04:22 | INFO     | Episode 602 | raw=-58.32 | shaped=-58.32 | avg100_raw=-74.79 | steps=750
2026-04-04 19:04:44 | INFO     | Episode 603 | raw=-50.84 | shaped=-50.84 | avg100_raw=-74.71 | steps=750
2026-04-04 19:05:05 | INFO     | Episode 604 | raw=-51.74 | shaped=-51.74 | avg100_raw=-74.64 | steps=750
2026-04-04 19:05:27 | INFO     | Episode 605 | raw=-55.42 | shaped=-55.42 | avg100_raw=-73.71 | steps=750
2026-04-04 19:05:49 | INFO     | Episode 606 | raw=-52.35 | shaped=-52.35 | avg100_raw=-73.65 | steps=750
2026-04-04 19:06:11 | INFO     | Episode 607 | raw=-47.73 | shaped=-47.73 | avg100_raw=-73.55 | steps=750
2026-04-04 19:06:33 | INFO     | Episode 608 | raw=-51.74 | shaped=-51.74 | avg100_raw=-73.48 | steps=750
2026-04-04 19:06:54 | INFO     | Episode 609 | raw=-54.40 | shaped=-54.40 | avg100_raw=-73.41 | steps=750
2026-04-04 19:07:16 | INFO     | Episode 610 | raw=-57.95 | shaped=-57.95 | avg100_raw=-73.48 | steps=750
2026-04-04 19:07:32 | INFO     | Episode 611 | raw=-130.06 | shaped=-40.06 | avg100_raw=-74.18 | steps=571
2026-04-04 19:07:54 | INFO     | Episode 612 | raw=-54.40 | shaped=-54.40 | avg100_raw=-74.21 | steps=750
2026-04-04 19:08:15 | INFO     | Episode 613 | raw=-58.04 | shaped=-58.04 | avg100_raw=-73.35 | steps=750
2026-04-04 19:08:37 | INFO     | Episode 614 | raw=-56.70 | shaped=-56.70 | avg100_raw=-73.30 | steps=750
2026-04-04 19:08:59 | INFO     | Episode 615 | raw=-57.66 | shaped=-57.66 | avg100_raw=-72.54 | steps=750
2026-04-04 19:09:16 | INFO     | Episode 616 | raw=-130.67 | shaped=-40.67 | avg100_raw=-73.36 | steps=553
2026-04-04 19:09:37 | INFO     | Episode 617 | raw=-58.12 | shaped=-58.12 | avg100_raw=-73.48 | steps=750
2026-04-04 19:09:59 | INFO     | Episode 618 | raw=-58.83 | shaped=-58.83 | avg100_raw=-72.58 | steps=750
2026-04-04 19:10:21 | INFO     | Episode 619 | raw=-52.19 | shaped=-52.19 | avg100_raw=-72.58 | steps=750
2026-04-04 19:10:43 | INFO     | Episode 620 | raw=-57.38 | shaped=-57.38 | avg100_raw=-71.69 | steps=750
2026-04-04 19:11:05 | INFO     | Episode 621 | raw=-60.70 | shaped=-60.70 | avg100_raw=-71.78 | steps=750
2026-04-04 19:11:26 | INFO     | Episode 622 | raw=-58.36 | shaped=-58.36 | avg100_raw=-71.79 | steps=750
2026-04-04 19:11:44 | INFO     | Episode 623 | raw=-137.94 | shaped=-47.94 | avg100_raw=-72.66 | steps=628
2026-04-04 19:12:06 | INFO     | Episode 624 | raw=-59.72 | shaped=-59.72 | avg100_raw=-72.71 | steps=750
2026-04-04 19:12:28 | INFO     | Episode 625 | raw=-51.38 | shaped=-51.38 | avg100_raw=-71.83 | steps=750
2026-04-04 19:12:49 | INFO     | Episode 626 | raw=-58.13 | shaped=-58.13 | avg100_raw=-71.88 | steps=750
2026-04-04 19:13:11 | INFO     | Episode 627 | raw=-52.19 | shaped=-52.19 | avg100_raw=-71.08 | steps=750
2026-04-04 19:13:33 | INFO     | Episode 628 | raw=-56.93 | shaped=-56.93 | avg100_raw=-70.25 | steps=750
2026-04-04 19:13:54 | INFO     | Episode 629 | raw=-59.47 | shaped=-59.47 | avg100_raw=-70.33 | steps=750
2026-04-04 19:14:16 | INFO     | Episode 630 | raw=-51.43 | shaped=-51.43 | avg100_raw=-70.34 | steps=750
2026-04-04 19:14:37 | INFO     | Episode 631 | raw=-53.50 | shaped=-53.50 | avg100_raw=-70.34 | steps=750
2026-04-04 19:14:57 | INFO     | Episode 632 | raw=-141.79 | shaped=-51.79 | avg100_raw=-71.18 | steps=683
2026-04-04 19:15:18 | INFO     | Episode 633 | raw=-52.65 | shaped=-52.65 | avg100_raw=-71.19 | steps=750
2026-04-04 19:15:40 | INFO     | Episode 634 | raw=-59.20 | shaped=-59.20 | avg100_raw=-71.18 | steps=750
2026-04-04 19:16:02 | INFO     | Episode 635 | raw=-59.23 | shaped=-59.23 | avg100_raw=-70.44 | steps=750
2026-04-04 19:16:23 | INFO     | Episode 636 | raw=-59.61 | shaped=-59.61 | avg100_raw=-70.55 | steps=750
2026-04-04 19:16:45 | INFO     | Episode 637 | raw=-52.39 | shaped=-52.39 | avg100_raw=-70.60 | steps=750
2026-04-04 19:17:07 | INFO     | Episode 638 | raw=-50.72 | shaped=-50.72 | avg100_raw=-70.51 | steps=750
2026-04-04 19:17:28 | INFO     | Episode 639 | raw=-57.62 | shaped=-57.62 | avg100_raw=-70.50 | steps=750
2026-04-04 19:17:50 | INFO     | Episode 640 | raw=-52.67 | shaped=-52.67 | avg100_raw=-70.51 | steps=750
2026-04-04 19:18:11 | INFO     | Episode 641 | raw=-54.40 | shaped=-54.40 | avg100_raw=-70.48 | steps=750
2026-04-04 19:18:33 | INFO     | Episode 642 | raw=-52.08 | shaped=-52.08 | avg100_raw=-70.41 | steps=750
2026-04-04 19:18:55 | INFO     | Episode 643 | raw=-55.06 | shaped=-55.06 | avg100_raw=-70.43 | steps=750
2026-04-04 19:19:17 | INFO     | Episode 644 | raw=-55.53 | shaped=-55.53 | avg100_raw=-70.42 | steps=750
2026-04-04 19:19:39 | INFO     | Episode 645 | raw=-54.51 | shaped=-54.51 | avg100_raw=-70.37 | steps=750
2026-04-04 19:20:01 | INFO     | Episode 646 | raw=-59.02 | shaped=-59.02 | avg100_raw=-70.38 | steps=750
2026-04-04 19:20:24 | INFO     | Episode 647 | raw=-59.14 | shaped=-59.14 | avg100_raw=-69.54 | steps=750
2026-04-04 19:20:46 | INFO     | Episode 648 | raw=-56.68 | shaped=-56.68 | avg100_raw=-69.65 | steps=750
2026-04-04 19:21:07 | INFO     | Episode 649 | raw=-45.14 | shaped=-45.14 | avg100_raw=-68.70 | steps=750
2026-04-04 19:21:27 | INFO     | Episode 650 | raw=-139.33 | shaped=-49.33 | avg100_raw=-69.51 | steps=664
2026-04-04 19:21:49 | INFO     | Episode 651 | raw=-58.37 | shaped=-58.37 | avg100_raw=-69.51 | steps=750
2026-04-04 19:22:06 | INFO     | Episode 652 | raw=-131.45 | shaped=-41.45 | avg100_raw=-69.41 | steps=574
2026-04-04 19:22:27 | INFO     | Episode 653 | raw=-52.13 | shaped=-52.13 | avg100_raw=-69.34 | steps=750
2026-04-04 19:22:49 | INFO     | Episode 654 | raw=-57.88 | shaped=-57.88 | avg100_raw=-69.39 | steps=750
2026-04-04 19:23:11 | INFO     | Episode 655 | raw=-50.40 | shaped=-50.40 | avg100_raw=-69.38 | steps=750
2026-04-04 19:23:33 | INFO     | Episode 656 | raw=-57.97 | shaped=-57.97 | avg100_raw=-68.60 | steps=750
2026-04-04 19:23:55 | INFO     | Episode 657 | raw=-54.73 | shaped=-54.73 | avg100_raw=-68.59 | steps=750
2026-04-04 19:24:17 | INFO     | Episode 658 | raw=-142.34 | shaped=-52.34 | avg100_raw=-69.52 | steps=721
2026-04-04 19:24:39 | INFO     | Episode 659 | raw=-58.25 | shaped=-58.25 | avg100_raw=-69.52 | steps=750
2026-04-04 19:25:00 | INFO     | Episode 660 | raw=-145.24 | shaped=-55.24 | avg100_raw=-70.39 | steps=724
2026-04-04 19:25:23 | INFO     | Episode 661 | raw=-58.38 | shaped=-58.38 | avg100_raw=-70.39 | steps=750
2026-04-04 19:25:45 | INFO     | Episode 662 | raw=-51.89 | shaped=-51.89 | avg100_raw=-70.32 | steps=750
2026-04-04 19:26:08 | INFO     | Episode 663 | raw=-54.76 | shaped=-54.76 | avg100_raw=-70.30 | steps=750
2026-04-04 19:26:30 | INFO     | Episode 664 | raw=-51.10 | shaped=-51.10 | avg100_raw=-70.22 | steps=750
2026-04-04 19:26:52 | INFO     | Episode 665 | raw=-60.37 | shaped=-60.37 | avg100_raw=-69.51 | steps=750
2026-04-04 19:27:16 | INFO     | Episode 666 | raw=-52.70 | shaped=-52.70 | avg100_raw=-69.52 | steps=750
2026-04-04 19:27:39 | INFO     | Episode 667 | raw=-54.31 | shaped=-54.31 | avg100_raw=-69.54 | steps=750
