2026-04-04 19:54:04 | INFO     | Pokretanje custom hardcore porta | mode=train | algo=sac | backbone=lstm | history=12 | frame_skip=2 | fall_penalty=-10.0 | lr=0.0004 | batch=64 | gamma=0.98 | alpha=0.05 | tau=0.01 | device=auto
2026-04-04 19:54:04 | INFO     | Custom hardcore trening | episodes=1500 | explore_ep=50 | eval_every=200 | eval_ep=20 | max_steps=750
2026-04-04 19:54:04 | INFO     | Episode 1 | raw=-99.68 | shaped=-9.68 | avg100_raw=-99.68 | steps=36
2026-04-04 19:54:04 | INFO     | Episode 2 | raw=-112.56 | shaped=-22.56 | avg100_raw=-106.12 | steps=32
2026-04-04 19:54:04 | INFO     | Episode 3 | raw=-116.48 | shaped=-26.48 | avg100_raw=-109.57 | steps=52
2026-04-04 19:54:04 | INFO     | Episode 4 | raw=-103.27 | shaped=-13.27 | avg100_raw=-108.00 | steps=43
2026-04-04 19:54:05 | INFO     | Episode 5 | raw=-22.06 | shaped=-42.06 | avg100_raw=-90.81 | steps=120
2026-04-04 19:54:05 | INFO     | Episode 6 | raw=-100.38 | shaped=-10.38 | avg100_raw=-92.41 | steps=37
2026-04-04 19:54:05 | INFO     | Episode 7 | raw=-100.33 | shaped=-10.33 | avg100_raw=-93.54 | steps=36
2026-04-04 19:54:05 | INFO     | Episode 8 | raw=-101.05 | shaped=-11.05 | avg100_raw=-94.48 | steps=59
2026-04-04 19:54:05 | INFO     | Episode 9 | raw=-17.94 | shaped=-37.94 | avg100_raw=-85.97 | steps=120
2026-04-04 19:54:05 | INFO     | Episode 10 | raw=-103.18 | shaped=-13.18 | avg100_raw=-87.69 | steps=36
2026-04-04 19:54:05 | INFO     | Episode 11 | raw=-128.05 | shaped=-38.05 | avg100_raw=-91.36 | steps=72
2026-04-04 19:54:05 | INFO     | Episode 12 | raw=-100.30 | shaped=-10.30 | avg100_raw=-92.11 | steps=37
2026-04-04 19:54:06 | INFO     | Episode 13 | raw=-26.96 | shaped=-46.96 | avg100_raw=-87.10 | steps=120
2026-04-04 19:54:06 | INFO     | Episode 14 | raw=-114.86 | shaped=-24.86 | avg100_raw=-89.08 | steps=43
2026-04-04 19:54:06 | INFO     | Episode 15 | raw=-104.96 | shaped=-14.96 | avg100_raw=-90.14 | steps=37
2026-04-04 19:54:06 | INFO     | Episode 16 | raw=-105.20 | shaped=-15.20 | avg100_raw=-91.08 | steps=33
2026-04-04 19:54:06 | INFO     | Episode 17 | raw=-15.83 | shaped=-35.83 | avg100_raw=-86.65 | steps=120
2026-04-04 19:54:06 | INFO     | Episode 18 | raw=-112.96 | shaped=-22.96 | avg100_raw=-88.11 | steps=26
2026-04-04 19:54:06 | INFO     | Episode 19 | raw=-103.54 | shaped=-13.54 | avg100_raw=-88.93 | steps=38
2026-04-04 19:54:06 | INFO     | Episode 20 | raw=-133.14 | shaped=-43.14 | avg100_raw=-91.14 | steps=110
2026-04-04 19:54:06 | INFO     | Episode 21 | raw=-119.82 | shaped=-29.82 | avg100_raw=-92.50 | steps=79
2026-04-04 19:54:07 | INFO     | Episode 22 | raw=-16.28 | shaped=-36.28 | avg100_raw=-89.04 | steps=160
2026-04-04 19:54:07 | INFO     | Episode 23 | raw=-125.16 | shaped=-35.16 | avg100_raw=-90.61 | steps=38
2026-04-04 19:54:07 | INFO     | Episode 24 | raw=-101.29 | shaped=-11.29 | avg100_raw=-91.05 | steps=42
2026-04-04 19:54:07 | INFO     | Episode 25 | raw=-114.12 | shaped=-24.12 | avg100_raw=-91.98 | steps=25
2026-04-04 19:54:07 | INFO     | Episode 26 | raw=-118.57 | shaped=-28.57 | avg100_raw=-93.00 | steps=39
2026-04-04 19:54:07 | INFO     | Episode 27 | raw=-19.81 | shaped=-39.81 | avg100_raw=-90.29 | steps=120
2026-04-04 19:54:07 | INFO     | Episode 28 | raw=-121.50 | shaped=-31.50 | avg100_raw=-91.40 | steps=40
2026-04-04 19:54:08 | INFO     | Episode 29 | raw=-98.77 | shaped=-8.77 | avg100_raw=-91.66 | steps=35
2026-04-04 19:54:08 | INFO     | Episode 30 | raw=-101.80 | shaped=-11.80 | avg100_raw=-91.99 | steps=37
2026-04-04 19:54:08 | INFO     | Episode 31 | raw=-105.41 | shaped=-15.41 | avg100_raw=-92.43 | steps=36
2026-04-04 19:54:08 | INFO     | Episode 32 | raw=-105.18 | shaped=-15.18 | avg100_raw=-92.83 | steps=50
2026-04-04 19:54:08 | INFO     | Episode 33 | raw=-101.80 | shaped=-11.80 | avg100_raw=-93.10 | steps=42
2026-04-04 19:54:08 | INFO     | Episode 34 | raw=-109.81 | shaped=-19.81 | avg100_raw=-93.59 | steps=33
2026-04-04 19:54:08 | INFO     | Episode 35 | raw=-120.83 | shaped=-30.83 | avg100_raw=-94.37 | steps=60
2026-04-04 19:54:08 | INFO     | Episode 36 | raw=-106.11 | shaped=-16.11 | avg100_raw=-94.69 | steps=29
2026-04-04 19:54:08 | INFO     | Episode 37 | raw=-133.16 | shaped=-43.16 | avg100_raw=-95.73 | steps=48
2026-04-04 19:54:08 | INFO     | Episode 38 | raw=-116.64 | shaped=-26.64 | avg100_raw=-96.28 | steps=25
2026-04-04 19:54:09 | INFO     | Episode 39 | raw=-36.70 | shaped=-56.70 | avg100_raw=-94.76 | steps=320
2026-04-04 19:54:09 | INFO     | Episode 40 | raw=-17.25 | shaped=-37.25 | avg100_raw=-92.82 | steps=160
2026-04-04 19:54:09 | INFO     | Episode 41 | raw=-106.72 | shaped=-16.72 | avg100_raw=-93.16 | steps=26
2026-04-04 19:54:10 | INFO     | Episode 42 | raw=-116.78 | shaped=-26.78 | avg100_raw=-93.72 | steps=39
2026-04-04 19:54:10 | INFO     | Episode 43 | raw=-110.68 | shaped=-20.68 | avg100_raw=-94.11 | steps=31
2026-04-04 19:54:10 | INFO     | Episode 44 | raw=-103.77 | shaped=-13.77 | avg100_raw=-94.33 | steps=24
2026-04-04 19:54:10 | INFO     | Episode 45 | raw=-99.74 | shaped=-9.74 | avg100_raw=-94.45 | steps=35
2026-04-04 19:54:10 | INFO     | Episode 46 | raw=-15.09 | shaped=-35.09 | avg100_raw=-92.73 | steps=160
2026-04-04 19:54:10 | INFO     | Episode 47 | raw=-16.90 | shaped=-36.90 | avg100_raw=-91.11 | steps=120
2026-04-04 19:54:10 | INFO     | Episode 48 | raw=-102.36 | shaped=-12.36 | avg100_raw=-91.35 | steps=26
2026-04-04 19:54:10 | INFO     | Episode 49 | raw=-114.50 | shaped=-24.50 | avg100_raw=-91.82 | steps=27
2026-04-04 19:54:11 | INFO     | Episode 50 | raw=-21.48 | shaped=-41.48 | avg100_raw=-90.41 | steps=160
2026-04-04 19:54:13 | INFO     | Episode 51 | raw=-107.70 | shaped=-17.70 | avg100_raw=-90.75 | steps=65
2026-04-04 19:54:15 | INFO     | Episode 52 | raw=-114.47 | shaped=-24.47 | avg100_raw=-91.21 | steps=39
2026-04-04 19:54:19 | INFO     | Episode 53 | raw=-18.92 | shaped=-38.92 | avg100_raw=-89.85 | steps=120
2026-04-04 19:54:20 | INFO     | Episode 54 | raw=-114.51 | shaped=-24.51 | avg100_raw=-90.30 | steps=31
2026-04-04 19:54:22 | INFO     | Episode 55 | raw=-123.36 | shaped=-33.36 | avg100_raw=-90.90 | steps=57
2026-04-04 19:54:24 | INFO     | Episode 56 | raw=-114.23 | shaped=-24.23 | avg100_raw=-91.32 | steps=33
2026-04-04 19:54:25 | INFO     | Episode 57 | raw=-118.17 | shaped=-28.17 | avg100_raw=-91.79 | steps=40
2026-04-04 19:54:28 | INFO     | Episode 58 | raw=-125.79 | shaped=-35.79 | avg100_raw=-92.38 | steps=63
2026-04-04 19:54:29 | INFO     | Episode 59 | raw=-124.28 | shaped=-34.28 | avg100_raw=-92.92 | steps=30
2026-04-04 19:54:30 | INFO     | Episode 60 | raw=-108.39 | shaped=-18.39 | avg100_raw=-93.18 | steps=26
2026-04-04 19:54:32 | INFO     | Episode 61 | raw=-117.89 | shaped=-27.89 | avg100_raw=-93.58 | steps=54
2026-04-04 19:54:33 | INFO     | Episode 62 | raw=-109.78 | shaped=-19.78 | avg100_raw=-93.84 | steps=25
2026-04-04 19:54:34 | INFO     | Episode 63 | raw=-117.75 | shaped=-27.75 | avg100_raw=-94.22 | steps=28
2026-04-04 19:54:36 | INFO     | Episode 64 | raw=-118.40 | shaped=-28.40 | avg100_raw=-94.60 | steps=58
2026-04-04 19:54:37 | INFO     | Episode 65 | raw=-113.42 | shaped=-23.42 | avg100_raw=-94.89 | steps=28
2026-04-04 19:54:39 | INFO     | Episode 66 | raw=-106.66 | shaped=-16.66 | avg100_raw=-95.07 | steps=38
2026-04-04 19:54:39 | INFO     | Episode 67 | raw=-106.74 | shaped=-16.74 | avg100_raw=-95.24 | steps=16
2026-04-04 19:54:40 | INFO     | Episode 68 | raw=-107.22 | shaped=-17.22 | avg100_raw=-95.42 | steps=32
2026-04-04 19:54:41 | INFO     | Episode 69 | raw=-110.78 | shaped=-20.78 | avg100_raw=-95.64 | steps=23
2026-04-04 19:54:42 | INFO     | Episode 70 | raw=-111.90 | shaped=-21.90 | avg100_raw=-95.87 | steps=24
2026-04-04 19:54:44 | INFO     | Episode 71 | raw=-118.16 | shaped=-28.16 | avg100_raw=-96.19 | steps=47
2026-04-04 19:54:46 | INFO     | Episode 72 | raw=-119.20 | shaped=-29.20 | avg100_raw=-96.51 | steps=41
2026-04-04 19:54:47 | INFO     | Episode 73 | raw=-114.18 | shaped=-24.18 | avg100_raw=-96.75 | steps=29
2026-04-04 19:54:52 | INFO     | Episode 74 | raw=-116.44 | shaped=-26.44 | avg100_raw=-97.01 | steps=36
2026-04-04 19:54:54 | INFO     | Episode 75 | raw=-113.59 | shaped=-23.59 | avg100_raw=-97.24 | steps=29
2026-04-04 19:54:58 | INFO     | Episode 76 | raw=-112.08 | shaped=-22.08 | avg100_raw=-97.43 | steps=43
2026-04-04 19:55:02 | INFO     | Episode 77 | raw=-106.99 | shaped=-16.99 | avg100_raw=-97.56 | steps=41
2026-04-04 19:55:05 | INFO     | Episode 78 | raw=-113.89 | shaped=-23.89 | avg100_raw=-97.76 | steps=28
2026-04-04 19:55:08 | INFO     | Episode 79 | raw=-106.90 | shaped=-16.90 | avg100_raw=-97.88 | steps=33
2026-04-04 19:55:10 | INFO     | Episode 80 | raw=-107.74 | shaped=-17.74 | avg100_raw=-98.00 | steps=22
2026-04-04 19:55:13 | INFO     | Episode 81 | raw=-108.04 | shaped=-18.04 | avg100_raw=-98.13 | steps=37
2026-04-04 19:55:17 | INFO     | Episode 82 | raw=-107.44 | shaped=-17.44 | avg100_raw=-98.24 | steps=47
2026-04-04 19:55:19 | INFO     | Episode 83 | raw=-112.70 | shaped=-22.70 | avg100_raw=-98.42 | steps=33
2026-04-04 19:55:23 | INFO     | Episode 84 | raw=-112.06 | shaped=-22.06 | avg100_raw=-98.58 | steps=38
2026-04-04 19:55:25 | INFO     | Episode 85 | raw=-108.21 | shaped=-18.21 | avg100_raw=-98.69 | steps=18
2026-04-04 19:55:27 | INFO     | Episode 86 | raw=-108.32 | shaped=-18.32 | avg100_raw=-98.80 | steps=18
2026-04-04 19:55:30 | INFO     | Episode 87 | raw=-111.88 | shaped=-21.88 | avg100_raw=-98.95 | steps=32
2026-04-04 19:55:33 | INFO     | Episode 88 | raw=-113.28 | shaped=-23.28 | avg100_raw=-99.12 | steps=34
2026-04-04 19:55:35 | INFO     | Episode 89 | raw=-114.96 | shaped=-24.96 | avg100_raw=-99.29 | steps=36
2026-04-04 19:55:37 | INFO     | Episode 90 | raw=-116.07 | shaped=-26.07 | avg100_raw=-99.48 | steps=53
2026-04-04 19:55:45 | INFO     | Episode 91 | raw=-24.75 | shaped=-44.75 | avg100_raw=-98.66 | steps=160
2026-04-04 19:55:47 | INFO     | Episode 92 | raw=-116.88 | shaped=-26.88 | avg100_raw=-98.86 | steps=38
2026-04-04 19:55:48 | INFO     | Episode 93 | raw=-111.41 | shaped=-21.41 | avg100_raw=-98.99 | steps=27
2026-04-04 19:55:50 | INFO     | Episode 94 | raw=-112.15 | shaped=-22.15 | avg100_raw=-99.13 | steps=33
2026-04-04 19:55:54 | INFO     | Episode 95 | raw=-113.74 | shaped=-23.74 | avg100_raw=-99.29 | steps=56
2026-04-04 19:56:02 | INFO     | Episode 96 | raw=-20.08 | shaped=-40.08 | avg100_raw=-98.46 | steps=120
2026-04-04 19:56:05 | INFO     | Episode 97 | raw=-116.44 | shaped=-26.44 | avg100_raw=-98.65 | steps=47
2026-04-04 19:56:07 | INFO     | Episode 98 | raw=-115.24 | shaped=-25.24 | avg100_raw=-98.82 | steps=36
2026-04-04 19:56:09 | INFO     | Episode 99 | raw=-98.13 | shaped=-8.13 | avg100_raw=-98.81 | steps=36
2026-04-04 19:56:10 | INFO     | Episode 100 | raw=-107.82 | shaped=-17.82 | avg100_raw=-98.90 | steps=20
2026-04-04 19:56:14 | INFO     | Episode 101 | raw=-124.99 | shaped=-34.99 | avg100_raw=-99.15 | steps=67
2026-04-04 19:56:18 | INFO     | Episode 102 | raw=-108.51 | shaped=-18.51 | avg100_raw=-99.11 | steps=68
2026-04-04 19:56:21 | INFO     | Episode 103 | raw=-124.14 | shaped=-34.14 | avg100_raw=-99.19 | steps=57
2026-04-04 19:56:24 | INFO     | Episode 104 | raw=-118.88 | shaped=-28.88 | avg100_raw=-99.34 | steps=57
2026-04-04 19:56:26 | INFO     | Episode 105 | raw=-105.51 | shaped=-15.51 | avg100_raw=-100.18 | steps=28
2026-04-04 19:56:28 | INFO     | Episode 106 | raw=-114.18 | shaped=-24.18 | avg100_raw=-100.32 | steps=32
2026-04-04 19:56:29 | INFO     | Episode 107 | raw=-108.90 | shaped=-18.90 | avg100_raw=-100.40 | steps=32
2026-04-04 19:56:32 | INFO     | Episode 108 | raw=-122.68 | shaped=-32.68 | avg100_raw=-100.62 | steps=55
2026-04-04 19:56:34 | INFO     | Episode 109 | raw=-114.74 | shaped=-24.74 | avg100_raw=-101.59 | steps=40
2026-04-04 19:56:34 | INFO     | Episode 110 | raw=-110.94 | shaped=-20.94 | avg100_raw=-101.66 | steps=21
2026-04-04 19:56:37 | INFO     | Episode 111 | raw=-117.86 | shaped=-27.86 | avg100_raw=-101.56 | steps=54
2026-04-04 19:56:38 | INFO     | Episode 112 | raw=-102.63 | shaped=-12.63 | avg100_raw=-101.59 | steps=35
2026-04-04 19:56:40 | INFO     | Episode 113 | raw=-100.40 | shaped=-10.40 | avg100_raw=-102.32 | steps=39
2026-04-04 19:56:41 | INFO     | Episode 114 | raw=-99.07 | shaped=-9.07 | avg100_raw=-102.16 | steps=30
2026-04-04 19:56:46 | INFO     | Episode 115 | raw=-17.30 | shaped=-37.30 | avg100_raw=-101.29 | steps=120
2026-04-04 19:56:48 | INFO     | Episode 116 | raw=-102.85 | shaped=-12.85 | avg100_raw=-101.26 | steps=39
2026-04-04 19:56:50 | INFO     | Episode 117 | raw=-101.25 | shaped=-11.25 | avg100_raw=-102.12 | steps=43
2026-04-04 19:56:58 | INFO     | Episode 118 | raw=-104.57 | shaped=-14.57 | avg100_raw=-102.03 | steps=176
2026-04-04 19:56:59 | INFO     | Episode 119 | raw=-105.79 | shaped=-15.79 | avg100_raw=-102.05 | steps=23
2026-04-04 19:57:01 | INFO     | Episode 120 | raw=-97.59 | shaped=-7.59 | avg100_raw=-101.70 | steps=36
2026-04-04 19:57:13 | INFO     | Episode 121 | raw=-138.31 | shaped=-48.31 | avg100_raw=-101.88 | steps=280
2026-04-04 19:57:15 | INFO     | Episode 122 | raw=-109.56 | shaped=-19.56 | avg100_raw=-102.82 | steps=31
2026-04-04 19:57:16 | INFO     | Episode 123 | raw=-118.28 | shaped=-28.28 | avg100_raw=-102.75 | steps=39
2026-04-04 19:57:18 | INFO     | Episode 124 | raw=-114.41 | shaped=-24.41 | avg100_raw=-102.88 | steps=28
2026-04-04 19:57:52 | INFO     | Episode 125 | raw=-127.03 | shaped=-37.03 | avg100_raw=-103.01 | steps=335
2026-04-04 19:57:55 | INFO     | Episode 126 | raw=-92.27 | shaped=-2.27 | avg100_raw=-102.75 | steps=49
2026-04-04 19:58:21 | INFO     | Episode 127 | raw=-20.87 | shaped=-40.87 | avg100_raw=-102.76 | steps=320
2026-04-04 19:58:23 | INFO     | Episode 128 | raw=-105.70 | shaped=-15.70 | avg100_raw=-102.60 | steps=28
2026-04-04 19:58:44 | INFO     | Episode 129 | raw=-119.93 | shaped=-29.93 | avg100_raw=-102.81 | steps=304
2026-04-04 19:58:46 | INFO     | Episode 130 | raw=-110.20 | shaped=-20.20 | avg100_raw=-102.89 | steps=27
2026-04-04 19:58:48 | INFO     | Episode 131 | raw=-109.14 | shaped=-19.14 | avg100_raw=-102.93 | steps=30
2026-04-04 19:58:50 | INFO     | Episode 132 | raw=-102.87 | shaped=-12.87 | avg100_raw=-102.91 | steps=30
2026-04-04 19:59:03 | INFO     | Episode 133 | raw=-16.42 | shaped=-36.42 | avg100_raw=-102.05 | steps=160
2026-04-04 19:59:07 | INFO     | Episode 134 | raw=-106.76 | shaped=-16.76 | avg100_raw=-102.02 | steps=48
2026-04-04 19:59:16 | INFO     | Episode 135 | raw=-18.54 | shaped=-38.54 | avg100_raw=-101.00 | steps=120
2026-04-04 19:59:18 | INFO     | Episode 136 | raw=-101.72 | shaped=-11.72 | avg100_raw=-100.96 | steps=23
2026-04-04 19:59:29 | INFO     | Episode 137 | raw=-21.46 | shaped=-41.46 | avg100_raw=-99.84 | steps=160
2026-04-04 19:59:32 | INFO     | Episode 138 | raw=-102.34 | shaped=-12.34 | avg100_raw=-99.70 | steps=40
2026-04-04 19:59:46 | INFO     | Episode 139 | raw=-32.59 | shaped=-52.59 | avg100_raw=-99.66 | steps=200
2026-04-04 19:59:54 | INFO     | Episode 140 | raw=-19.93 | shaped=-39.93 | avg100_raw=-99.68 | steps=120
2026-04-04 20:00:03 | INFO     | Episode 141 | raw=-22.69 | shaped=-42.69 | avg100_raw=-98.84 | steps=120
2026-04-04 20:00:11 | INFO     | Episode 142 | raw=-24.31 | shaped=-44.31 | avg100_raw=-97.92 | steps=120
2026-04-04 20:00:19 | INFO     | Episode 143 | raw=-15.73 | shaped=-35.73 | avg100_raw=-96.97 | steps=120
2026-04-04 20:00:28 | INFO     | Episode 144 | raw=-16.21 | shaped=-36.21 | avg100_raw=-96.09 | steps=120
2026-04-04 20:00:37 | INFO     | Episode 145 | raw=-16.28 | shaped=-36.28 | avg100_raw=-95.26 | steps=120
2026-04-04 20:00:45 | INFO     | Episode 146 | raw=-16.19 | shaped=-36.19 | avg100_raw=-95.27 | steps=120
2026-04-04 20:00:54 | INFO     | Episode 147 | raw=-16.80 | shaped=-36.80 | avg100_raw=-95.27 | steps=120
2026-04-04 20:01:02 | INFO     | Episode 148 | raw=-18.75 | shaped=-38.75 | avg100_raw=-94.43 | steps=120
2026-04-04 20:01:13 | INFO     | Episode 149 | raw=-19.62 | shaped=-39.62 | avg100_raw=-93.48 | steps=160
2026-04-04 20:01:22 | INFO     | Episode 150 | raw=-19.03 | shaped=-39.03 | avg100_raw=-93.46 | steps=120
2026-04-04 20:01:30 | INFO     | Episode 151 | raw=-17.47 | shaped=-37.47 | avg100_raw=-92.56 | steps=120
2026-04-04 20:01:41 | INFO     | Episode 152 | raw=-17.68 | shaped=-37.68 | avg100_raw=-91.59 | steps=160
2026-04-04 20:01:55 | INFO     | Episode 153 | raw=-33.35 | shaped=-53.35 | avg100_raw=-91.73 | steps=200
2026-04-04 20:02:04 | INFO     | Episode 154 | raw=-23.65 | shaped=-43.65 | avg100_raw=-90.82 | steps=120
2026-04-04 20:02:13 | INFO     | Episode 155 | raw=-21.61 | shaped=-41.61 | avg100_raw=-89.81 | steps=120
2026-04-04 20:02:14 | INFO     | Episode 156 | raw=-108.31 | shaped=-18.31 | avg100_raw=-89.75 | steps=15
2026-04-04 20:02:28 | INFO     | Episode 157 | raw=-38.60 | shaped=-58.60 | avg100_raw=-88.95 | steps=200
2026-04-04 20:02:30 | INFO     | Episode 158 | raw=-106.98 | shaped=-16.98 | avg100_raw=-88.76 | steps=28
2026-04-04 20:02:38 | INFO     | Episode 159 | raw=-38.26 | shaped=-58.26 | avg100_raw=-87.90 | steps=120
2026-04-04 20:02:40 | INFO     | Episode 160 | raw=-119.51 | shaped=-29.51 | avg100_raw=-88.01 | steps=24
2026-04-04 20:02:42 | INFO     | Episode 161 | raw=-116.84 | shaped=-26.84 | avg100_raw=-88.00 | steps=20
2026-04-04 20:02:43 | INFO     | Episode 162 | raw=-106.38 | shaped=-16.38 | avg100_raw=-87.97 | steps=27
2026-04-04 20:02:45 | INFO     | Episode 163 | raw=-114.34 | shaped=-24.34 | avg100_raw=-87.94 | steps=19
2026-04-04 20:02:47 | INFO     | Episode 164 | raw=-107.02 | shaped=-17.02 | avg100_raw=-87.82 | steps=28
2026-04-04 20:02:49 | INFO     | Episode 165 | raw=-115.62 | shaped=-25.62 | avg100_raw=-87.84 | steps=24
2026-04-04 20:02:51 | INFO     | Episode 166 | raw=-105.55 | shaped=-15.55 | avg100_raw=-87.83 | steps=25
2026-04-04 20:02:52 | INFO     | Episode 167 | raw=-113.45 | shaped=-23.45 | avg100_raw=-87.90 | steps=19
2026-04-04 20:02:55 | INFO     | Episode 168 | raw=-114.84 | shaped=-24.84 | avg100_raw=-87.98 | steps=27
2026-04-04 20:02:59 | INFO     | Episode 169 | raw=-105.70 | shaped=-15.70 | avg100_raw=-87.93 | steps=51
2026-04-04 20:03:00 | INFO     | Episode 170 | raw=-111.40 | shaped=-21.40 | avg100_raw=-87.92 | steps=19
2026-04-04 20:03:13 | INFO     | Episode 171 | raw=-21.96 | shaped=-41.96 | avg100_raw=-86.96 | steps=160
2026-04-04 20:03:15 | INFO     | Episode 172 | raw=-111.77 | shaped=-21.77 | avg100_raw=-86.88 | steps=31
2026-04-04 20:03:17 | INFO     | Episode 173 | raw=-107.77 | shaped=-17.77 | avg100_raw=-86.82 | steps=23
2026-04-04 20:03:26 | INFO     | Episode 174 | raw=-94.11 | shaped=-4.11 | avg100_raw=-86.60 | steps=135
2026-04-04 20:03:27 | INFO     | Episode 175 | raw=-107.20 | shaped=-17.20 | avg100_raw=-86.53 | steps=21
2026-04-04 20:03:29 | INFO     | Episode 176 | raw=-108.29 | shaped=-18.29 | avg100_raw=-86.49 | steps=24
2026-04-04 20:03:40 | INFO     | Episode 177 | raw=-22.30 | shaped=-42.30 | avg100_raw=-85.65 | steps=160
2026-04-04 20:03:49 | INFO     | Episode 178 | raw=-19.42 | shaped=-39.42 | avg100_raw=-84.70 | steps=120
2026-04-04 20:04:00 | INFO     | Episode 179 | raw=-19.18 | shaped=-39.18 | avg100_raw=-83.83 | steps=160
2026-04-04 20:04:09 | INFO     | Episode 180 | raw=-17.14 | shaped=-37.14 | avg100_raw=-82.92 | steps=120
2026-04-04 20:04:18 | INFO     | Episode 181 | raw=-18.79 | shaped=-38.79 | avg100_raw=-82.03 | steps=120
2026-04-04 20:04:27 | INFO     | Episode 182 | raw=-21.19 | shaped=-41.19 | avg100_raw=-81.16 | steps=120
2026-04-04 20:04:41 | INFO     | Episode 183 | raw=-23.72 | shaped=-43.72 | avg100_raw=-80.28 | steps=200
2026-04-04 20:04:50 | INFO     | Episode 184 | raw=-16.09 | shaped=-36.09 | avg100_raw=-79.32 | steps=120
2026-04-04 20:05:01 | INFO     | Episode 185 | raw=-21.02 | shaped=-41.02 | avg100_raw=-78.44 | steps=160
2026-04-04 20:05:12 | INFO     | Episode 186 | raw=-18.36 | shaped=-38.36 | avg100_raw=-77.54 | steps=160
2026-04-04 20:05:21 | INFO     | Episode 187 | raw=-17.51 | shaped=-37.51 | avg100_raw=-76.60 | steps=120
2026-04-04 20:05:35 | INFO     | Episode 188 | raw=-23.69 | shaped=-43.69 | avg100_raw=-75.70 | steps=200
2026-04-04 20:05:52 | INFO     | Episode 189 | raw=-23.31 | shaped=-43.31 | avg100_raw=-74.79 | steps=240
2026-04-04 20:05:55 | INFO     | Episode 190 | raw=-104.34 | shaped=-14.34 | avg100_raw=-74.67 | steps=35
2026-04-04 20:05:56 | INFO     | Episode 191 | raw=-100.77 | shaped=-10.77 | avg100_raw=-75.43 | steps=24
2026-04-04 20:05:58 | INFO     | Episode 192 | raw=-99.86 | shaped=-9.86 | avg100_raw=-75.26 | steps=28
2026-04-04 20:06:04 | INFO     | Episode 193 | raw=-105.11 | shaped=-15.11 | avg100_raw=-75.20 | steps=88
2026-04-04 20:06:10 | INFO     | Episode 194 | raw=-102.56 | shaped=-12.56 | avg100_raw=-75.10 | steps=75
2026-04-04 20:06:24 | INFO     | Episode 195 | raw=-104.99 | shaped=-14.99 | avg100_raw=-75.01 | steps=190
2026-04-04 20:06:26 | INFO     | Episode 196 | raw=-98.03 | shaped=-8.03 | avg100_raw=-75.79 | steps=30
2026-04-04 20:06:29 | INFO     | Episode 197 | raw=-103.47 | shaped=-13.47 | avg100_raw=-75.66 | steps=38
2026-04-04 20:06:32 | INFO     | Episode 198 | raw=-108.02 | shaped=-18.02 | avg100_raw=-75.59 | steps=51
2026-04-04 20:06:35 | INFO     | Episode 199 | raw=-99.19 | shaped=-9.19 | avg100_raw=-75.60 | steps=38
2026-04-04 20:06:38 | INFO     | Episode 200 | raw=-103.27 | shaped=-13.27 | avg100_raw=-75.56 | steps=42
2026-04-04 20:06:47 | INFO     | Eval @ episode 200 | raw_mean=-92.19 | shaped_mean=-7.69 | ckpt=artifacts\hardcore_port\sac_lstm_h12_seed42_lr0p0004_bs64_fs2_fpm10_a0p05_astall_gw80_cw40_mp0p35_pt2_spm20\checkpoints\ep200.pt
2026-04-04 20:06:47 | INFO     | Novi best_raw checkpoint | -92.19
2026-04-04 20:06:47 | INFO     | Novi best_shaped checkpoint | -7.69
2026-04-04 20:06:51 | INFO     | Episode 201 | raw=-97.45 | shaped=-7.45 | avg100_raw=-75.28 | steps=56
2026-04-04 20:06:55 | INFO     | Episode 202 | raw=-105.63 | shaped=-15.63 | avg100_raw=-75.25 | steps=46
2026-04-04 20:07:04 | INFO     | Episode 203 | raw=-15.86 | shaped=-35.86 | avg100_raw=-74.17 | steps=120
2026-04-04 20:07:06 | INFO     | Episode 204 | raw=-99.28 | shaped=-9.28 | avg100_raw=-73.97 | steps=33
2026-04-04 20:07:09 | INFO     | Episode 205 | raw=-99.99 | shaped=-9.99 | avg100_raw=-73.92 | steps=36
2026-04-04 20:07:13 | INFO     | Episode 206 | raw=-98.11 | shaped=-8.11 | avg100_raw=-73.76 | steps=59
2026-04-04 20:07:16 | INFO     | Episode 207 | raw=-105.09 | shaped=-15.09 | avg100_raw=-73.72 | steps=39
2026-04-04 20:07:19 | INFO     | Episode 208 | raw=-102.10 | shaped=-12.10 | avg100_raw=-73.51 | steps=35
2026-04-04 20:07:29 | INFO     | Episode 209 | raw=-107.03 | shaped=-17.03 | avg100_raw=-73.44 | steps=137
2026-04-04 20:07:38 | INFO     | Episode 210 | raw=-16.14 | shaped=-36.14 | avg100_raw=-72.49 | steps=120
2026-04-04 20:07:44 | INFO     | Episode 211 | raw=-99.90 | shaped=-9.90 | avg100_raw=-72.31 | steps=86
2026-04-04 20:07:47 | INFO     | Episode 212 | raw=-98.89 | shaped=-8.89 | avg100_raw=-72.27 | steps=40
2026-04-04 20:07:59 | INFO     | Episode 213 | raw=-103.03 | shaped=-13.03 | avg100_raw=-72.30 | steps=170
2026-04-04 20:08:10 | INFO     | Episode 214 | raw=-93.30 | shaped=-3.30 | avg100_raw=-72.24 | steps=144
2026-04-04 20:08:27 | INFO     | Episode 215 | raw=-4.49 | shaped=-24.49 | avg100_raw=-72.11 | steps=240
2026-04-04 20:08:50 | INFO     | Episode 216 | raw=-19.46 | shaped=-39.46 | avg100_raw=-71.28 | steps=320
2026-04-04 20:09:07 | INFO     | Episode 217 | raw=-28.34 | shaped=-48.34 | avg100_raw=-70.55 | steps=240
2026-04-04 20:09:16 | INFO     | Episode 218 | raw=-16.60 | shaped=-36.60 | avg100_raw=-69.67 | steps=120
2026-04-04 20:09:27 | INFO     | Episode 219 | raw=-20.77 | shaped=-40.77 | avg100_raw=-68.82 | steps=160
2026-04-04 20:09:30 | INFO     | Episode 220 | raw=-98.20 | shaped=-8.20 | avg100_raw=-68.83 | steps=37
2026-04-04 20:09:42 | INFO     | Episode 221 | raw=-22.19 | shaped=-42.19 | avg100_raw=-67.66 | steps=160
2026-04-04 20:09:51 | INFO     | Episode 222 | raw=-25.78 | shaped=-45.78 | avg100_raw=-66.83 | steps=120
2026-04-04 20:10:00 | INFO     | Episode 223 | raw=-19.97 | shaped=-39.97 | avg100_raw=-65.84 | steps=120
2026-04-04 20:10:03 | INFO     | Episode 224 | raw=-116.13 | shaped=-26.13 | avg100_raw=-65.86 | steps=50
2026-04-04 20:10:12 | INFO     | Episode 225 | raw=-26.30 | shaped=-46.30 | avg100_raw=-64.85 | steps=120
2026-04-04 20:10:42 | INFO     | Episode 226 | raw=-51.23 | shaped=-71.23 | avg100_raw=-64.44 | steps=400
2026-04-04 20:10:45 | INFO     | Episode 227 | raw=-98.92 | shaped=-8.92 | avg100_raw=-65.22 | steps=35
2026-04-04 20:10:47 | INFO     | Episode 228 | raw=-98.84 | shaped=-8.84 | avg100_raw=-65.16 | steps=34
2026-04-04 20:10:50 | INFO     | Episode 229 | raw=-101.35 | shaped=-11.35 | avg100_raw=-64.97 | steps=35
2026-04-04 20:11:02 | INFO     | Episode 230 | raw=-16.61 | shaped=-36.61 | avg100_raw=-64.03 | steps=160
2026-04-04 20:11:29 | INFO     | Episode 231 | raw=-15.28 | shaped=-35.28 | avg100_raw=-63.09 | steps=360
2026-04-04 20:11:32 | INFO     | Episode 232 | raw=-100.76 | shaped=-10.76 | avg100_raw=-63.07 | steps=38
2026-04-04 20:11:35 | INFO     | Episode 233 | raw=-98.43 | shaped=-8.43 | avg100_raw=-63.89 | steps=38
2026-04-04 20:11:38 | INFO     | Episode 234 | raw=-97.56 | shaped=-7.56 | avg100_raw=-63.80 | steps=43
2026-04-04 20:11:40 | INFO     | Episode 235 | raw=-101.09 | shaped=-11.09 | avg100_raw=-64.63 | steps=34
2026-04-04 20:11:43 | INFO     | Episode 236 | raw=-101.52 | shaped=-11.52 | avg100_raw=-64.63 | steps=42
2026-04-04 20:12:03 | INFO     | Episode 237 | raw=-114.56 | shaped=-24.56 | avg100_raw=-65.56 | steps=267
2026-04-04 20:12:24 | INFO     | Episode 238 | raw=-24.97 | shaped=-44.97 | avg100_raw=-64.78 | steps=280
2026-04-04 20:12:37 | INFO     | Episode 239 | raw=-100.16 | shaped=-10.16 | avg100_raw=-65.46 | steps=176
2026-04-04 20:12:40 | INFO     | Episode 240 | raw=-97.55 | shaped=-7.55 | avg100_raw=-66.23 | steps=33
2026-04-04 20:12:43 | INFO     | Episode 241 | raw=-98.94 | shaped=-8.94 | avg100_raw=-67.00 | steps=38
2026-04-04 20:12:45 | INFO     | Episode 242 | raw=-97.00 | shaped=-7.00 | avg100_raw=-67.72 | steps=33
2026-04-04 20:12:48 | INFO     | Episode 243 | raw=-100.43 | shaped=-10.43 | avg100_raw=-68.57 | steps=36
2026-04-04 20:12:51 | INFO     | Episode 244 | raw=-98.12 | shaped=-8.12 | avg100_raw=-69.39 | steps=38
2026-04-04 20:13:28 | INFO     | Episode 245 | raw=-39.00 | shaped=-59.00 | avg100_raw=-69.62 | steps=480
2026-04-04 20:13:31 | INFO     | Episode 246 | raw=-101.86 | shaped=-11.86 | avg100_raw=-70.47 | steps=31
2026-04-04 20:13:45 | INFO     | Episode 247 | raw=-101.05 | shaped=-11.05 | avg100_raw=-71.32 | steps=188
2026-04-04 20:13:58 | INFO     | Episode 248 | raw=-15.73 | shaped=-35.73 | avg100_raw=-71.29 | steps=160
2026-04-04 20:14:06 | INFO     | Episode 249 | raw=-112.26 | shaped=-22.26 | avg100_raw=-72.21 | steps=105
2026-04-04 20:14:09 | INFO     | Episode 250 | raw=-98.15 | shaped=-8.15 | avg100_raw=-73.00 | steps=42
2026-04-04 20:14:12 | INFO     | Episode 251 | raw=-101.52 | shaped=-11.52 | avg100_raw=-73.84 | steps=39
2026-04-04 20:14:14 | INFO     | Episode 252 | raw=-99.89 | shaped=-9.89 | avg100_raw=-74.67 | steps=30
2026-04-04 20:14:16 | INFO     | Episode 253 | raw=-100.58 | shaped=-10.58 | avg100_raw=-75.34 | steps=30
2026-04-04 20:14:19 | INFO     | Episode 254 | raw=-97.09 | shaped=-7.09 | avg100_raw=-76.07 | steps=33
2026-04-04 20:14:21 | INFO     | Episode 255 | raw=-100.88 | shaped=-10.88 | avg100_raw=-76.87 | steps=25
2026-04-04 20:14:41 | INFO     | Episode 256 | raw=-24.26 | shaped=-44.26 | avg100_raw=-76.03 | steps=280
2026-04-04 20:15:01 | INFO     | Episode 257 | raw=-13.90 | shaped=-33.90 | avg100_raw=-75.78 | steps=280
2026-04-04 20:15:16 | INFO     | Episode 258 | raw=-16.78 | shaped=-36.78 | avg100_raw=-74.88 | steps=200
2026-04-04 20:15:37 | INFO     | Episode 259 | raw=-111.79 | shaped=-21.79 | avg100_raw=-75.61 | steps=300
2026-04-04 20:15:46 | INFO     | Episode 260 | raw=-14.66 | shaped=-34.66 | avg100_raw=-74.56 | steps=120
2026-04-04 20:15:58 | INFO     | Episode 261 | raw=-5.66 | shaped=-25.66 | avg100_raw=-73.45 | steps=160
2026-04-04 20:16:01 | INFO     | Episode 262 | raw=-92.64 | shaped=-2.64 | avg100_raw=-73.31 | steps=45
2026-04-04 20:16:12 | INFO     | Episode 263 | raw=-13.32 | shaped=-33.32 | avg100_raw=-72.30 | steps=160
2026-04-04 20:16:26 | INFO     | Episode 264 | raw=-15.41 | shaped=-35.41 | avg100_raw=-71.39 | steps=200
2026-04-04 20:16:38 | INFO     | Episode 265 | raw=-14.38 | shaped=-34.38 | avg100_raw=-70.38 | steps=160
2026-04-04 20:16:54 | INFO     | Episode 266 | raw=-8.83 | shaped=-28.83 | avg100_raw=-69.41 | steps=240
2026-04-04 20:16:57 | INFO     | Episode 267 | raw=-105.83 | shaped=-15.83 | avg100_raw=-69.33 | steps=36
2026-04-04 20:17:14 | INFO     | Episode 268 | raw=-19.88 | shaped=-39.88 | avg100_raw=-68.38 | steps=240
2026-04-04 20:17:40 | INFO     | Episode 269 | raw=-24.14 | shaped=-44.14 | avg100_raw=-67.57 | steps=360
2026-04-04 20:17:49 | INFO     | Episode 270 | raw=-16.44 | shaped=-36.44 | avg100_raw=-66.62 | steps=120
2026-04-04 20:18:00 | INFO     | Episode 271 | raw=-9.00 | shaped=-29.00 | avg100_raw=-66.49 | steps=160
2026-04-04 20:18:12 | INFO     | Episode 272 | raw=-8.27 | shaped=-28.27 | avg100_raw=-65.45 | steps=160
2026-04-04 20:18:30 | INFO     | Episode 273 | raw=-105.32 | shaped=-15.32 | avg100_raw=-65.43 | steps=253
2026-04-04 20:18:44 | INFO     | Episode 274 | raw=-13.63 | shaped=-33.63 | avg100_raw=-64.62 | steps=200
2026-04-04 20:18:50 | INFO     | Episode 275 | raw=-88.54 | shaped=1.46 | avg100_raw=-64.44 | steps=74
2026-04-04 20:19:01 | INFO     | Episode 276 | raw=-15.21 | shaped=-35.21 | avg100_raw=-63.51 | steps=160
2026-04-04 20:19:04 | INFO     | Episode 277 | raw=-124.64 | shaped=-34.64 | avg100_raw=-64.53 | steps=42
2026-04-04 20:19:13 | INFO     | Episode 278 | raw=-13.96 | shaped=-33.96 | avg100_raw=-64.47 | steps=120
2026-04-04 20:19:25 | INFO     | Episode 279 | raw=-6.59 | shaped=-26.59 | avg100_raw=-64.35 | steps=160
2026-04-04 20:19:36 | INFO     | Episode 280 | raw=-13.76 | shaped=-33.76 | avg100_raw=-64.31 | steps=160
2026-04-04 20:19:54 | INFO     | Episode 281 | raw=-17.34 | shaped=-37.34 | avg100_raw=-64.30 | steps=240
2026-04-04 20:20:08 | INFO     | Episode 282 | raw=-27.15 | shaped=-47.15 | avg100_raw=-64.36 | steps=200
2026-04-04 20:20:26 | INFO     | Episode 283 | raw=-23.44 | shaped=-43.44 | avg100_raw=-64.36 | steps=280
2026-04-04 20:20:37 | INFO     | Episode 284 | raw=-9.21 | shaped=-29.21 | avg100_raw=-64.29 | steps=160
2026-04-04 20:20:51 | INFO     | Episode 285 | raw=-12.61 | shaped=-32.61 | avg100_raw=-64.20 | steps=200
2026-04-04 20:21:27 | INFO     | Episode 286 | raw=-102.91 | shaped=-12.91 | avg100_raw=-65.05 | steps=530
2026-04-04 20:21:43 | INFO     | Episode 287 | raw=-18.95 | shaped=-38.95 | avg100_raw=-65.06 | steps=240
2026-04-04 20:21:58 | INFO     | Episode 288 | raw=-14.92 | shaped=-34.92 | avg100_raw=-64.98 | steps=240
2026-04-04 20:22:13 | INFO     | Episode 289 | raw=-20.15 | shaped=-40.15 | avg100_raw=-64.94 | steps=280
2026-04-04 20:22:15 | INFO     | Episode 290 | raw=-98.03 | shaped=-8.03 | avg100_raw=-64.88 | steps=44
2026-04-04 20:22:24 | INFO     | Episode 291 | raw=-11.74 | shaped=-31.74 | avg100_raw=-63.99 | steps=160
2026-04-04 20:22:37 | INFO     | Episode 292 | raw=-107.60 | shaped=-17.60 | avg100_raw=-64.07 | steps=266
2026-04-04 20:22:44 | INFO     | Episode 293 | raw=-9.32 | shaped=-29.32 | avg100_raw=-63.11 | steps=160
2026-04-04 20:22:50 | INFO     | Episode 294 | raw=-12.46 | shaped=-32.46 | avg100_raw=-62.21 | steps=120
2026-04-04 20:22:52 | INFO     | Episode 295 | raw=-100.91 | shaped=-10.91 | avg100_raw=-62.17 | steps=30
2026-04-04 20:22:59 | INFO     | Episode 296 | raw=-12.57 | shaped=-32.57 | avg100_raw=-61.31 | steps=160
2026-04-04 20:23:07 | INFO     | Episode 297 | raw=-12.19 | shaped=-32.19 | avg100_raw=-60.40 | steps=160
2026-04-04 20:23:14 | INFO     | Episode 298 | raw=-9.82 | shaped=-29.82 | avg100_raw=-59.42 | steps=160
2026-04-04 20:23:25 | INFO     | Episode 299 | raw=-15.88 | shaped=-35.88 | avg100_raw=-58.59 | steps=240
2026-04-04 20:23:31 | INFO     | Episode 300 | raw=-11.07 | shaped=-31.07 | avg100_raw=-57.66 | steps=120
2026-04-04 20:23:38 | INFO     | Episode 301 | raw=-14.23 | shaped=-34.23 | avg100_raw=-56.83 | steps=160
2026-04-04 20:23:48 | INFO     | Episode 302 | raw=-103.75 | shaped=-13.75 | avg100_raw=-56.81 | steps=228
2026-04-04 20:24:02 | INFO     | Episode 303 | raw=-113.09 | shaped=-23.09 | avg100_raw=-57.79 | steps=305
2026-04-04 20:24:08 | INFO     | Episode 304 | raw=-17.09 | shaped=-37.09 | avg100_raw=-56.96 | steps=120
2026-04-04 20:24:15 | INFO     | Episode 305 | raw=-11.78 | shaped=-31.78 | avg100_raw=-56.08 | steps=160
2026-04-04 20:24:22 | INFO     | Episode 306 | raw=-12.89 | shaped=-32.89 | avg100_raw=-55.23 | steps=160
2026-04-04 20:24:29 | INFO     | Episode 307 | raw=-10.09 | shaped=-30.09 | avg100_raw=-54.28 | steps=160
2026-04-04 20:24:45 | INFO     | Episode 308 | raw=-27.32 | shaped=-47.32 | avg100_raw=-53.53 | steps=360
2026-04-04 20:24:56 | INFO     | Episode 309 | raw=-103.63 | shaped=-13.63 | avg100_raw=-53.50 | steps=250
2026-04-04 20:25:09 | INFO     | Episode 310 | raw=-13.47 | shaped=-33.47 | avg100_raw=-53.47 | steps=280
2026-04-04 20:25:16 | INFO     | Episode 311 | raw=-15.31 | shaped=-35.31 | avg100_raw=-52.62 | steps=160
2026-04-04 20:25:27 | INFO     | Episode 312 | raw=-106.17 | shaped=-16.17 | avg100_raw=-52.70 | steps=254
2026-04-04 20:25:34 | INFO     | Episode 313 | raw=-7.77 | shaped=-27.77 | avg100_raw=-51.75 | steps=160
2026-04-04 20:25:41 | INFO     | Episode 314 | raw=-10.42 | shaped=-30.42 | avg100_raw=-50.92 | steps=160
2026-04-04 20:25:50 | INFO     | Episode 315 | raw=-17.37 | shaped=-37.37 | avg100_raw=-51.05 | steps=200
2026-04-04 20:25:58 | INFO     | Episode 316 | raw=-11.17 | shaped=-31.17 | avg100_raw=-50.96 | steps=200
2026-04-04 20:26:19 | INFO     | Episode 317 | raw=-26.69 | shaped=-46.69 | avg100_raw=-50.95 | steps=480
2026-04-04 20:26:38 | INFO     | Episode 318 | raw=-21.93 | shaped=-41.93 | avg100_raw=-51.00 | steps=440
2026-04-04 20:26:46 | INFO     | Episode 319 | raw=-94.56 | shaped=-4.56 | avg100_raw=-51.74 | steps=166
2026-04-04 20:26:48 | INFO     | Episode 320 | raw=-97.29 | shaped=-7.29 | avg100_raw=-51.73 | steps=54
2026-04-04 20:26:50 | INFO     | Episode 321 | raw=-100.75 | shaped=-10.75 | avg100_raw=-52.51 | steps=54
2026-04-04 20:26:58 | INFO     | Episode 322 | raw=-97.98 | shaped=-7.98 | avg100_raw=-53.24 | steps=177
2026-04-04 20:27:10 | INFO     | Episode 323 | raw=-20.25 | shaped=-40.25 | avg100_raw=-53.24 | steps=280
2026-04-04 20:27:19 | INFO     | Episode 324 | raw=-101.23 | shaped=-11.23 | avg100_raw=-53.09 | steps=212
2026-04-04 20:27:22 | INFO     | Episode 325 | raw=-111.35 | shaped=-21.35 | avg100_raw=-53.94 | steps=51
2026-04-04 20:27:37 | INFO     | Episode 326 | raw=-22.97 | shaped=-42.97 | avg100_raw=-53.66 | steps=360
2026-04-04 20:27:44 | INFO     | Episode 327 | raw=-5.29 | shaped=-25.29 | avg100_raw=-52.72 | steps=160
2026-04-04 20:27:52 | INFO     | Episode 328 | raw=-95.44 | shaped=-5.44 | avg100_raw=-52.69 | steps=180
2026-04-04 20:28:04 | INFO     | Episode 329 | raw=-105.33 | shaped=-15.33 | avg100_raw=-52.73 | steps=264
2026-04-04 20:28:14 | INFO     | Episode 330 | raw=-15.60 | shaped=-35.60 | avg100_raw=-52.72 | steps=240
2026-04-04 20:28:24 | INFO     | Episode 331 | raw=-100.85 | shaped=-10.85 | avg100_raw=-53.57 | steps=216
2026-04-04 20:28:28 | INFO     | Episode 332 | raw=-86.48 | shaped=3.52 | avg100_raw=-53.43 | steps=99
2026-04-04 20:28:38 | INFO     | Episode 333 | raw=-14.43 | shaped=-34.43 | avg100_raw=-52.59 | steps=240
2026-04-04 20:28:46 | INFO     | Episode 334 | raw=-98.55 | shaped=-8.55 | avg100_raw=-52.60 | steps=191
2026-04-04 20:28:55 | INFO     | Episode 335 | raw=-14.74 | shaped=-34.74 | avg100_raw=-51.74 | steps=160
2026-04-04 20:29:06 | INFO     | Episode 336 | raw=-105.33 | shaped=-15.33 | avg100_raw=-51.77 | steps=204
2026-04-04 20:29:24 | INFO     | Episode 337 | raw=-102.56 | shaped=-12.56 | avg100_raw=-51.65 | steps=422
2026-04-04 20:29:47 | INFO     | Episode 338 | raw=-27.99 | shaped=-47.99 | avg100_raw=-51.68 | steps=520
2026-04-04 20:29:57 | INFO     | Episode 339 | raw=-15.26 | shaped=-35.26 | avg100_raw=-50.84 | steps=240
2026-04-04 20:30:03 | INFO     | Episode 340 | raw=-90.09 | shaped=-0.09 | avg100_raw=-50.76 | steps=128
2026-04-04 20:30:15 | INFO     | Episode 341 | raw=-19.25 | shaped=-39.25 | avg100_raw=-49.96 | steps=280
2026-04-04 20:30:26 | INFO     | Episode 342 | raw=-14.87 | shaped=-34.87 | avg100_raw=-49.14 | steps=240
2026-04-04 20:30:42 | INFO     | Episode 343 | raw=-23.78 | shaped=-43.78 | avg100_raw=-48.38 | steps=400
2026-04-04 20:30:54 | INFO     | Episode 344 | raw=-20.99 | shaped=-40.99 | avg100_raw=-47.60 | steps=280
2026-04-04 20:31:04 | INFO     | Episode 345 | raw=-16.07 | shaped=-36.07 | avg100_raw=-47.38 | steps=240
2026-04-04 20:31:25 | INFO     | Episode 346 | raw=-7.81 | shaped=-27.81 | avg100_raw=-46.43 | steps=520
2026-04-04 20:31:36 | INFO     | Episode 347 | raw=-18.48 | shaped=-38.48 | avg100_raw=-45.61 | steps=240
2026-04-04 20:31:44 | INFO     | Episode 348 | raw=-11.50 | shaped=-31.50 | avg100_raw=-45.57 | steps=200
2026-04-04 20:31:59 | INFO     | Episode 349 | raw=-23.48 | shaped=-43.48 | avg100_raw=-44.68 | steps=360
2026-04-04 20:32:07 | INFO     | Episode 350 | raw=-11.72 | shaped=-31.72 | avg100_raw=-43.81 | steps=200
2026-04-04 20:32:15 | INFO     | Episode 351 | raw=-11.19 | shaped=-31.19 | avg100_raw=-42.91 | steps=200
2026-04-04 20:32:29 | INFO     | Episode 352 | raw=-91.21 | shaped=-1.21 | avg100_raw=-42.82 | steps=334
2026-04-04 20:32:37 | INFO     | Episode 353 | raw=-99.76 | shaped=-9.76 | avg100_raw=-42.82 | steps=204
2026-04-04 20:32:43 | INFO     | Episode 354 | raw=-6.34 | shaped=-26.34 | avg100_raw=-41.91 | steps=160
2026-04-04 20:32:57 | INFO     | Episode 355 | raw=-100.49 | shaped=-10.49 | avg100_raw=-41.90 | steps=347
2026-04-04 20:33:12 | INFO     | Episode 356 | raw=-21.59 | shaped=-41.59 | avg100_raw=-41.88 | steps=360
2026-04-04 20:33:20 | INFO     | Episode 357 | raw=-99.48 | shaped=-9.48 | avg100_raw=-42.73 | steps=190
2026-04-04 20:33:30 | INFO     | Episode 358 | raw=-104.92 | shaped=-14.92 | avg100_raw=-43.62 | steps=241
2026-04-04 20:33:43 | INFO     | Episode 359 | raw=-22.12 | shaped=-42.12 | avg100_raw=-42.72 | steps=320
2026-04-04 20:34:02 | INFO     | Episode 360 | raw=-29.80 | shaped=-49.80 | avg100_raw=-42.87 | steps=480
2026-04-04 20:34:16 | INFO     | Episode 361 | raw=-23.55 | shaped=-43.55 | avg100_raw=-43.05 | steps=320
2026-04-04 20:34:26 | INFO     | Episode 362 | raw=-14.38 | shaped=-34.38 | avg100_raw=-42.27 | steps=240
2026-04-04 20:34:34 | INFO     | Episode 363 | raw=-10.90 | shaped=-30.90 | avg100_raw=-42.24 | steps=200
2026-04-04 20:34:43 | INFO     | Episode 364 | raw=-105.78 | shaped=-15.78 | avg100_raw=-43.15 | steps=239
2026-04-04 20:34:52 | INFO     | Episode 365 | raw=-10.91 | shaped=-30.91 | avg100_raw=-43.11 | steps=200
2026-04-04 20:35:03 | INFO     | Episode 366 | raw=-22.56 | shaped=-42.56 | avg100_raw=-43.25 | steps=280
2026-04-04 20:35:22 | INFO     | Episode 367 | raw=-102.49 | shaped=-12.49 | avg100_raw=-43.22 | steps=463
2026-04-04 20:35:33 | INFO     | Episode 368 | raw=-19.58 | shaped=-39.58 | avg100_raw=-43.21 | steps=280
2026-04-04 20:35:51 | INFO     | Episode 369 | raw=-24.19 | shaped=-44.19 | avg100_raw=-43.21 | steps=440
2026-04-04 20:36:10 | INFO     | Episode 370 | raw=-27.27 | shaped=-47.27 | avg100_raw=-43.32 | steps=440
2026-04-04 20:36:21 | INFO     | Episode 371 | raw=-107.65 | shaped=-17.65 | avg100_raw=-44.31 | steps=265
2026-04-04 20:36:30 | INFO     | Episode 372 | raw=-16.24 | shaped=-36.24 | avg100_raw=-44.39 | steps=240
2026-04-04 20:36:46 | INFO     | Episode 373 | raw=-26.43 | shaped=-46.43 | avg100_raw=-43.60 | steps=400
2026-04-04 20:36:55 | INFO     | Episode 374 | raw=-102.65 | shaped=-12.65 | avg100_raw=-44.49 | steps=217
2026-04-04 20:37:01 | INFO     | Episode 375 | raw=-7.41 | shaped=-27.41 | avg100_raw=-43.68 | steps=160
2026-04-04 20:37:09 | INFO     | Episode 376 | raw=-98.47 | shaped=-8.47 | avg100_raw=-44.51 | steps=174
2026-04-04 20:37:20 | INFO     | Episode 377 | raw=-21.82 | shaped=-41.82 | avg100_raw=-43.48 | steps=280
2026-04-04 20:37:30 | INFO     | Episode 378 | raw=-105.85 | shaped=-15.85 | avg100_raw=-44.40 | steps=245
2026-04-04 20:37:32 | INFO     | Episode 379 | raw=-125.26 | shaped=-35.26 | avg100_raw=-45.59 | steps=47
2026-04-04 20:37:46 | INFO     | Episode 380 | raw=-27.55 | shaped=-47.55 | avg100_raw=-45.73 | steps=320
2026-04-04 20:38:12 | INFO     | Episode 381 | raw=-49.81 | shaped=-69.81 | avg100_raw=-46.05 | steps=640
2026-04-04 20:38:37 | INFO     | Episode 382 | raw=-42.49 | shaped=-62.49 | avg100_raw=-46.20 | steps=600
2026-04-04 20:38:45 | INFO     | Episode 383 | raw=-102.20 | shaped=-12.20 | avg100_raw=-46.99 | steps=204
2026-04-04 20:39:03 | INFO     | Episode 384 | raw=-26.71 | shaped=-46.71 | avg100_raw=-47.17 | steps=440
2026-04-04 20:39:22 | INFO     | Episode 385 | raw=-101.82 | shaped=-11.82 | avg100_raw=-48.06 | steps=446
2026-04-04 20:39:28 | INFO     | Episode 386 | raw=-14.01 | shaped=-34.01 | avg100_raw=-47.17 | steps=160
2026-04-04 20:39:46 | INFO     | Episode 387 | raw=-28.07 | shaped=-48.07 | avg100_raw=-47.26 | steps=440
2026-04-04 20:40:02 | INFO     | Episode 388 | raw=-106.18 | shaped=-16.18 | avg100_raw=-48.17 | steps=381
2026-04-04 20:40:13 | INFO     | Episode 389 | raw=-108.18 | shaped=-18.18 | avg100_raw=-49.05 | steps=287
2026-04-04 20:40:20 | INFO     | Episode 390 | raw=-8.44 | shaped=-28.44 | avg100_raw=-48.16 | steps=160
2026-04-04 20:40:37 | INFO     | Episode 391 | raw=-18.35 | shaped=-38.35 | avg100_raw=-48.22 | steps=400
2026-04-04 20:40:59 | INFO     | Episode 392 | raw=-38.33 | shaped=-58.33 | avg100_raw=-47.53 | steps=560
2026-04-04 20:41:11 | INFO     | Episode 393 | raw=-19.46 | shaped=-39.46 | avg100_raw=-47.63 | steps=280
2026-04-04 20:41:20 | INFO     | Episode 394 | raw=-103.88 | shaped=-13.88 | avg100_raw=-48.55 | steps=225
2026-04-04 20:41:30 | INFO     | Episode 395 | raw=-16.81 | shaped=-36.81 | avg100_raw=-47.71 | steps=240
2026-04-04 20:41:36 | INFO     | Episode 396 | raw=-7.30 | shaped=-27.30 | avg100_raw=-47.65 | steps=160
2026-04-04 20:41:46 | INFO     | Episode 397 | raw=-106.82 | shaped=-16.82 | avg100_raw=-48.60 | steps=253
2026-04-04 20:41:57 | INFO     | Episode 398 | raw=-106.88 | shaped=-16.88 | avg100_raw=-49.57 | steps=252
2026-04-04 20:42:06 | INFO     | Episode 399 | raw=-103.11 | shaped=-13.11 | avg100_raw=-50.44 | steps=227
2026-04-04 20:42:17 | INFO     | Episode 400 | raw=-20.07 | shaped=-40.07 | avg100_raw=-50.53 | steps=280
2026-04-04 20:42:26 | INFO     | Eval @ episode 400 | raw_mean=-48.77 | shaped_mean=-19.27 | ckpt=artifacts\hardcore_port\sac_lstm_h12_seed42_lr0p0004_bs64_fs2_fpm10_a0p05_astall_gw80_cw40_mp0p35_pt2_spm20\checkpoints\ep400.pt
2026-04-04 20:42:26 | INFO     | Novi best_raw checkpoint | -48.77
2026-04-04 20:42:37 | INFO     | Episode 401 | raw=-16.85 | shaped=-36.85 | avg100_raw=-50.56 | steps=280
2026-04-04 20:42:45 | INFO     | Episode 402 | raw=-13.38 | shaped=-33.38 | avg100_raw=-49.65 | steps=200
2026-04-04 20:42:54 | INFO     | Episode 403 | raw=-103.92 | shaped=-13.92 | avg100_raw=-49.56 | steps=216
2026-04-04 20:43:07 | INFO     | Episode 404 | raw=-103.11 | shaped=-13.11 | avg100_raw=-50.42 | steps=311
2026-04-04 20:43:17 | INFO     | Episode 405 | raw=-15.27 | shaped=-35.27 | avg100_raw=-50.46 | steps=240
2026-04-04 20:43:36 | INFO     | Episode 406 | raw=-35.07 | shaped=-55.07 | avg100_raw=-50.68 | steps=480
2026-04-04 20:43:46 | INFO     | Episode 407 | raw=-16.23 | shaped=-36.23 | avg100_raw=-50.74 | steps=240
2026-04-04 20:43:52 | INFO     | Episode 408 | raw=-10.04 | shaped=-30.04 | avg100_raw=-50.57 | steps=160
2026-04-04 20:44:13 | INFO     | Episode 409 | raw=-111.82 | shaped=-21.82 | avg100_raw=-50.65 | steps=507
2026-04-04 20:44:27 | INFO     | Episode 410 | raw=-95.11 | shaped=-5.11 | avg100_raw=-51.47 | steps=349
2026-04-04 20:44:38 | INFO     | Episode 411 | raw=-12.90 | shaped=-32.90 | avg100_raw=-51.44 | steps=240
2026-04-04 20:44:48 | INFO     | Episode 412 | raw=-14.58 | shaped=-34.58 | avg100_raw=-50.53 | steps=240
2026-04-04 20:44:59 | INFO     | Episode 413 | raw=-18.45 | shaped=-38.45 | avg100_raw=-50.63 | steps=280
2026-04-04 20:45:10 | INFO     | Episode 414 | raw=-13.07 | shaped=-33.07 | avg100_raw=-50.66 | steps=280
2026-04-04 20:45:23 | INFO     | Episode 415 | raw=-97.50 | shaped=-7.50 | avg100_raw=-51.46 | steps=319
2026-04-04 20:45:38 | INFO     | Episode 416 | raw=-24.46 | shaped=-44.46 | avg100_raw=-51.59 | steps=360
2026-04-04 20:45:52 | INFO     | Episode 417 | raw=-93.01 | shaped=-3.01 | avg100_raw=-52.26 | steps=335
2026-04-04 20:46:01 | INFO     | Episode 418 | raw=-104.48 | shaped=-14.48 | avg100_raw=-53.08 | steps=213
2026-04-04 20:46:09 | INFO     | Episode 419 | raw=-10.79 | shaped=-30.79 | avg100_raw=-52.25 | steps=200
2026-04-04 20:46:16 | INFO     | Episode 420 | raw=-97.76 | shaped=-7.76 | avg100_raw=-52.25 | steps=165
2026-04-04 20:46:23 | INFO     | Episode 421 | raw=-98.49 | shaped=-8.49 | avg100_raw=-52.23 | steps=173
2026-04-04 20:46:33 | INFO     | Episode 422 | raw=-105.96 | shaped=-15.96 | avg100_raw=-52.31 | steps=243
2026-04-04 20:46:47 | INFO     | Episode 423 | raw=-94.24 | shaped=-4.24 | avg100_raw=-53.05 | steps=352
2026-04-04 20:47:02 | INFO     | Episode 424 | raw=-74.49 | shaped=15.51 | avg100_raw=-52.78 | steps=362
2026-04-04 20:47:10 | INFO     | Episode 425 | raw=-11.67 | shaped=-31.67 | avg100_raw=-51.78 | steps=200
2026-04-04 20:47:24 | INFO     | Episode 426 | raw=-17.17 | shaped=-37.17 | avg100_raw=-51.72 | steps=360
2026-04-04 20:47:35 | INFO     | Episode 427 | raw=-107.07 | shaped=-17.07 | avg100_raw=-52.74 | steps=252
2026-04-04 20:48:07 | INFO     | Episode 428 | raw=-23.83 | shaped=-43.83 | avg100_raw=-52.03 | steps=400
2026-04-04 20:48:27 | INFO     | Episode 429 | raw=-92.77 | shaped=-2.77 | avg100_raw=-51.90 | steps=272
2026-04-04 20:48:50 | INFO     | Episode 430 | raw=-97.70 | shaped=-7.70 | avg100_raw=-52.72 | steps=388
2026-04-04 20:49:09 | INFO     | Episode 431 | raw=-81.12 | shaped=8.88 | avg100_raw=-52.52 | steps=331
2026-04-04 20:49:15 | INFO     | Episode 432 | raw=-92.32 | shaped=-2.32 | avg100_raw=-52.58 | steps=115
2026-04-04 20:49:22 | INFO     | Episode 433 | raw=-97.86 | shaped=-7.86 | avg100_raw=-53.42 | steps=161
2026-04-04 20:49:32 | INFO     | Episode 434 | raw=-12.80 | shaped=-32.80 | avg100_raw=-52.56 | steps=200
2026-04-04 20:49:49 | INFO     | Episode 435 | raw=-15.63 | shaped=-35.63 | avg100_raw=-52.57 | steps=360
2026-04-04 20:49:58 | INFO     | Episode 436 | raw=-98.00 | shaped=-8.00 | avg100_raw=-52.50 | steps=186
2026-04-04 20:50:29 | INFO     | Episode 437 | raw=-107.16 | shaped=-17.16 | avg100_raw=-52.54 | steps=635
2026-04-04 20:50:39 | INFO     | Episode 438 | raw=-8.07 | shaped=-28.07 | avg100_raw=-52.34 | steps=160
2026-04-04 20:50:46 | INFO     | Episode 439 | raw=-92.66 | shaped=-2.66 | avg100_raw=-53.12 | steps=135
2026-04-04 20:50:52 | INFO     | Episode 440 | raw=-94.55 | shaped=-4.55 | avg100_raw=-53.16 | steps=132
2026-04-04 20:51:00 | INFO     | Episode 441 | raw=-98.04 | shaped=-8.04 | avg100_raw=-53.95 | steps=160
2026-04-04 20:51:09 | INFO     | Episode 442 | raw=-12.87 | shaped=-32.87 | avg100_raw=-53.93 | steps=200
2026-04-04 20:51:17 | INFO     | Episode 443 | raw=-12.77 | shaped=-32.77 | avg100_raw=-53.82 | steps=200
2026-04-04 20:51:36 | INFO     | Episode 444 | raw=5.35 | shaped=-14.65 | avg100_raw=-53.56 | steps=440
2026-04-04 20:51:43 | INFO     | Episode 445 | raw=-97.37 | shaped=-7.37 | avg100_raw=-54.37 | steps=174
2026-04-04 20:51:59 | INFO     | Episode 446 | raw=-88.80 | shaped=1.20 | avg100_raw=-55.18 | steps=383
2026-04-04 20:52:08 | INFO     | Episode 447 | raw=-11.16 | shaped=-31.16 | avg100_raw=-55.10 | steps=200
2026-04-04 20:52:23 | INFO     | Episode 448 | raw=-14.41 | shaped=-34.41 | avg100_raw=-55.13 | steps=360
2026-04-04 20:52:35 | INFO     | Episode 449 | raw=-9.62 | shaped=-29.62 | avg100_raw=-55.00 | steps=280
2026-04-04 20:52:42 | INFO     | Episode 450 | raw=-97.66 | shaped=-7.66 | avg100_raw=-55.85 | steps=168
2026-04-04 20:52:53 | INFO     | Episode 451 | raw=-6.44 | shaped=-26.44 | avg100_raw=-55.81 | steps=240
2026-04-04 20:53:01 | INFO     | Episode 452 | raw=-101.25 | shaped=-11.25 | avg100_raw=-55.91 | steps=201
2026-04-04 20:53:09 | INFO     | Episode 453 | raw=-100.10 | shaped=-10.10 | avg100_raw=-55.91 | steps=176
2026-04-04 20:53:21 | INFO     | Episode 454 | raw=-8.44 | shaped=-28.44 | avg100_raw=-55.93 | steps=280
2026-04-04 20:53:31 | INFO     | Episode 455 | raw=-107.60 | shaped=-17.60 | avg100_raw=-56.00 | steps=228
2026-04-04 20:53:44 | INFO     | Episode 456 | raw=-10.66 | shaped=-30.66 | avg100_raw=-55.89 | steps=280
2026-04-04 20:53:49 | INFO     | Episode 457 | raw=-92.83 | shaped=-2.83 | avg100_raw=-55.83 | steps=108
2026-04-04 20:53:57 | INFO     | Episode 458 | raw=-99.87 | shaped=-9.87 | avg100_raw=-55.78 | steps=178
2026-04-04 20:54:09 | INFO     | Episode 459 | raw=-8.26 | shaped=-28.26 | avg100_raw=-55.64 | steps=280
2026-04-04 20:54:15 | INFO     | Episode 460 | raw=-96.78 | shaped=-6.78 | avg100_raw=-56.31 | steps=157
2026-04-04 20:54:22 | INFO     | Episode 461 | raw=-7.69 | shaped=-27.69 | avg100_raw=-56.15 | steps=160
2026-04-04 20:54:44 | INFO     | Episode 462 | raw=-113.35 | shaped=-23.35 | avg100_raw=-57.14 | steps=492
2026-04-04 20:54:58 | INFO     | Episode 463 | raw=-25.04 | shaped=-45.04 | avg100_raw=-57.28 | steps=320
2026-04-04 20:55:06 | INFO     | Episode 464 | raw=-10.93 | shaped=-30.93 | avg100_raw=-56.33 | steps=160
2026-04-04 20:55:26 | INFO     | Episode 465 | raw=-13.24 | shaped=-33.24 | avg100_raw=-56.36 | steps=320
2026-04-04 20:55:34 | INFO     | Episode 466 | raw=-7.61 | shaped=-27.61 | avg100_raw=-56.21 | steps=160
2026-04-04 20:55:44 | INFO     | Episode 467 | raw=-107.84 | shaped=-17.84 | avg100_raw=-56.26 | steps=237
2026-04-04 20:55:58 | INFO     | Episode 468 | raw=-14.89 | shaped=-34.89 | avg100_raw=-56.21 | steps=320
2026-04-04 20:56:30 | INFO     | Episode 469 | raw=-81.36 | shaped=8.64 | avg100_raw=-56.78 | steps=732
2026-04-04 20:56:37 | INFO     | Episode 470 | raw=-92.78 | shaped=-2.78 | avg100_raw=-57.44 | steps=121
2026-04-04 20:56:46 | INFO     | Episode 471 | raw=-8.02 | shaped=-28.02 | avg100_raw=-56.44 | steps=160
2026-04-04 20:57:05 | INFO     | Episode 472 | raw=-68.17 | shaped=21.83 | avg100_raw=-56.96 | steps=364
2026-04-04 20:57:09 | INFO     | Episode 473 | raw=-92.69 | shaped=-2.69 | avg100_raw=-57.63 | steps=111
2026-04-04 20:57:20 | INFO     | Episode 474 | raw=-84.85 | shaped=5.15 | avg100_raw=-57.45 | steps=252
2026-04-04 20:57:27 | INFO     | Episode 475 | raw=-8.80 | shaped=-28.80 | avg100_raw=-57.46 | steps=160
2026-04-04 20:57:40 | INFO     | Episode 476 | raw=-98.43 | shaped=-8.43 | avg100_raw=-57.46 | steps=175
2026-04-04 20:57:46 | INFO     | Episode 477 | raw=-7.32 | shaped=-27.32 | avg100_raw=-57.32 | steps=160
2026-04-04 20:57:56 | INFO     | Episode 478 | raw=-17.50 | shaped=-37.50 | avg100_raw=-56.43 | steps=240
2026-04-04 20:58:03 | INFO     | Episode 479 | raw=-7.15 | shaped=-27.15 | avg100_raw=-55.25 | steps=160
2026-04-04 20:58:10 | INFO     | Episode 480 | raw=-95.17 | shaped=-5.17 | avg100_raw=-55.93 | steps=146
2026-04-04 20:58:21 | INFO     | Episode 481 | raw=-6.35 | shaped=-26.35 | avg100_raw=-55.49 | steps=280
2026-04-04 20:58:28 | INFO     | Episode 482 | raw=-7.97 | shaped=-27.97 | avg100_raw=-55.15 | steps=160
2026-04-04 20:58:36 | INFO     | Episode 483 | raw=-0.94 | shaped=-20.94 | avg100_raw=-54.13 | steps=200
2026-04-04 20:58:40 | INFO     | Episode 484 | raw=-89.90 | shaped=0.10 | avg100_raw=-54.77 | steps=99
2026-04-04 20:58:52 | INFO     | Episode 485 | raw=-83.01 | shaped=6.99 | avg100_raw=-54.58 | steps=302
2026-04-04 20:59:04 | INFO     | Episode 486 | raw=-73.12 | shaped=16.88 | avg100_raw=-55.17 | steps=289
2026-04-04 20:59:11 | INFO     | Episode 487 | raw=-96.42 | shaped=-6.42 | avg100_raw=-55.85 | steps=164
2026-04-04 20:59:22 | INFO     | Episode 488 | raw=-15.86 | shaped=-35.86 | avg100_raw=-54.95 | steps=240
2026-04-04 20:59:50 | INFO     | Episode 489 | raw=-3.24 | shaped=-23.24 | avg100_raw=-53.90 | steps=680
2026-04-04 20:59:57 | INFO     | Episode 490 | raw=-94.61 | shaped=-4.61 | avg100_raw=-54.76 | steps=156
2026-04-04 21:00:03 | INFO     | Episode 491 | raw=-7.54 | shaped=-27.54 | avg100_raw=-54.65 | steps=160
2026-04-04 21:00:17 | INFO     | Episode 492 | raw=-11.98 | shaped=-31.98 | avg100_raw=-54.39 | steps=320
2026-04-04 21:00:41 | INFO     | Episode 493 | raw=-35.27 | shaped=-55.27 | avg100_raw=-54.55 | steps=560
2026-04-04 21:00:47 | INFO     | Episode 494 | raw=-95.15 | shaped=-5.15 | avg100_raw=-54.46 | steps=148
2026-04-04 21:00:54 | INFO     | Episode 495 | raw=3.34 | shaped=-16.66 | avg100_raw=-54.26 | steps=160
2026-04-04 21:01:12 | INFO     | Episode 496 | raw=-22.42 | shaped=-42.42 | avg100_raw=-54.41 | steps=400
2026-04-04 21:01:21 | INFO     | Episode 497 | raw=-6.24 | shaped=-26.24 | avg100_raw=-53.41 | steps=200
2026-04-04 21:01:28 | INFO     | Episode 498 | raw=-11.18 | shaped=-31.18 | avg100_raw=-52.45 | steps=160
2026-04-04 21:01:35 | INFO     | Episode 499 | raw=-8.14 | shaped=-28.14 | avg100_raw=-51.50 | steps=160
2026-04-04 21:01:51 | INFO     | Episode 500 | raw=-8.46 | shaped=-28.46 | avg100_raw=-51.38 | steps=360
2026-04-04 21:01:59 | INFO     | Episode 501 | raw=-101.28 | shaped=-11.28 | avg100_raw=-52.23 | steps=195
2026-04-04 21:02:10 | INFO     | Episode 502 | raw=-8.64 | shaped=-28.64 | avg100_raw=-52.18 | steps=240
2026-04-04 21:02:16 | INFO     | Episode 503 | raw=-7.89 | shaped=-27.89 | avg100_raw=-51.22 | steps=160
2026-04-04 21:02:23 | INFO     | Episode 504 | raw=-8.94 | shaped=-28.94 | avg100_raw=-50.28 | steps=160
2026-04-04 21:02:30 | INFO     | Episode 505 | raw=-97.61 | shaped=-7.61 | avg100_raw=-51.10 | steps=169
2026-04-04 21:02:38 | INFO     | Episode 506 | raw=-8.88 | shaped=-28.88 | avg100_raw=-50.84 | steps=160
2026-04-04 21:02:46 | INFO     | Episode 507 | raw=-10.94 | shaped=-30.94 | avg100_raw=-50.79 | steps=200
2026-04-04 21:02:58 | INFO     | Episode 508 | raw=-6.68 | shaped=-26.68 | avg100_raw=-50.75 | steps=280
2026-04-04 21:03:04 | INFO     | Episode 509 | raw=-8.56 | shaped=-28.56 | avg100_raw=-49.72 | steps=160
2026-04-04 21:03:25 | INFO     | Episode 510 | raw=-86.22 | shaped=3.78 | avg100_raw=-49.63 | steps=511
2026-04-04 21:03:33 | INFO     | Episode 511 | raw=-13.62 | shaped=-33.62 | avg100_raw=-49.64 | steps=200
2026-04-04 21:03:39 | INFO     | Episode 512 | raw=-95.33 | shaped=-5.33 | avg100_raw=-50.45 | steps=134
2026-04-04 21:03:49 | INFO     | Episode 513 | raw=-106.22 | shaped=-16.22 | avg100_raw=-51.32 | steps=240
2026-04-04 21:03:55 | INFO     | Episode 514 | raw=-8.19 | shaped=-28.19 | avg100_raw=-51.27 | steps=160
2026-04-04 21:04:00 | INFO     | Episode 515 | raw=-92.29 | shaped=-2.29 | avg100_raw=-51.22 | steps=114
2026-04-04 21:04:06 | INFO     | Episode 516 | raw=-94.19 | shaped=-4.19 | avg100_raw=-51.92 | steps=148
2026-04-04 21:04:23 | INFO     | Episode 517 | raw=-90.02 | shaped=-0.02 | avg100_raw=-51.89 | steps=404
2026-04-04 21:04:28 | INFO     | Episode 518 | raw=-92.96 | shaped=-2.96 | avg100_raw=-51.77 | steps=114
2026-04-04 21:04:36 | INFO     | Episode 519 | raw=-83.38 | shaped=6.62 | avg100_raw=-52.50 | steps=207
2026-04-04 21:04:42 | INFO     | Episode 520 | raw=-92.59 | shaped=-2.59 | avg100_raw=-52.45 | steps=121
2026-04-04 21:04:50 | INFO     | Episode 521 | raw=-84.49 | shaped=5.51 | avg100_raw=-52.31 | steps=172
2026-04-04 21:05:00 | INFO     | Episode 522 | raw=-18.47 | shaped=-38.47 | avg100_raw=-51.43 | steps=240
2026-04-04 21:05:09 | INFO     | Episode 523 | raw=-7.51 | shaped=-27.51 | avg100_raw=-50.57 | steps=200
2026-04-04 21:05:17 | INFO     | Episode 524 | raw=-7.06 | shaped=-27.06 | avg100_raw=-49.89 | steps=200
2026-04-04 21:05:25 | INFO     | Episode 525 | raw=-101.26 | shaped=-11.26 | avg100_raw=-50.79 | steps=187
2026-04-04 21:05:35 | INFO     | Episode 526 | raw=-10.87 | shaped=-30.87 | avg100_raw=-50.73 | steps=240
2026-04-04 21:05:42 | INFO     | Episode 527 | raw=-100.34 | shaped=-10.34 | avg100_raw=-50.66 | steps=177
2026-04-04 21:05:49 | INFO     | Episode 528 | raw=-99.78 | shaped=-9.78 | avg100_raw=-51.42 | steps=174
2026-04-04 21:05:56 | INFO     | Episode 529 | raw=-97.60 | shaped=-7.60 | avg100_raw=-51.47 | steps=163
2026-04-04 21:06:02 | INFO     | Episode 530 | raw=-96.04 | shaped=-6.04 | avg100_raw=-51.45 | steps=152
2026-04-04 21:06:12 | INFO     | Episode 531 | raw=-90.50 | shaped=-0.50 | avg100_raw=-51.54 | steps=223
2026-04-04 21:06:18 | INFO     | Episode 532 | raw=-10.29 | shaped=-30.29 | avg100_raw=-50.72 | steps=160
2026-04-04 21:06:32 | INFO     | Episode 533 | raw=-13.45 | shaped=-33.45 | avg100_raw=-49.88 | steps=320
2026-04-04 21:06:38 | INFO     | Episode 534 | raw=-9.71 | shaped=-29.71 | avg100_raw=-49.85 | steps=160
2026-04-04 21:06:44 | INFO     | Episode 535 | raw=-93.41 | shaped=-3.41 | avg100_raw=-50.63 | steps=121
2026-04-04 21:06:53 | INFO     | Episode 536 | raw=-72.13 | shaped=17.87 | avg100_raw=-50.37 | steps=218
2026-04-04 21:07:05 | INFO     | Episode 537 | raw=-73.76 | shaped=16.24 | avg100_raw=-50.03 | steps=291
2026-04-04 21:07:07 | INFO     | Episode 538 | raw=-94.99 | shaped=-4.99 | avg100_raw=-50.90 | steps=49
2026-04-04 21:07:15 | INFO     | Episode 539 | raw=-2.10 | shaped=-22.10 | avg100_raw=-50.00 | steps=200
2026-04-04 21:07:25 | INFO     | Episode 540 | raw=-81.78 | shaped=8.22 | avg100_raw=-49.87 | steps=247
2026-04-04 21:07:38 | INFO     | Episode 541 | raw=-18.16 | shaped=-38.16 | avg100_raw=-49.07 | steps=320
2026-04-04 21:07:45 | INFO     | Episode 542 | raw=-8.01 | shaped=-28.01 | avg100_raw=-49.02 | steps=160
2026-04-04 21:07:53 | INFO     | Episode 543 | raw=-105.16 | shaped=-15.16 | avg100_raw=-49.95 | steps=205
2026-04-04 21:08:00 | INFO     | Episode 544 | raw=-8.33 | shaped=-28.33 | avg100_raw=-50.08 | steps=160
2026-04-04 21:08:06 | INFO     | Episode 545 | raw=-9.72 | shaped=-29.72 | avg100_raw=-49.21 | steps=160
2026-04-04 21:08:16 | INFO     | Episode 546 | raw=-4.96 | shaped=-24.96 | avg100_raw=-48.37 | steps=240
2026-04-04 21:08:22 | INFO     | Episode 547 | raw=-96.07 | shaped=-6.07 | avg100_raw=-49.22 | steps=149
2026-04-04 21:08:36 | INFO     | Episode 548 | raw=-91.67 | shaped=-1.67 | avg100_raw=-49.99 | steps=320
2026-04-04 21:08:44 | INFO     | Episode 549 | raw=-110.75 | shaped=-20.75 | avg100_raw=-51.00 | steps=212
2026-04-04 21:08:51 | INFO     | Episode 550 | raw=-7.85 | shaped=-27.85 | avg100_raw=-50.10 | steps=160
2026-04-04 21:08:58 | INFO     | Episode 551 | raw=-7.44 | shaped=-27.44 | avg100_raw=-50.11 | steps=160
2026-04-04 21:09:03 | INFO     | Episode 552 | raw=-95.65 | shaped=-5.65 | avg100_raw=-50.06 | steps=136
2026-04-04 21:09:12 | INFO     | Episode 553 | raw=-1.26 | shaped=-21.26 | avg100_raw=-49.07 | steps=200
2026-04-04 21:09:19 | INFO     | Episode 554 | raw=-2.38 | shaped=-22.38 | avg100_raw=-49.01 | steps=160
2026-04-04 21:09:32 | INFO     | Episode 555 | raw=-67.82 | shaped=22.18 | avg100_raw=-48.61 | steps=327
2026-04-04 21:09:34 | INFO     | Episode 556 | raw=-104.32 | shaped=-14.32 | avg100_raw=-49.55 | steps=51
2026-04-04 21:09:43 | INFO     | Episode 557 | raw=-103.57 | shaped=-13.57 | avg100_raw=-49.65 | steps=215
2026-04-04 21:09:48 | INFO     | Episode 558 | raw=-90.94 | shaped=-0.94 | avg100_raw=-49.56 | steps=109
2026-04-04 21:09:55 | INFO     | Episode 559 | raw=-8.02 | shaped=-28.02 | avg100_raw=-49.56 | steps=160
2026-04-04 21:09:58 | INFO     | Episode 560 | raw=-89.11 | shaped=0.89 | avg100_raw=-49.48 | steps=84
2026-04-04 21:10:06 | INFO     | Episode 561 | raw=-12.48 | shaped=-32.48 | avg100_raw=-49.53 | steps=200
2026-04-04 21:10:18 | INFO     | Episode 562 | raw=-10.79 | shaped=-30.79 | avg100_raw=-48.51 | steps=280
2026-04-04 21:10:27 | INFO     | Episode 563 | raw=-91.30 | shaped=-1.30 | avg100_raw=-49.17 | steps=201
2026-04-04 21:10:38 | INFO     | Episode 564 | raw=-8.28 | shaped=-28.28 | avg100_raw=-49.14 | steps=240
2026-04-04 21:10:43 | INFO     | Episode 565 | raw=-92.81 | shaped=-2.81 | avg100_raw=-49.94 | steps=116
2026-04-04 21:10:55 | INFO     | Episode 566 | raw=-9.23 | shaped=-29.23 | avg100_raw=-49.96 | steps=240
2026-04-04 21:11:09 | INFO     | Episode 567 | raw=-10.76 | shaped=-30.76 | avg100_raw=-48.98 | steps=280
2026-04-04 21:11:16 | INFO     | Episode 568 | raw=-99.13 | shaped=-9.13 | avg100_raw=-49.83 | steps=184
2026-04-04 21:11:32 | INFO     | Episode 569 | raw=-79.83 | shaped=10.17 | avg100_raw=-49.81 | steps=380
2026-04-04 21:11:38 | INFO     | Episode 570 | raw=-93.65 | shaped=-3.65 | avg100_raw=-49.82 | steps=150
2026-04-04 21:11:47 | INFO     | Episode 571 | raw=-13.46 | shaped=-33.46 | avg100_raw=-49.87 | steps=200
2026-04-04 21:11:53 | INFO     | Episode 572 | raw=-94.43 | shaped=-4.43 | avg100_raw=-50.14 | steps=141
2026-04-04 21:12:06 | INFO     | Episode 573 | raw=-12.79 | shaped=-32.79 | avg100_raw=-49.34 | steps=320
2026-04-04 21:12:16 | INFO     | Episode 574 | raw=-3.15 | shaped=-23.15 | avg100_raw=-48.52 | steps=240
2026-04-04 21:12:34 | INFO     | Episode 575 | raw=-23.26 | shaped=-43.26 | avg100_raw=-48.67 | steps=440
2026-04-04 21:12:55 | INFO     | Episode 576 | raw=-21.17 | shaped=-41.17 | avg100_raw=-47.89 | steps=520
2026-04-04 21:13:02 | INFO     | Episode 577 | raw=-1.52 | shaped=-21.52 | avg100_raw=-47.84 | steps=160
2026-04-04 21:13:09 | INFO     | Episode 578 | raw=-8.76 | shaped=-28.76 | avg100_raw=-47.75 | steps=160
2026-04-04 21:13:16 | INFO     | Episode 579 | raw=-98.41 | shaped=-8.41 | avg100_raw=-48.66 | steps=171
2026-04-04 21:13:23 | INFO     | Episode 580 | raw=-75.00 | shaped=15.00 | avg100_raw=-48.46 | steps=162
2026-04-04 21:13:30 | INFO     | Episode 581 | raw=-6.70 | shaped=-26.70 | avg100_raw=-48.46 | steps=160
2026-04-04 21:13:42 | INFO     | Episode 582 | raw=-11.73 | shaped=-31.73 | avg100_raw=-48.50 | steps=200
2026-04-04 21:13:54 | INFO     | Episode 583 | raw=-7.42 | shaped=-27.42 | avg100_raw=-48.56 | steps=160
2026-04-04 21:14:36 | INFO     | Episode 584 | raw=-29.02 | shaped=-49.02 | avg100_raw=-47.96 | steps=480
2026-04-04 21:14:53 | INFO     | Episode 585 | raw=-4.71 | shaped=-24.71 | avg100_raw=-47.17 | steps=200
2026-04-04 21:15:20 | INFO     | Episode 586 | raw=-8.07 | shaped=-28.07 | avg100_raw=-46.52 | steps=280
2026-04-04 21:15:37 | INFO     | Episode 587 | raw=-95.84 | shaped=-5.84 | avg100_raw=-46.52 | steps=146
2026-04-04 21:15:53 | INFO     | Episode 588 | raw=-93.79 | shaped=-3.79 | avg100_raw=-47.30 | steps=131
2026-04-04 21:15:55 | INFO     | Episode 589 | raw=-100.97 | shaped=-10.97 | avg100_raw=-48.27 | steps=29
2026-04-04 21:16:03 | INFO     | Episode 590 | raw=-93.00 | shaped=-3.00 | avg100_raw=-48.26 | steps=149
2026-04-04 21:16:17 | INFO     | Episode 591 | raw=-10.81 | shaped=-30.81 | avg100_raw=-48.29 | steps=200
2026-04-04 21:16:26 | INFO     | Episode 592 | raw=-5.96 | shaped=-25.96 | avg100_raw=-48.23 | steps=160
2026-04-04 21:16:33 | INFO     | Episode 593 | raw=-95.35 | shaped=-5.35 | avg100_raw=-48.83 | steps=143
2026-04-04 21:16:40 | INFO     | Episode 594 | raw=-93.66 | shaped=-3.66 | avg100_raw=-48.82 | steps=133
2026-04-04 21:17:07 | INFO     | Episode 595 | raw=-91.54 | shaped=-1.54 | avg100_raw=-49.76 | steps=451
2026-04-04 21:17:28 | INFO     | Episode 596 | raw=-78.25 | shaped=11.75 | avg100_raw=-50.32 | steps=425
2026-04-04 21:17:36 | INFO     | Episode 597 | raw=-7.72 | shaped=-27.72 | avg100_raw=-50.34 | steps=160
2026-04-04 21:17:57 | INFO     | Episode 598 | raw=-123.74 | shaped=-33.74 | avg100_raw=-51.46 | steps=356
2026-04-04 21:18:17 | INFO     | Episode 599 | raw=-17.79 | shaped=-37.79 | avg100_raw=-51.56 | steps=360
2026-04-04 21:18:33 | INFO     | Episode 600 | raw=-11.06 | shaped=-31.06 | avg100_raw=-51.59 | steps=200
2026-04-04 21:18:58 | INFO     | Eval @ episode 600 | raw_mean=-38.50 | shaped_mean=-14.50 | ckpt=artifacts\hardcore_port\sac_lstm_h12_seed42_lr0p0004_bs64_fs2_fpm10_a0p05_astall_gw80_cw40_mp0p35_pt2_spm20\checkpoints\ep600.pt
2026-04-04 21:18:58 | INFO     | Novi best_raw checkpoint | -38.50
2026-04-04 21:19:27 | INFO     | Episode 601 | raw=-20.89 | shaped=-40.89 | avg100_raw=-50.78 | steps=320
2026-04-04 21:19:42 | INFO     | Episode 602 | raw=-7.88 | shaped=-27.88 | avg100_raw=-50.77 | steps=160
2026-04-04 21:20:13 | INFO     | Episode 603 | raw=5.52 | shaped=-14.48 | avg100_raw=-50.64 | steps=480
2026-04-04 21:20:43 | INFO     | Episode 604 | raw=-2.89 | shaped=-22.89 | avg100_raw=-50.58 | steps=320
2026-04-04 21:21:26 | INFO     | Episode 605 | raw=-12.19 | shaped=-32.19 | avg100_raw=-49.72 | steps=520
2026-04-04 21:21:54 | INFO     | Episode 606 | raw=-5.23 | shaped=-25.23 | avg100_raw=-49.69 | steps=520
2026-04-04 21:22:14 | INFO     | Episode 607 | raw=-4.73 | shaped=-24.73 | avg100_raw=-49.63 | steps=400
2026-04-04 21:22:23 | INFO     | Episode 608 | raw=-98.38 | shaped=-8.38 | avg100_raw=-50.54 | steps=178
2026-04-04 21:22:44 | INFO     | Episode 609 | raw=-27.28 | shaped=-47.28 | avg100_raw=-50.73 | steps=440
2026-04-04 21:22:54 | INFO     | Episode 610 | raw=-10.72 | shaped=-30.72 | avg100_raw=-49.98 | steps=200
2026-04-04 21:23:05 | INFO     | Episode 611 | raw=-100.74 | shaped=-10.74 | avg100_raw=-50.85 | steps=203
2026-04-04 21:23:23 | INFO     | Episode 612 | raw=-20.90 | shaped=-40.90 | avg100_raw=-50.10 | steps=360
2026-04-04 21:23:38 | INFO     | Episode 613 | raw=-16.29 | shaped=-36.29 | avg100_raw=-49.20 | steps=240
2026-04-04 21:24:05 | INFO     | Episode 614 | raw=-8.74 | shaped=-28.74 | avg100_raw=-49.21 | steps=520
2026-04-04 21:24:15 | INFO     | Episode 615 | raw=-7.30 | shaped=-27.30 | avg100_raw=-48.36 | steps=160
2026-04-04 21:24:29 | INFO     | Episode 616 | raw=-103.48 | shaped=-13.48 | avg100_raw=-48.45 | steps=232
2026-04-04 21:24:39 | INFO     | Episode 617 | raw=-11.85 | shaped=-31.85 | avg100_raw=-47.67 | steps=200
2026-04-04 21:24:50 | INFO     | Episode 618 | raw=-11.60 | shaped=-31.60 | avg100_raw=-46.86 | steps=200
2026-04-04 21:25:03 | INFO     | Episode 619 | raw=-10.42 | shaped=-30.42 | avg100_raw=-46.13 | steps=240
2026-04-04 21:25:13 | INFO     | Episode 620 | raw=-12.61 | shaped=-32.61 | avg100_raw=-45.33 | steps=200
2026-04-04 21:25:24 | INFO     | Episode 621 | raw=-11.12 | shaped=-31.12 | avg100_raw=-44.59 | steps=200
2026-04-04 21:25:38 | INFO     | Episode 622 | raw=-15.44 | shaped=-35.44 | avg100_raw=-44.56 | steps=240
2026-04-04 21:25:47 | INFO     | Episode 623 | raw=-99.20 | shaped=-9.20 | avg100_raw=-45.48 | steps=182
2026-04-04 21:25:57 | INFO     | Episode 624 | raw=-12.68 | shaped=-32.68 | avg100_raw=-45.54 | steps=200
2026-04-04 21:26:08 | INFO     | Episode 625 | raw=-99.34 | shaped=-9.34 | avg100_raw=-45.52 | steps=180
2026-04-04 21:26:19 | INFO     | Episode 626 | raw=-11.66 | shaped=-31.66 | avg100_raw=-45.52 | steps=200
2026-04-04 21:26:53 | INFO     | Episode 627 | raw=-37.40 | shaped=-57.40 | avg100_raw=-44.90 | steps=520
2026-04-04 21:27:03 | INFO     | Episode 628 | raw=-7.62 | shaped=-27.62 | avg100_raw=-43.97 | steps=160
2026-04-04 21:27:16 | INFO     | Episode 629 | raw=-17.83 | shaped=-37.83 | avg100_raw=-43.18 | steps=240
2026-04-04 21:27:30 | INFO     | Episode 630 | raw=-12.57 | shaped=-32.57 | avg100_raw=-42.34 | steps=240
2026-04-04 21:27:45 | INFO     | Episode 631 | raw=-14.85 | shaped=-34.85 | avg100_raw=-41.58 | steps=320
2026-04-04 21:27:52 | INFO     | Episode 632 | raw=-94.59 | shaped=-4.59 | avg100_raw=-42.43 | steps=140
2026-04-04 21:28:08 | INFO     | Episode 633 | raw=-14.85 | shaped=-34.85 | avg100_raw=-42.44 | steps=280
2026-04-04 21:28:21 | INFO     | Episode 634 | raw=-13.18 | shaped=-33.18 | avg100_raw=-42.48 | steps=200
2026-04-04 21:28:42 | INFO     | Episode 635 | raw=-15.16 | shaped=-35.16 | avg100_raw=-41.69 | steps=240
2026-04-04 21:29:00 | INFO     | Episode 636 | raw=-12.15 | shaped=-32.15 | avg100_raw=-41.09 | steps=200
2026-04-04 21:29:40 | INFO     | Episode 637 | raw=-21.92 | shaped=-41.92 | avg100_raw=-40.58 | steps=440
